<?xml version="1.0" encoding="UTF-8"?>
<testng-results ignored="0" total="2" passed="1" failed="1" skipped="0">
  <reporter-output>
  </reporter-output>
  <suite started-at="2021-08-05T19:02:02 IST" name="Suite" finished-at="2021-08-05T19:02:28 IST" duration-ms="25299">
    <groups>
    </groups>
    <test started-at="2021-08-05T19:02:02 IST" name="Test" finished-at="2021-08-05T19:02:28 IST" duration-ms="25299">
      <class name="com.tms.tests.StudentEnrollmentPageTest">
        <test-method is-config="true" signature="setUp([Ljava.lang.Object;)[pri:0, instance:com.tms.tests.StudentEnrollmentPageTest@6d763516]" started-at="2021-08-05T19:02:03 IST" name="setUp" finished-at="2021-08-05T19:02:19 IST" duration-ms="15673" status="PASS">
          <params>
            <param index="0">
              <value>
                <![CDATA[[Ljava.lang.Object;@7f4d9395]]>
              </value>
            </param>
          </params>
          <reporter-output>
          </reporter-output>
        </test-method> <!-- setUp -->
        <test-method is-config="true" signature="setUp([Ljava.lang.Object;)[pri:0, instance:com.tms.tests.StudentEnrollmentPageTest@6d763516]" started-at="2021-08-05T19:02:03 IST" name="setUp" finished-at="2021-08-05T19:02:19 IST" duration-ms="15606" status="PASS">
          <params>
            <param index="0">
              <value>
                <![CDATA[[Ljava.lang.Object;@2f19f2aa]]>
              </value>
            </param>
          </params>
          <reporter-output>
          </reporter-output>
        </test-method> <!-- setUp -->
        <test-method signature="ViewPaymentStudentEnrollmentRecordTest(java.util.Map)[pri:0, instance:com.tms.tests.StudentEnrollmentPageTest@6d763516]" started-at="2021-08-05T19:02:19 IST" name="ViewPaymentStudentEnrollmentRecordTest" description="Verify button functionality" finished-at="2021-08-05T19:02:25 IST" duration-ms="6147" status="PASS">
          <params>
            <param index="0">
              <value>
                <![CDATA[{FeesPaid=, Email=, Computer Navigation Skill=, Unit=, Scheduleinfodesc=, linkedIn URL=, reference=, Name3=, password=123456, Billing Address=, Remarks=, Postalcode=, Street=, confirmpassword=, Name2=, Threshold=, Contact Number=, Date Of Birth=, Company Contact Person=, Meal Restrictions Type=, testname=ViewPaymentStudentEnrollmentRecordTest, execute=yes, Experience=, submenu=, newpassword1=, name=, Block=, name1=, Building=, Description=, phonenumber=, EnterText=, Course Brochure Determined=, Company Contact Person Number=, Deadline Date=, browser=firefox, Mobile No=, Email1=, Nric=, Domain Area of Practice=, Room=, Billing Email=, email=, Age=, Floor=, Maxintakesize=, menuname=Student Enrolment, Coursecode=, Company Contact Person Email=, Coursevacdesc=, Scheduleinformation=, Company SME=, TPGateway=, Billing Zip=, Minintakesize=, Payment Amount=, oldpassword1=, Company Name=, coursecode=, Meal Restrictions=, username=superadmin@mail.com, Scheduleinfo=}]]>
              </value>
            </param>
          </params>
          <reporter-output>
          </reporter-output>
        </test-method> <!-- ViewPaymentStudentEnrollmentRecordTest -->
        <test-method signature="ViewStudentEnrollmentRecordTest(java.util.Map)[pri:0, instance:com.tms.tests.StudentEnrollmentPageTest@6d763516]" started-at="2021-08-05T19:02:19 IST" name="ViewStudentEnrollmentRecordTest" description="Verify button functionality" finished-at="2021-08-05T19:02:25 IST" duration-ms="6061" status="FAIL">
          <params>
            <param index="0">
              <value>
                <![CDATA[{FeesPaid=, Email=, Computer Navigation Skill=, Unit=, Scheduleinfodesc=, linkedIn URL=, reference=, Name3=, password=123456, Billing Address=, Remarks=, Postalcode=, Street=, confirmpassword=, Name2=, Threshold=, Contact Number=, Date Of Birth=, Company Contact Person=, Meal Restrictions Type=, testname=ViewStudentEnrollmentRecordTest, execute=yes, Experience=, submenu=, newpassword1=, name=, Block=, name1=, Building=, Description=, phonenumber=, EnterText=, Course Brochure Determined=, Company Contact Person Number=, Deadline Date=, browser=firefox, Mobile No=, Email1=, Nric=, Domain Area of Practice=, Room=, Billing Email=, email=, Age=, Floor=, Maxintakesize=, menuname=Student Enrolment, Coursecode=, Company Contact Person Email=, Coursevacdesc=, Scheduleinformation=, Company SME=, TPGateway=, Billing Zip=, Minintakesize=, Payment Amount=, oldpassword1=, Company Name=, coursecode=, Meal Restrictions=, username=superadmin@mail.com, Scheduleinfo=}]]>
              </value>
            </param>
          </params>
          <exception class="java.lang.AssertionError">
            <message>
              <![CDATA[expected [Student Enrolment - TMS] but found [Student Enrolment List - TMS]]]>
            </message>
            <full-stacktrace>
              <![CDATA[java.lang.AssertionError: expected [Student Enrolment - TMS] but found [Student Enrolment List - TMS]
at org.testng.Assert.fail(Assert.java:99)
at org.testng.Assert.failNotEquals(Assert.java:1037)
at org.testng.Assert.assertEqualsImpl(Assert.java:140)
at org.testng.Assert.assertEquals(Assert.java:122)
at org.testng.Assert.assertEquals(Assert.java:629)
at org.testng.Assert.assertEquals(Assert.java:639)
at com.tms.tests.StudentEnrollmentPageTest.ViewStudentEnrollmentRecordTest(StudentEnrollmentPageTest.java:129)
at java.base/jdk.internal.reflect.NativeMethodAccessorImpl.invoke0(Native Method)
at java.base/jdk.internal.reflect.NativeMethodAccessorImpl.invoke(NativeMethodAccessorImpl.java:62)
at java.base/jdk.internal.reflect.DelegatingMethodAccessorImpl.invoke(DelegatingMethodAccessorImpl.java:43)
at java.base/java.lang.reflect.Method.invoke(Method.java:567)
at org.testng.internal.MethodInvocationHelper.invokeMethod(MethodInvocationHelper.java:132)
at org.testng.internal.TestInvoker.invokeMethod(TestInvoker.java:599)
at org.testng.internal.TestInvoker.invokeTestMethod(TestInvoker.java:174)
at org.testng.internal.TestMethodWithDataProviderMethodWorker.call(TestMethodWithDataProviderMethodWorker.java:77)
at org.testng.internal.TestMethodWithDataProviderMethodWorker.call(TestMethodWithDataProviderMethodWorker.java:15)
at java.base/java.util.concurrent.FutureTask.run(FutureTask.java:264)
at java.base/java.util.concurrent.Executors$RunnableAdapter.call(Executors.java:515)
at java.base/java.util.concurrent.FutureTask.run(FutureTask.java:264)
at java.base/java.util.concurrent.ThreadPoolExecutor.runWorker(ThreadPoolExecutor.java:1128)
at java.base/java.util.concurrent.ThreadPoolExecutor$Worker.run(ThreadPoolExecutor.java:628)
at java.base/java.lang.Thread.run(Thread.java:830)
]]>
            </full-stacktrace>
          </exception> <!-- java.lang.AssertionError -->
          <reporter-output>
          </reporter-output>
        </test-method> <!-- ViewStudentEnrollmentRecordTest -->
        <test-method is-config="true" signature="tearDown()[pri:0, instance:com.tms.tests.StudentEnrollmentPageTest@6d763516]" started-at="2021-08-05T19:02:25 IST" name="tearDown" finished-at="2021-08-05T19:02:28 IST" duration-ms="2341" status="PASS">
          <reporter-output>
          </reporter-output>
        </test-method> <!-- tearDown -->
        <test-method is-config="true" signature="tearDown()[pri:0, instance:com.tms.tests.StudentEnrollmentPageTest@6d763516]" started-at="2021-08-05T19:02:25 IST" name="tearDown" finished-at="2021-08-05T19:02:28 IST" duration-ms="2175" status="PASS">
          <reporter-output>
          </reporter-output>
        </test-method> <!-- tearDown -->
      </class> <!-- com.tms.tests.StudentEnrollmentPageTest -->
    </test> <!-- Test -->
  </suite> <!-- Suite -->
</testng-results>
