<?xml version="1.0" encoding="UTF-8"?>
<!-- Generated by org.testng.reporters.JUnitReportReporter -->
<testsuite hostname="AndroidPC" failures="0" tests="21" name="com.tms.tests.DashboardPageTest" time="814.435" errors="4" timestamp="2021-07-26T12:43:19 IST" skipped="0">
  <testcase classname="com.tms.tests.DashboardPageTest" name="Menutest" time="38.785"/>
  <system-out/>
  <testcase classname="com.tms.tests.DashboardPageTest" name="Menutest1" time="36.817"/>
  <system-out/>
  <testcase classname="com.tms.tests.DashboardPageTest" name="Menutest2" time="31.763"/>
  <system-out/>
  <testcase classname="com.tms.tests.DashboardPageTest" name="Menutest3" time="38.884"/>
  <system-out/>
  <testcase classname="com.tms.tests.DashboardPageTest" name="Menutest4" time="65.875">
    <error message="Expected condition failed: waiting for element to be clickable: By.xpath: //a[text()=&#039;Course Soft Bookings&#039;] (tried for 10 second(s) with 500 milliseconds interval)
Build info: version: &#039;4.0.0-beta-3&#039;, revision: &#039;5d108f9a67&#039;
System info: host: &#039;ANDROIDPC&#039;, ip: &#039;192.168.110.72&#039;, os.name: &#039;Windows 10&#039;, os.arch: &#039;amd64&#039;, os.version: &#039;10.0&#039;, java.version: &#039;13.0.2&#039;
Driver info: org.openqa.selenium.firefox.FirefoxDriver
Capabilities {acceptInsecureCerts: true, browserName: firefox, browserVersion: 90.0, javascriptEnabled: true, moz:accessibilityChecks: false, moz:buildID: 20210705185941, moz:debuggerAddress: localhost:52598, moz:geckodriverVersion: 0.29.1, moz:headless: false, moz:processID: 14968, moz:profile: C:\Users\2Stallions\AppData..., moz:shutdownTimeout: 60000, moz:useNonSpecCompliantPointerOrigin: false, moz:webdriverClick: true, pageLoadStrategy: normal, platform: WINDOWS, platformName: WINDOWS, platformVersion: 10.0, proxy: Proxy(), se:cdp: ws://localhost:52598/devtoo..., se:cdpVersion: 85, setWindowRect: true, strictFileInteractability: false, timeouts: {implicit: 0, pageLoad: 300000, script: 30000}, unhandledPromptBehavior: dismiss and notify}
Session ID: 8cb12c6e-63d8-4222-9441-6a6981781bd0" type="org.openqa.selenium.TimeoutException">
      <![CDATA[org.openqa.selenium.TimeoutException: Expected condition failed: waiting for element to be clickable: By.xpath: //a[text()='Course Soft Bookings'] (tried for 10 second(s) with 500 milliseconds interval)
Build info: version: '4.0.0-beta-3', revision: '5d108f9a67'
System info: host: 'ANDROIDPC', ip: '192.168.110.72', os.name: 'Windows 10', os.arch: 'amd64', os.version: '10.0', java.version: '13.0.2'
Driver info: org.openqa.selenium.firefox.FirefoxDriver
Capabilities {acceptInsecureCerts: true, browserName: firefox, browserVersion: 90.0, javascriptEnabled: true, moz:accessibilityChecks: false, moz:buildID: 20210705185941, moz:debuggerAddress: localhost:52598, moz:geckodriverVersion: 0.29.1, moz:headless: false, moz:processID: 14968, moz:profile: C:\Users\2Stallions\AppData..., moz:shutdownTimeout: 60000, moz:useNonSpecCompliantPointerOrigin: false, moz:webdriverClick: true, pageLoadStrategy: normal, platform: WINDOWS, platformName: WINDOWS, platformVersion: 10.0, proxy: Proxy(), se:cdp: ws://localhost:52598/devtoo..., se:cdpVersion: 85, setWindowRect: true, strictFileInteractability: false, timeouts: {implicit: 0, pageLoad: 300000, script: 30000}, unhandledPromptBehavior: dismiss and notify}
Session ID: 8cb12c6e-63d8-4222-9441-6a6981781bd0
at org.openqa.selenium.support.ui.WebDriverWait.timeoutException(WebDriverWait.java:138)
at org.openqa.selenium.support.ui.FluentWait.until(FluentWait.java:231)
at com.tms.factories.ExplicitWaitFactory.performExplicitWait(ExplicitWaitFactory.java:24)
at com.tms.pages.BasePage.click(BasePage.java:21)
at com.tms.pages.DashboardPage.clickonMenu(DashboardPage.java:22)
at com.tms.tests.DashboardPageTest.Menutest4(DashboardPageTest.java:67)
at java.base/jdk.internal.reflect.NativeMethodAccessorImpl.invoke0(Native Method)
at java.base/jdk.internal.reflect.NativeMethodAccessorImpl.invoke(NativeMethodAccessorImpl.java:62)
at java.base/jdk.internal.reflect.DelegatingMethodAccessorImpl.invoke(DelegatingMethodAccessorImpl.java:43)
at java.base/java.lang.reflect.Method.invoke(Method.java:567)
at org.testng.internal.MethodInvocationHelper.invokeMethod(MethodInvocationHelper.java:132)
at org.testng.internal.TestInvoker.invokeMethod(TestInvoker.java:599)
at org.testng.internal.TestInvoker.invokeTestMethod(TestInvoker.java:174)
at org.testng.internal.TestMethodWithDataProviderMethodWorker.call(TestMethodWithDataProviderMethodWorker.java:77)
at org.testng.internal.TestMethodWithDataProviderMethodWorker.call(TestMethodWithDataProviderMethodWorker.java:15)
at java.base/java.util.concurrent.FutureTask.run(FutureTask.java:264)
at java.base/java.util.concurrent.Executors$RunnableAdapter.call(Executors.java:515)
at java.base/java.util.concurrent.FutureTask.run(FutureTask.java:264)
at java.base/java.util.concurrent.ThreadPoolExecutor.runWorker(ThreadPoolExecutor.java:1128)
at java.base/java.util.concurrent.ThreadPoolExecutor$Worker.run(ThreadPoolExecutor.java:628)
at java.base/java.lang.Thread.run(Thread.java:830)
]]>
    </error>
  </testcase> <!-- Menutest4 -->
  <system-out/>
  <testcase classname="com.tms.tests.DashboardPageTest" name="Menutest5" time="21.668"/>
  <system-out/>
  <testcase classname="com.tms.tests.DashboardPageTest" name="SubMenutest" time="24.870"/>
  <system-out/>
  <testcase classname="com.tms.tests.DashboardPageTest" name="SubMenutest1" time="32.602"/>
  <system-out/>
  <testcase classname="com.tms.tests.DashboardPageTest" name="SubMenutest2" time="41.514">
    <error message="Expected condition failed: waiting for element to be clickable: By.xpath: //ul[@class=&#039;nav metismenu in mm-show&#039;]//i//following-sibling::span[text()=&#039;Course&#039;]/ancestor::a/following-sibling::ul/li/a[text()=&#039;Course List&#039;] (tried for 10 second(s) with 500 milliseconds interval)
Build info: version: &#039;4.0.0-beta-3&#039;, revision: &#039;5d108f9a67&#039;
System info: host: &#039;ANDROIDPC&#039;, ip: &#039;192.168.110.72&#039;, os.name: &#039;Windows 10&#039;, os.arch: &#039;amd64&#039;, os.version: &#039;10.0&#039;, java.version: &#039;13.0.2&#039;
Driver info: org.openqa.selenium.firefox.FirefoxDriver
Capabilities {acceptInsecureCerts: true, browserName: firefox, browserVersion: 90.0, javascriptEnabled: true, moz:accessibilityChecks: false, moz:buildID: 20210705185941, moz:debuggerAddress: localhost:62142, moz:geckodriverVersion: 0.29.1, moz:headless: false, moz:processID: 15988, moz:profile: C:\Users\2Stallions\AppData..., moz:shutdownTimeout: 60000, moz:useNonSpecCompliantPointerOrigin: false, moz:webdriverClick: true, pageLoadStrategy: normal, platform: WINDOWS, platformName: WINDOWS, platformVersion: 10.0, proxy: Proxy(), se:cdp: ws://localhost:62142/devtoo..., se:cdpVersion: 85, setWindowRect: true, strictFileInteractability: false, timeouts: {implicit: 0, pageLoad: 300000, script: 30000}, unhandledPromptBehavior: dismiss and notify}
Session ID: fc74035c-4485-472f-bc4c-dfd41c0a86e3" type="org.openqa.selenium.TimeoutException">
      <![CDATA[org.openqa.selenium.TimeoutException: Expected condition failed: waiting for element to be clickable: By.xpath: //ul[@class='nav metismenu in mm-show']//i//following-sibling::span[text()='Course']/ancestor::a/following-sibling::ul/li/a[text()='Course List'] (tried for 10 second(s) with 500 milliseconds interval)
Build info: version: '4.0.0-beta-3', revision: '5d108f9a67'
System info: host: 'ANDROIDPC', ip: '192.168.110.72', os.name: 'Windows 10', os.arch: 'amd64', os.version: '10.0', java.version: '13.0.2'
Driver info: org.openqa.selenium.firefox.FirefoxDriver
Capabilities {acceptInsecureCerts: true, browserName: firefox, browserVersion: 90.0, javascriptEnabled: true, moz:accessibilityChecks: false, moz:buildID: 20210705185941, moz:debuggerAddress: localhost:62142, moz:geckodriverVersion: 0.29.1, moz:headless: false, moz:processID: 15988, moz:profile: C:\Users\2Stallions\AppData..., moz:shutdownTimeout: 60000, moz:useNonSpecCompliantPointerOrigin: false, moz:webdriverClick: true, pageLoadStrategy: normal, platform: WINDOWS, platformName: WINDOWS, platformVersion: 10.0, proxy: Proxy(), se:cdp: ws://localhost:62142/devtoo..., se:cdpVersion: 85, setWindowRect: true, strictFileInteractability: false, timeouts: {implicit: 0, pageLoad: 300000, script: 30000}, unhandledPromptBehavior: dismiss and notify}
Session ID: fc74035c-4485-472f-bc4c-dfd41c0a86e3
at org.openqa.selenium.support.ui.WebDriverWait.timeoutException(WebDriverWait.java:138)
at org.openqa.selenium.support.ui.FluentWait.until(FluentWait.java:231)
at com.tms.factories.ExplicitWaitFactory.performExplicitWait(ExplicitWaitFactory.java:24)
at com.tms.pages.BasePage.click(BasePage.java:21)
at com.tms.pages.DashboardPage.clickonSubMenu(DashboardPage.java:30)
at com.tms.tests.DashboardPageTest.SubMenutest2(DashboardPageTest.java:114)
at java.base/jdk.internal.reflect.NativeMethodAccessorImpl.invoke0(Native Method)
at java.base/jdk.internal.reflect.NativeMethodAccessorImpl.invoke(NativeMethodAccessorImpl.java:62)
at java.base/jdk.internal.reflect.DelegatingMethodAccessorImpl.invoke(DelegatingMethodAccessorImpl.java:43)
at java.base/java.lang.reflect.Method.invoke(Method.java:567)
at org.testng.internal.MethodInvocationHelper.invokeMethod(MethodInvocationHelper.java:132)
at org.testng.internal.TestInvoker.invokeMethod(TestInvoker.java:599)
at org.testng.internal.TestInvoker.invokeTestMethod(TestInvoker.java:174)
at org.testng.internal.TestMethodWithDataProviderMethodWorker.call(TestMethodWithDataProviderMethodWorker.java:77)
at org.testng.internal.TestMethodWithDataProviderMethodWorker.call(TestMethodWithDataProviderMethodWorker.java:15)
at java.base/java.util.concurrent.FutureTask.run(FutureTask.java:264)
at java.base/java.util.concurrent.Executors$RunnableAdapter.call(Executors.java:515)
at java.base/java.util.concurrent.FutureTask.run(FutureTask.java:264)
at java.base/java.util.concurrent.ThreadPoolExecutor.runWorker(ThreadPoolExecutor.java:1128)
at java.base/java.util.concurrent.ThreadPoolExecutor$Worker.run(ThreadPoolExecutor.java:628)
at java.base/java.lang.Thread.run(Thread.java:830)
]]>
    </error>
  </testcase> <!-- SubMenutest2 -->
  <system-out/>
  <testcase classname="com.tms.tests.DashboardPageTest" name="SubMenutest3" time="47.062">
    <error message="Expected condition failed: waiting for element to be clickable: By.xpath: //ul[@class=&#039;nav metismenu in mm-show&#039;]//i//following-sibling::span[text()=&#039;Settings&#039;]/ancestor::a/following-sibling::ul/li/a[text()=&#039;Staff Permissions&#039;] (tried for 10 second(s) with 500 milliseconds interval)
Build info: version: &#039;4.0.0-beta-3&#039;, revision: &#039;5d108f9a67&#039;
System info: host: &#039;ANDROIDPC&#039;, ip: &#039;192.168.110.72&#039;, os.name: &#039;Windows 10&#039;, os.arch: &#039;amd64&#039;, os.version: &#039;10.0&#039;, java.version: &#039;13.0.2&#039;
Driver info: org.openqa.selenium.firefox.FirefoxDriver
Capabilities {acceptInsecureCerts: true, browserName: firefox, browserVersion: 90.0, javascriptEnabled: true, moz:accessibilityChecks: false, moz:buildID: 20210705185941, moz:debuggerAddress: localhost:62157, moz:geckodriverVersion: 0.29.1, moz:headless: false, moz:processID: 17052, moz:profile: C:\Users\2Stallions\AppData..., moz:shutdownTimeout: 60000, moz:useNonSpecCompliantPointerOrigin: false, moz:webdriverClick: true, pageLoadStrategy: normal, platform: WINDOWS, platformName: WINDOWS, platformVersion: 10.0, proxy: Proxy(), se:cdp: ws://localhost:62157/devtoo..., se:cdpVersion: 85, setWindowRect: true, strictFileInteractability: false, timeouts: {implicit: 0, pageLoad: 300000, script: 30000}, unhandledPromptBehavior: dismiss and notify}
Session ID: 9810d024-d5f7-4104-ac71-8a63fa1988ba" type="org.openqa.selenium.TimeoutException">
      <![CDATA[org.openqa.selenium.TimeoutException: Expected condition failed: waiting for element to be clickable: By.xpath: //ul[@class='nav metismenu in mm-show']//i//following-sibling::span[text()='Settings']/ancestor::a/following-sibling::ul/li/a[text()='Staff Permissions'] (tried for 10 second(s) with 500 milliseconds interval)
Build info: version: '4.0.0-beta-3', revision: '5d108f9a67'
System info: host: 'ANDROIDPC', ip: '192.168.110.72', os.name: 'Windows 10', os.arch: 'amd64', os.version: '10.0', java.version: '13.0.2'
Driver info: org.openqa.selenium.firefox.FirefoxDriver
Capabilities {acceptInsecureCerts: true, browserName: firefox, browserVersion: 90.0, javascriptEnabled: true, moz:accessibilityChecks: false, moz:buildID: 20210705185941, moz:debuggerAddress: localhost:62157, moz:geckodriverVersion: 0.29.1, moz:headless: false, moz:processID: 17052, moz:profile: C:\Users\2Stallions\AppData..., moz:shutdownTimeout: 60000, moz:useNonSpecCompliantPointerOrigin: false, moz:webdriverClick: true, pageLoadStrategy: normal, platform: WINDOWS, platformName: WINDOWS, platformVersion: 10.0, proxy: Proxy(), se:cdp: ws://localhost:62157/devtoo..., se:cdpVersion: 85, setWindowRect: true, strictFileInteractability: false, timeouts: {implicit: 0, pageLoad: 300000, script: 30000}, unhandledPromptBehavior: dismiss and notify}
Session ID: 9810d024-d5f7-4104-ac71-8a63fa1988ba
at org.openqa.selenium.support.ui.WebDriverWait.timeoutException(WebDriverWait.java:138)
at org.openqa.selenium.support.ui.FluentWait.until(FluentWait.java:231)
at com.tms.factories.ExplicitWaitFactory.performExplicitWait(ExplicitWaitFactory.java:24)
at com.tms.pages.BasePage.click(BasePage.java:21)
at com.tms.pages.DashboardPage.clickonSubMenu(DashboardPage.java:30)
at com.tms.tests.DashboardPageTest.SubMenutest3(DashboardPageTest.java:126)
at java.base/jdk.internal.reflect.NativeMethodAccessorImpl.invoke0(Native Method)
at java.base/jdk.internal.reflect.NativeMethodAccessorImpl.invoke(NativeMethodAccessorImpl.java:62)
at java.base/jdk.internal.reflect.DelegatingMethodAccessorImpl.invoke(DelegatingMethodAccessorImpl.java:43)
at java.base/java.lang.reflect.Method.invoke(Method.java:567)
at org.testng.internal.MethodInvocationHelper.invokeMethod(MethodInvocationHelper.java:132)
at org.testng.internal.TestInvoker.invokeMethod(TestInvoker.java:599)
at org.testng.internal.TestInvoker.invokeTestMethod(TestInvoker.java:174)
at org.testng.internal.TestMethodWithDataProviderMethodWorker.call(TestMethodWithDataProviderMethodWorker.java:77)
at org.testng.internal.TestMethodWithDataProviderMethodWorker.call(TestMethodWithDataProviderMethodWorker.java:15)
at java.base/java.util.concurrent.FutureTask.run(FutureTask.java:264)
at java.base/java.util.concurrent.Executors$RunnableAdapter.call(Executors.java:515)
at java.base/java.util.concurrent.FutureTask.run(FutureTask.java:264)
at java.base/java.util.concurrent.ThreadPoolExecutor.runWorker(ThreadPoolExecutor.java:1128)
at java.base/java.util.concurrent.ThreadPoolExecutor$Worker.run(ThreadPoolExecutor.java:628)
at java.base/java.lang.Thread.run(Thread.java:830)
]]>
    </error>
  </testcase> <!-- SubMenutest3 -->
  <system-out/>
  <testcase classname="com.tms.tests.DashboardPageTest" name="SubMenutest4" time="54.728">
    <error message="Expected condition failed: waiting for element to be clickable: By.xpath: //ul[@class=&#039;nav metismenu in mm-show&#039;]//i//following-sibling::span[text()=&#039;Settings&#039;]/ancestor::a/following-sibling::ul/li/a[text()=&#039;Xero Connection&#039;] (tried for 10 second(s) with 500 milliseconds interval)
Build info: version: &#039;4.0.0-beta-3&#039;, revision: &#039;5d108f9a67&#039;
System info: host: &#039;ANDROIDPC&#039;, ip: &#039;192.168.110.72&#039;, os.name: &#039;Windows 10&#039;, os.arch: &#039;amd64&#039;, os.version: &#039;10.0&#039;, java.version: &#039;13.0.2&#039;
Driver info: org.openqa.selenium.firefox.FirefoxDriver
Capabilities {acceptInsecureCerts: true, browserName: firefox, browserVersion: 90.0, javascriptEnabled: true, moz:accessibilityChecks: false, moz:buildID: 20210705185941, moz:debuggerAddress: localhost:63999, moz:geckodriverVersion: 0.29.1, moz:headless: false, moz:processID: 9124, moz:profile: C:\Users\2Stallions\AppData..., moz:shutdownTimeout: 60000, moz:useNonSpecCompliantPointerOrigin: false, moz:webdriverClick: true, pageLoadStrategy: normal, platform: WINDOWS, platformName: WINDOWS, platformVersion: 10.0, proxy: Proxy(), se:cdp: ws://localhost:63999/devtoo..., se:cdpVersion: 85, setWindowRect: true, strictFileInteractability: false, timeouts: {implicit: 0, pageLoad: 300000, script: 30000}, unhandledPromptBehavior: dismiss and notify}
Session ID: c13c8d1d-4f75-44e2-8235-c193e1b170f3" type="org.openqa.selenium.TimeoutException">
      <![CDATA[org.openqa.selenium.TimeoutException: Expected condition failed: waiting for element to be clickable: By.xpath: //ul[@class='nav metismenu in mm-show']//i//following-sibling::span[text()='Settings']/ancestor::a/following-sibling::ul/li/a[text()='Xero Connection'] (tried for 10 second(s) with 500 milliseconds interval)
Build info: version: '4.0.0-beta-3', revision: '5d108f9a67'
System info: host: 'ANDROIDPC', ip: '192.168.110.72', os.name: 'Windows 10', os.arch: 'amd64', os.version: '10.0', java.version: '13.0.2'
Driver info: org.openqa.selenium.firefox.FirefoxDriver
Capabilities {acceptInsecureCerts: true, browserName: firefox, browserVersion: 90.0, javascriptEnabled: true, moz:accessibilityChecks: false, moz:buildID: 20210705185941, moz:debuggerAddress: localhost:63999, moz:geckodriverVersion: 0.29.1, moz:headless: false, moz:processID: 9124, moz:profile: C:\Users\2Stallions\AppData..., moz:shutdownTimeout: 60000, moz:useNonSpecCompliantPointerOrigin: false, moz:webdriverClick: true, pageLoadStrategy: normal, platform: WINDOWS, platformName: WINDOWS, platformVersion: 10.0, proxy: Proxy(), se:cdp: ws://localhost:63999/devtoo..., se:cdpVersion: 85, setWindowRect: true, strictFileInteractability: false, timeouts: {implicit: 0, pageLoad: 300000, script: 30000}, unhandledPromptBehavior: dismiss and notify}
Session ID: c13c8d1d-4f75-44e2-8235-c193e1b170f3
at org.openqa.selenium.support.ui.WebDriverWait.timeoutException(WebDriverWait.java:138)
at org.openqa.selenium.support.ui.FluentWait.until(FluentWait.java:231)
at com.tms.factories.ExplicitWaitFactory.performExplicitWait(ExplicitWaitFactory.java:24)
at com.tms.pages.BasePage.click(BasePage.java:21)
at com.tms.pages.DashboardPage.clickonSubMenu(DashboardPage.java:30)
at com.tms.tests.DashboardPageTest.SubMenutest4(DashboardPageTest.java:138)
at java.base/jdk.internal.reflect.NativeMethodAccessorImpl.invoke0(Native Method)
at java.base/jdk.internal.reflect.NativeMethodAccessorImpl.invoke(NativeMethodAccessorImpl.java:62)
at java.base/jdk.internal.reflect.DelegatingMethodAccessorImpl.invoke(DelegatingMethodAccessorImpl.java:43)
at java.base/java.lang.reflect.Method.invoke(Method.java:567)
at org.testng.internal.MethodInvocationHelper.invokeMethod(MethodInvocationHelper.java:132)
at org.testng.internal.TestInvoker.invokeMethod(TestInvoker.java:599)
at org.testng.internal.TestInvoker.invokeTestMethod(TestInvoker.java:174)
at org.testng.internal.TestMethodWithDataProviderMethodWorker.call(TestMethodWithDataProviderMethodWorker.java:77)
at org.testng.internal.TestMethodWithDataProviderMethodWorker.call(TestMethodWithDataProviderMethodWorker.java:15)
at java.base/java.util.concurrent.FutureTask.run(FutureTask.java:264)
at java.base/java.util.concurrent.Executors$RunnableAdapter.call(Executors.java:515)
at java.base/java.util.concurrent.FutureTask.run(FutureTask.java:264)
at java.base/java.util.concurrent.ThreadPoolExecutor.runWorker(ThreadPoolExecutor.java:1128)
at java.base/java.util.concurrent.ThreadPoolExecutor$Worker.run(ThreadPoolExecutor.java:628)
at java.base/java.lang.Thread.run(Thread.java:830)
]]>
    </error>
  </testcase> <!-- SubMenutest4 -->
  <system-out/>
  <testcase classname="com.tms.tests.DashboardPageTest" name="VerifyChangePasswordTest" time="25.258"/>
  <system-out/>
  <testcase classname="com.tms.tests.DashboardPageTest" name="VerifyChangePasswordTest" time="30.816"/>
  <system-out/>
  <testcase classname="com.tms.tests.DashboardPageTest" name="VerifyChangePasswordTest" time="79.576"/>
  <system-out/>
  <testcase classname="com.tms.tests.DashboardPageTest" name="VerifyChangePasswordTest" time="29.428"/>
  <system-out/>
  <testcase classname="com.tms.tests.DashboardPageTest" name="VerifyChangePasswordTest" time="34.115"/>
  <system-out/>
  <testcase classname="com.tms.tests.DashboardPageTest" name="VerifyChangePasswordTest" time="41.654"/>
  <system-out/>
  <testcase classname="com.tms.tests.DashboardPageTest" name="VerifyChangePasswordTest" time="32.779"/>
  <system-out/>
  <testcase classname="com.tms.tests.DashboardPageTest" name="VerifyChangePasswordTest" time="28.858"/>
  <system-out/>
  <testcase classname="com.tms.tests.DashboardPageTest" name="VerifyChangePasswordTest" time="27.547"/>
  <system-out/>
  <testcase classname="com.tms.tests.DashboardPageTest" name="VerifyChangePasswordTest" time="49.836"/>
  <system-out/>
</testsuite> <!-- com.tms.tests.DashboardPageTest -->
