<?xml version="1.0" encoding="UTF-8"?>
<!-- Generated by org.testng.reporters.JUnitReportReporter -->
<testsuite hostname="AndroidPC" failures="0" tests="2" name="com.tms.tests.CoursePageTest" time="87.632" errors="2" timestamp="2021-07-26T12:43:19 IST" skipped="0">
  <testcase classname="com.tms.tests.CoursePageTest" name="AddnewCourseRecordTest" time="43.205">
    <error message="Expected condition failed: waiting for element to be clickable: By.xpath: //ul[@class=&#039;nav metismenu in mm-show&#039;]//i//following-sibling::span[text()=&#039;Course&#039;]/ancestor::a/following-sibling::ul/li/a[text()=&#039;Course List&#039;] (tried for 10 second(s) with 500 milliseconds interval)
Build info: version: &#039;4.0.0-beta-3&#039;, revision: &#039;5d108f9a67&#039;
System info: host: &#039;ANDROIDPC&#039;, ip: &#039;192.168.110.72&#039;, os.name: &#039;Windows 10&#039;, os.arch: &#039;amd64&#039;, os.version: &#039;10.0&#039;, java.version: &#039;13.0.2&#039;
Driver info: org.openqa.selenium.firefox.FirefoxDriver
Capabilities {acceptInsecureCerts: true, browserName: firefox, browserVersion: 90.0, javascriptEnabled: true, moz:accessibilityChecks: false, moz:buildID: 20210705185941, moz:debuggerAddress: localhost:49738, moz:geckodriverVersion: 0.29.1, moz:headless: false, moz:processID: 8980, moz:profile: C:\Users\2Stallions\AppData..., moz:shutdownTimeout: 60000, moz:useNonSpecCompliantPointerOrigin: false, moz:webdriverClick: true, pageLoadStrategy: normal, platform: WINDOWS, platformName: WINDOWS, platformVersion: 10.0, proxy: Proxy(), se:cdp: ws://localhost:49738/devtoo..., se:cdpVersion: 85, setWindowRect: true, strictFileInteractability: false, timeouts: {implicit: 0, pageLoad: 300000, script: 30000}, unhandledPromptBehavior: dismiss and notify}
Session ID: e1e2a78b-5f2d-4b08-8278-9a0ca5333885" type="org.openqa.selenium.TimeoutException">
      <![CDATA[org.openqa.selenium.TimeoutException: Expected condition failed: waiting for element to be clickable: By.xpath: //ul[@class='nav metismenu in mm-show']//i//following-sibling::span[text()='Course']/ancestor::a/following-sibling::ul/li/a[text()='Course List'] (tried for 10 second(s) with 500 milliseconds interval)
Build info: version: '4.0.0-beta-3', revision: '5d108f9a67'
System info: host: 'ANDROIDPC', ip: '192.168.110.72', os.name: 'Windows 10', os.arch: 'amd64', os.version: '10.0', java.version: '13.0.2'
Driver info: org.openqa.selenium.firefox.FirefoxDriver
Capabilities {acceptInsecureCerts: true, browserName: firefox, browserVersion: 90.0, javascriptEnabled: true, moz:accessibilityChecks: false, moz:buildID: 20210705185941, moz:debuggerAddress: localhost:49738, moz:geckodriverVersion: 0.29.1, moz:headless: false, moz:processID: 8980, moz:profile: C:\Users\2Stallions\AppData..., moz:shutdownTimeout: 60000, moz:useNonSpecCompliantPointerOrigin: false, moz:webdriverClick: true, pageLoadStrategy: normal, platform: WINDOWS, platformName: WINDOWS, platformVersion: 10.0, proxy: Proxy(), se:cdp: ws://localhost:49738/devtoo..., se:cdpVersion: 85, setWindowRect: true, strictFileInteractability: false, timeouts: {implicit: 0, pageLoad: 300000, script: 30000}, unhandledPromptBehavior: dismiss and notify}
Session ID: e1e2a78b-5f2d-4b08-8278-9a0ca5333885
at org.openqa.selenium.support.ui.WebDriverWait.timeoutException(WebDriverWait.java:138)
at org.openqa.selenium.support.ui.FluentWait.until(FluentWait.java:231)
at com.tms.factories.ExplicitWaitFactory.performExplicitWait(ExplicitWaitFactory.java:24)
at com.tms.pages.BasePage.click(BasePage.java:21)
at com.tms.pages.DashboardPage.clickonSubMenu(DashboardPage.java:30)
at com.tms.tests.CoursePageTest.AddnewCourseRecordTest(CoursePageTest.java:28)
at java.base/jdk.internal.reflect.NativeMethodAccessorImpl.invoke0(Native Method)
at java.base/jdk.internal.reflect.NativeMethodAccessorImpl.invoke(NativeMethodAccessorImpl.java:62)
at java.base/jdk.internal.reflect.DelegatingMethodAccessorImpl.invoke(DelegatingMethodAccessorImpl.java:43)
at java.base/java.lang.reflect.Method.invoke(Method.java:567)
at org.testng.internal.MethodInvocationHelper.invokeMethod(MethodInvocationHelper.java:132)
at org.testng.internal.TestInvoker.invokeMethod(TestInvoker.java:599)
at org.testng.internal.TestInvoker.invokeTestMethod(TestInvoker.java:174)
at org.testng.internal.TestMethodWithDataProviderMethodWorker.call(TestMethodWithDataProviderMethodWorker.java:77)
at org.testng.internal.TestMethodWithDataProviderMethodWorker.call(TestMethodWithDataProviderMethodWorker.java:15)
at java.base/java.util.concurrent.FutureTask.run(FutureTask.java:264)
at java.base/java.util.concurrent.Executors$RunnableAdapter.call(Executors.java:515)
at java.base/java.util.concurrent.FutureTask.run(FutureTask.java:264)
at java.base/java.util.concurrent.ThreadPoolExecutor.runWorker(ThreadPoolExecutor.java:1128)
at java.base/java.util.concurrent.ThreadPoolExecutor$Worker.run(ThreadPoolExecutor.java:628)
at java.base/java.lang.Thread.run(Thread.java:830)
]]>
    </error>
  </testcase> <!-- AddnewCourseRecordTest -->
  <system-out/>
  <testcase classname="com.tms.tests.CoursePageTest" name="EditCourseRecordTest" time="44.427">
    <error message="Expected condition failed: waiting for element to be clickable: By.xpath: //ul[@class=&#039;nav metismenu in mm-show&#039;]//i//following-sibling::span[text()=&#039;Course&#039;]/ancestor::a/following-sibling::ul/li/a[text()=&#039;Course List&#039;] (tried for 10 second(s) with 500 milliseconds interval)
Build info: version: &#039;4.0.0-beta-3&#039;, revision: &#039;5d108f9a67&#039;
System info: host: &#039;ANDROIDPC&#039;, ip: &#039;192.168.110.72&#039;, os.name: &#039;Windows 10&#039;, os.arch: &#039;amd64&#039;, os.version: &#039;10.0&#039;, java.version: &#039;13.0.2&#039;
Driver info: org.openqa.selenium.firefox.FirefoxDriver
Capabilities {acceptInsecureCerts: true, browserName: firefox, browserVersion: 90.0, javascriptEnabled: true, moz:accessibilityChecks: false, moz:buildID: 20210705185941, moz:debuggerAddress: localhost:58401, moz:geckodriverVersion: 0.29.1, moz:headless: false, moz:processID: 1912, moz:profile: C:\Users\2Stallions\AppData..., moz:shutdownTimeout: 60000, moz:useNonSpecCompliantPointerOrigin: false, moz:webdriverClick: true, pageLoadStrategy: normal, platform: WINDOWS, platformName: WINDOWS, platformVersion: 10.0, proxy: Proxy(), se:cdp: ws://localhost:58401/devtoo..., se:cdpVersion: 85, setWindowRect: true, strictFileInteractability: false, timeouts: {implicit: 0, pageLoad: 300000, script: 30000}, unhandledPromptBehavior: dismiss and notify}
Session ID: 645eff19-a67b-4f86-bce9-a75e943eb758" type="org.openqa.selenium.TimeoutException">
      <![CDATA[org.openqa.selenium.TimeoutException: Expected condition failed: waiting for element to be clickable: By.xpath: //ul[@class='nav metismenu in mm-show']//i//following-sibling::span[text()='Course']/ancestor::a/following-sibling::ul/li/a[text()='Course List'] (tried for 10 second(s) with 500 milliseconds interval)
Build info: version: '4.0.0-beta-3', revision: '5d108f9a67'
System info: host: 'ANDROIDPC', ip: '192.168.110.72', os.name: 'Windows 10', os.arch: 'amd64', os.version: '10.0', java.version: '13.0.2'
Driver info: org.openqa.selenium.firefox.FirefoxDriver
Capabilities {acceptInsecureCerts: true, browserName: firefox, browserVersion: 90.0, javascriptEnabled: true, moz:accessibilityChecks: false, moz:buildID: 20210705185941, moz:debuggerAddress: localhost:58401, moz:geckodriverVersion: 0.29.1, moz:headless: false, moz:processID: 1912, moz:profile: C:\Users\2Stallions\AppData..., moz:shutdownTimeout: 60000, moz:useNonSpecCompliantPointerOrigin: false, moz:webdriverClick: true, pageLoadStrategy: normal, platform: WINDOWS, platformName: WINDOWS, platformVersion: 10.0, proxy: Proxy(), se:cdp: ws://localhost:58401/devtoo..., se:cdpVersion: 85, setWindowRect: true, strictFileInteractability: false, timeouts: {implicit: 0, pageLoad: 300000, script: 30000}, unhandledPromptBehavior: dismiss and notify}
Session ID: 645eff19-a67b-4f86-bce9-a75e943eb758
at org.openqa.selenium.support.ui.WebDriverWait.timeoutException(WebDriverWait.java:138)
at org.openqa.selenium.support.ui.FluentWait.until(FluentWait.java:231)
at com.tms.factories.ExplicitWaitFactory.performExplicitWait(ExplicitWaitFactory.java:24)
at com.tms.pages.BasePage.click(BasePage.java:21)
at com.tms.pages.DashboardPage.clickonSubMenu(DashboardPage.java:30)
at com.tms.tests.CoursePageTest.EditCourseRecordTest(CoursePageTest.java:46)
at java.base/jdk.internal.reflect.NativeMethodAccessorImpl.invoke0(Native Method)
at java.base/jdk.internal.reflect.NativeMethodAccessorImpl.invoke(NativeMethodAccessorImpl.java:62)
at java.base/jdk.internal.reflect.DelegatingMethodAccessorImpl.invoke(DelegatingMethodAccessorImpl.java:43)
at java.base/java.lang.reflect.Method.invoke(Method.java:567)
at org.testng.internal.MethodInvocationHelper.invokeMethod(MethodInvocationHelper.java:132)
at org.testng.internal.TestInvoker.invokeMethod(TestInvoker.java:599)
at org.testng.internal.TestInvoker.invokeTestMethod(TestInvoker.java:174)
at org.testng.internal.TestMethodWithDataProviderMethodWorker.call(TestMethodWithDataProviderMethodWorker.java:77)
at org.testng.internal.TestMethodWithDataProviderMethodWorker.call(TestMethodWithDataProviderMethodWorker.java:15)
at java.base/java.util.concurrent.FutureTask.run(FutureTask.java:264)
at java.base/java.util.concurrent.Executors$RunnableAdapter.call(Executors.java:515)
at java.base/java.util.concurrent.FutureTask.run(FutureTask.java:264)
at java.base/java.util.concurrent.ThreadPoolExecutor.runWorker(ThreadPoolExecutor.java:1128)
at java.base/java.util.concurrent.ThreadPoolExecutor$Worker.run(ThreadPoolExecutor.java:628)
at java.base/java.lang.Thread.run(Thread.java:830)
]]>
    </error>
  </testcase> <!-- EditCourseRecordTest -->
  <system-out/>
</testsuite> <!-- com.tms.tests.CoursePageTest -->
