<html>
<head>
<title>TestNG:  Test</title>
<link href="../testng.css" rel="stylesheet" type="text/css" />
<link href="../my-testng.css" rel="stylesheet" type="text/css" />

<style type="text/css">
.log { display: none;} 
.stack-trace { display: none;} 
</style>
<script type="text/javascript">
<!--
function flip(e) {
  current = e.style.display;
  if (current == 'block') {
    e.style.display = 'none';
    return 0;
  }
  else {
    e.style.display = 'block';
    return 1;
  }
}

function toggleBox(szDivId, elem, msg1, msg2)
{
  var res = -1;  if (document.getElementById) {
    res = flip(document.getElementById(szDivId));
  }
  else if (document.all) {
    // this is the way old msie versions work
    res = flip(document.all[szDivId]);
  }
  if(elem) {
    if(res == 0) elem.innerHTML = msg1; else elem.innerHTML = msg2;
  }

}

function toggleAllBoxes() {
  if (document.getElementsByTagName) {
    d = document.getElementsByTagName('div');
    for (i = 0; i < d.length; i++) {
      if (d[i].className == 'log') {
        flip(d[i]);
      }
    }
  }
}

// -->
</script>

</head>
<body>
<h2 align='center'>Test</h2><table border='1' align="center">
<tr>
<td>Tests passed/Failed/Skipped:</td><td>31/23/0</td>
</tr><tr>
<td>Started on:</td><td>Mon Jul 26 12:34:25 IST 2021</td>
</tr>
<tr><td>Total time:</td><td>531 seconds (531590 ms)</td>
</tr><tr>
<td>Included groups:</td><td></td>
</tr><tr>
<td>Excluded groups:</td><td></td>
</tr>
</table><p/>
<small><i>(Hover the method name to see the test class name)</i></small><p/>
<table width='100%' border='1' class='invocation-failed'>
<tr><td colspan='4' align='center'><b>FAILED TESTS</b></td></tr>
<tr><td><b>Test method</b></td>
<td width="30%"><b>Exception</b></td>
<td width="10%"><b>Time (seconds)</b></td>
<td><b>Instance</b></td>
</tr>
<tr>
<td title='com.tms.tests.CoursePageTest.AddnewCourseRecordTest()'><b>AddnewCourseRecordTest</b><br>Test class: com.tms.tests.CoursePageTest<br>Test method: Verify that AddnewCourseRecordTest working or not<br>Parameters: {FeesPaid=, Email=, Computer Navigation Skill=, Unit=, Scheduleinfodesc=, linkedIn URL=, reference=2542562562, password=123456, Billing Address=, Remarks=, Postalcode=, Street=, Education Qualification=, confirmpassword=, Name2=, Threshold=, Contact Number=, Date Of Birth=, Company Contact Person=, Meal Restrictions Type=, Billing Country=, testname=AddnewCourseRecordTest, execute=yes, Experience=, submenu=Course List, newpassword1=, name=, Block=, name1=Single Record Test, Building=, Salary=, Description=, phonenumber=, EnterText=, Course Brochure Determined=, Company Contact Person Number=, Learning Mode=, Deadline Date=, browser=firefox, Mobile No=, Email1=, Nric=, Sponsored=, Domain Area of Practice=, Room=, Billing Email=, email=, Age=, Floor=, Designation=, Maxintakesize=, menuname=Course, Coursecode=, Company Contact Person Email=, Coursevacdesc=, Scheduleinformation=, Company SME=, TPGateway=, Billing Zip=, Minintakesize=, Nationality=, Payment Amount=, oldpassword1=, Company Name=, coursecode=Ab25422, Meal Restrictions=, username=superadmin@mail.com, Scheduleinfo=}</td>
<td><div><pre>org.openqa.selenium.TimeoutException: Expected condition failed: waiting for element to be clickable: By.xpath: //ul[@class=&apos;nav metismenu in mm-show&apos;]//i//following-sibling::span[text()=&apos;Course&apos;]/ancestor::a/following-sibling::ul/li/a[text()=&apos;Course List&apos;] (tried for 10 second(s) with 500 milliseconds interval)
Build info: version: &apos;4.0.0-beta-3&apos;, revision: &apos;5d108f9a67&apos;
System info: host: &apos;ANDROIDPC&apos;, ip: &apos;192.168.110.72&apos;, os.name: &apos;Windows 10&apos;, os.arch: &apos;amd64&apos;, os.version: &apos;10.0&apos;, java.version: &apos;13.0.2&apos;
Driver info: org.openqa.selenium.firefox.FirefoxDriver
Capabilities {acceptInsecureCerts: true, browserName: firefox, browserVersion: 90.0, javascriptEnabled: true, moz:accessibilityChecks: false, moz:buildID: 20210705185941, moz:debuggerAddress: localhost:49738, moz:geckodriverVersion: 0.29.1, moz:headless: false, moz:processID: 8980, moz:profile: C:\Users\2Stallions\AppData..., moz:shutdownTimeout: 60000, moz:useNonSpecCompliantPointerOrigin: false, moz:webdriverClick: true, pageLoadStrategy: normal, platform: WINDOWS, platformName: WINDOWS, platformVersion: 10.0, proxy: Proxy(), se:cdp: ws://localhost:49738/devtoo..., se:cdpVersion: 85, setWindowRect: true, strictFileInteractability: false, timeouts: {implicit: 0, pageLoad: 300000, script: 30000}, unhandledPromptBehavior: dismiss and notify}
Session ID: e1e2a78b-5f2d-4b08-8278-9a0ca5333885
	at org.openqa.selenium.support.ui.WebDriverWait.timeoutException(WebDriverWait.java:138)
	at org.openqa.selenium.support.ui.FluentWait.until(FluentWait.java:231)
	at com.tms.factories.ExplicitWaitFactory.performExplicitWait(ExplicitWaitFactory.java:24)
	at com.tms.pages.BasePage.click(BasePage.java:21)
	at com.tms.pages.DashboardPage.clickonSubMenu(DashboardPage.java:30)
	at com.tms.tests.CoursePageTest.AddnewCourseRecordTest(CoursePageTest.java:28)
	at java.base/java.util.concurrent.FutureTask.run(FutureTask.java:264)
	at java.base/java.util.concurrent.Executors$RunnableAdapter.call(Executors.java:515)
	at java.base/java.util.concurrent.FutureTask.run(FutureTask.java:264)
	at java.base/java.util.concurrent.ThreadPoolExecutor.runWorker(ThreadPoolExecutor.java:1128)
	at java.base/java.util.concurrent.ThreadPoolExecutor$Worker.run(ThreadPoolExecutor.java:628)
	at java.base/java.lang.Thread.run(Thread.java:830)
... Removed 9 stack frames</pre></div><a href='#' onClick='toggleBox("stack-trace35280623", this, "Click to show all stack frames", "Click to hide stack frames")'>Click to show all stack frames</a>
<div class='stack-trace' id='stack-trace35280623'><pre>org.openqa.selenium.TimeoutException: Expected condition failed: waiting for element to be clickable: By.xpath: //ul[@class=&apos;nav metismenu in mm-show&apos;]//i//following-sibling::span[text()=&apos;Course&apos;]/ancestor::a/following-sibling::ul/li/a[text()=&apos;Course List&apos;] (tried for 10 second(s) with 500 milliseconds interval)
Build info: version: &apos;4.0.0-beta-3&apos;, revision: &apos;5d108f9a67&apos;
System info: host: &apos;ANDROIDPC&apos;, ip: &apos;192.168.110.72&apos;, os.name: &apos;Windows 10&apos;, os.arch: &apos;amd64&apos;, os.version: &apos;10.0&apos;, java.version: &apos;13.0.2&apos;
Driver info: org.openqa.selenium.firefox.FirefoxDriver
Capabilities {acceptInsecureCerts: true, browserName: firefox, browserVersion: 90.0, javascriptEnabled: true, moz:accessibilityChecks: false, moz:buildID: 20210705185941, moz:debuggerAddress: localhost:49738, moz:geckodriverVersion: 0.29.1, moz:headless: false, moz:processID: 8980, moz:profile: C:\Users\2Stallions\AppData..., moz:shutdownTimeout: 60000, moz:useNonSpecCompliantPointerOrigin: false, moz:webdriverClick: true, pageLoadStrategy: normal, platform: WINDOWS, platformName: WINDOWS, platformVersion: 10.0, proxy: Proxy(), se:cdp: ws://localhost:49738/devtoo..., se:cdpVersion: 85, setWindowRect: true, strictFileInteractability: false, timeouts: {implicit: 0, pageLoad: 300000, script: 30000}, unhandledPromptBehavior: dismiss and notify}
Session ID: e1e2a78b-5f2d-4b08-8278-9a0ca5333885
	at org.openqa.selenium.support.ui.WebDriverWait.timeoutException(WebDriverWait.java:138)
	at org.openqa.selenium.support.ui.FluentWait.until(FluentWait.java:231)
	at com.tms.factories.ExplicitWaitFactory.performExplicitWait(ExplicitWaitFactory.java:24)
	at com.tms.pages.BasePage.click(BasePage.java:21)
	at com.tms.pages.DashboardPage.clickonSubMenu(DashboardPage.java:30)
	at com.tms.tests.CoursePageTest.AddnewCourseRecordTest(CoursePageTest.java:28)
	at java.base/jdk.internal.reflect.NativeMethodAccessorImpl.invoke0(Native Method)
	at java.base/jdk.internal.reflect.NativeMethodAccessorImpl.invoke(NativeMethodAccessorImpl.java:62)
	at java.base/jdk.internal.reflect.DelegatingMethodAccessorImpl.invoke(DelegatingMethodAccessorImpl.java:43)
	at java.base/java.lang.reflect.Method.invoke(Method.java:567)
	at org.testng.internal.MethodInvocationHelper.invokeMethod(MethodInvocationHelper.java:132)
	at org.testng.internal.TestInvoker.invokeMethod(TestInvoker.java:599)
	at org.testng.internal.TestInvoker.invokeTestMethod(TestInvoker.java:174)
	at org.testng.internal.TestMethodWithDataProviderMethodWorker.call(TestMethodWithDataProviderMethodWorker.java:77)
	at org.testng.internal.TestMethodWithDataProviderMethodWorker.call(TestMethodWithDataProviderMethodWorker.java:15)
	at java.base/java.util.concurrent.FutureTask.run(FutureTask.java:264)
	at java.base/java.util.concurrent.Executors$RunnableAdapter.call(Executors.java:515)
	at java.base/java.util.concurrent.FutureTask.run(FutureTask.java:264)
	at java.base/java.util.concurrent.ThreadPoolExecutor.runWorker(ThreadPoolExecutor.java:1128)
	at java.base/java.util.concurrent.ThreadPoolExecutor$Worker.run(ThreadPoolExecutor.java:628)
	at java.base/java.lang.Thread.run(Thread.java:830)
</pre></div></td>
<td>14</td>
<td>com.tms.tests.CoursePageTest@7193666c</td></tr>
<tr>
<td title='com.tms.tests.CourseSoftBookingsPageTest.AddnewCourseSoftBookingsRecordTest()'><b>AddnewCourseSoftBookingsRecordTest</b><br>Test class: com.tms.tests.CourseSoftBookingsPageTest<br>Test method: Verify that AddnewCourseSoftBookingsRecordTest working or not<br>Parameters: {FeesPaid=, Email=, Computer Navigation Skill=, Unit=, Scheduleinfodesc=, linkedIn URL=, reference=, password=123456, Billing Address=, Remarks=, Postalcode=, Street=, Education Qualification=, confirmpassword=, Name2=Softbookings Name, Threshold=, Contact Number=9913142142, Date Of Birth=, Company Contact Person=, Meal Restrictions Type=, Billing Country=, testname=AddnewCourseSoftBookingsRecordTest, execute=yes, Experience=, submenu=, newpassword1=, name=, Block=, name1=, Building=, Salary=, Description=, phonenumber=, EnterText=, Course Brochure Determined=, Company Contact Person Number=, Learning Mode=, Deadline Date=2021-08-05, browser=firefox, Mobile No=, Email1=nikhil@2stallions.com, Nric=2588D114114, Sponsored=, Domain Area of Practice=, Room=, Billing Email=, email=, Age=, Floor=, Designation=, Maxintakesize=, menuname=Course Soft Bookings, Coursecode=, Company Contact Person Email=, Coursevacdesc=, Scheduleinformation=, Company SME=, TPGateway=, Billing Zip=, Minintakesize=, Nationality=, Payment Amount=, oldpassword1=, Company Name=, coursecode=, Meal Restrictions=, username=superadmin@mail.com, Scheduleinfo=}</td>
<td><div><pre>org.openqa.selenium.TimeoutException: Expected condition failed: waiting for element to be clickable: By.xpath: //a[text()=&apos;Course Soft Bookings&apos;] (tried for 10 second(s) with 500 milliseconds interval)
Build info: version: &apos;4.0.0-beta-3&apos;, revision: &apos;5d108f9a67&apos;
System info: host: &apos;ANDROIDPC&apos;, ip: &apos;192.168.110.72&apos;, os.name: &apos;Windows 10&apos;, os.arch: &apos;amd64&apos;, os.version: &apos;10.0&apos;, java.version: &apos;13.0.2&apos;
Driver info: org.openqa.selenium.firefox.FirefoxDriver
Capabilities {acceptInsecureCerts: true, browserName: firefox, browserVersion: 90.0, javascriptEnabled: true, moz:accessibilityChecks: false, moz:buildID: 20210705185941, moz:debuggerAddress: localhost:65457, moz:geckodriverVersion: 0.29.1, moz:headless: false, moz:processID: 8644, moz:profile: C:\Users\2Stallions\AppData..., moz:shutdownTimeout: 60000, moz:useNonSpecCompliantPointerOrigin: false, moz:webdriverClick: true, pageLoadStrategy: normal, platform: WINDOWS, platformName: WINDOWS, platformVersion: 10.0, proxy: Proxy(), se:cdp: ws://localhost:65457/devtoo..., se:cdpVersion: 85, setWindowRect: true, strictFileInteractability: false, timeouts: {implicit: 0, pageLoad: 300000, script: 30000}, unhandledPromptBehavior: dismiss and notify}
Session ID: 8fbc09ff-288b-45d5-ad0b-7bac8bfb1dec
	at org.openqa.selenium.support.ui.WebDriverWait.timeoutException(WebDriverWait.java:138)
	at org.openqa.selenium.support.ui.FluentWait.until(FluentWait.java:231)
	at com.tms.factories.ExplicitWaitFactory.performExplicitWait(ExplicitWaitFactory.java:24)
	at com.tms.pages.BasePage.click(BasePage.java:21)
	at com.tms.pages.DashboardPage.clickonMenu(DashboardPage.java:22)
	at com.tms.tests.CourseSoftBookingsPageTest.AddnewCourseSoftBookingsRecordTest(CourseSoftBookingsPageTest.java:24)
	at java.base/java.util.concurrent.FutureTask.run(FutureTask.java:264)
	at java.base/java.util.concurrent.Executors$RunnableAdapter.call(Executors.java:515)
	at java.base/java.util.concurrent.FutureTask.run(FutureTask.java:264)
	at java.base/java.util.concurrent.ThreadPoolExecutor.runWorker(ThreadPoolExecutor.java:1128)
	at java.base/java.util.concurrent.ThreadPoolExecutor$Worker.run(ThreadPoolExecutor.java:628)
	at java.base/java.lang.Thread.run(Thread.java:830)
... Removed 9 stack frames</pre></div><a href='#' onClick='toggleBox("stack-trace1965151465", this, "Click to show all stack frames", "Click to hide stack frames")'>Click to show all stack frames</a>
<div class='stack-trace' id='stack-trace1965151465'><pre>org.openqa.selenium.TimeoutException: Expected condition failed: waiting for element to be clickable: By.xpath: //a[text()=&apos;Course Soft Bookings&apos;] (tried for 10 second(s) with 500 milliseconds interval)
Build info: version: &apos;4.0.0-beta-3&apos;, revision: &apos;5d108f9a67&apos;
System info: host: &apos;ANDROIDPC&apos;, ip: &apos;192.168.110.72&apos;, os.name: &apos;Windows 10&apos;, os.arch: &apos;amd64&apos;, os.version: &apos;10.0&apos;, java.version: &apos;13.0.2&apos;
Driver info: org.openqa.selenium.firefox.FirefoxDriver
Capabilities {acceptInsecureCerts: true, browserName: firefox, browserVersion: 90.0, javascriptEnabled: true, moz:accessibilityChecks: false, moz:buildID: 20210705185941, moz:debuggerAddress: localhost:65457, moz:geckodriverVersion: 0.29.1, moz:headless: false, moz:processID: 8644, moz:profile: C:\Users\2Stallions\AppData..., moz:shutdownTimeout: 60000, moz:useNonSpecCompliantPointerOrigin: false, moz:webdriverClick: true, pageLoadStrategy: normal, platform: WINDOWS, platformName: WINDOWS, platformVersion: 10.0, proxy: Proxy(), se:cdp: ws://localhost:65457/devtoo..., se:cdpVersion: 85, setWindowRect: true, strictFileInteractability: false, timeouts: {implicit: 0, pageLoad: 300000, script: 30000}, unhandledPromptBehavior: dismiss and notify}
Session ID: 8fbc09ff-288b-45d5-ad0b-7bac8bfb1dec
	at org.openqa.selenium.support.ui.WebDriverWait.timeoutException(WebDriverWait.java:138)
	at org.openqa.selenium.support.ui.FluentWait.until(FluentWait.java:231)
	at com.tms.factories.ExplicitWaitFactory.performExplicitWait(ExplicitWaitFactory.java:24)
	at com.tms.pages.BasePage.click(BasePage.java:21)
	at com.tms.pages.DashboardPage.clickonMenu(DashboardPage.java:22)
	at com.tms.tests.CourseSoftBookingsPageTest.AddnewCourseSoftBookingsRecordTest(CourseSoftBookingsPageTest.java:24)
	at java.base/jdk.internal.reflect.NativeMethodAccessorImpl.invoke0(Native Method)
	at java.base/jdk.internal.reflect.NativeMethodAccessorImpl.invoke(NativeMethodAccessorImpl.java:62)
	at java.base/jdk.internal.reflect.DelegatingMethodAccessorImpl.invoke(DelegatingMethodAccessorImpl.java:43)
	at java.base/java.lang.reflect.Method.invoke(Method.java:567)
	at org.testng.internal.MethodInvocationHelper.invokeMethod(MethodInvocationHelper.java:132)
	at org.testng.internal.TestInvoker.invokeMethod(TestInvoker.java:599)
	at org.testng.internal.TestInvoker.invokeTestMethod(TestInvoker.java:174)
	at org.testng.internal.TestMethodWithDataProviderMethodWorker.call(TestMethodWithDataProviderMethodWorker.java:77)
	at org.testng.internal.TestMethodWithDataProviderMethodWorker.call(TestMethodWithDataProviderMethodWorker.java:15)
	at java.base/java.util.concurrent.FutureTask.run(FutureTask.java:264)
	at java.base/java.util.concurrent.Executors$RunnableAdapter.call(Executors.java:515)
	at java.base/java.util.concurrent.FutureTask.run(FutureTask.java:264)
	at java.base/java.util.concurrent.ThreadPoolExecutor.runWorker(ThreadPoolExecutor.java:1128)
	at java.base/java.util.concurrent.ThreadPoolExecutor$Worker.run(ThreadPoolExecutor.java:628)
	at java.base/java.lang.Thread.run(Thread.java:830)
</pre></div></td>
<td>13</td>
<td>com.tms.tests.CourseSoftBookingsPageTest@3835c46</td></tr>
<tr>
<td title='com.tms.tests.PaymentPageTest.AddnewPaymentRecordTest()'><b>AddnewPaymentRecordTest</b><br>Test class: com.tms.tests.PaymentPageTest<br>Test method: Verify that AddnewPaymentRecordTest working or not<br>Parameters: {FeesPaid=1, Email=, Computer Navigation Skill=, Unit=, Scheduleinfodesc=, linkedIn URL=, reference=, password=123456, Billing Address=, Remarks=, Postalcode=, Street=, Education Qualification=, confirmpassword=, Name2=, Threshold=, Contact Number=, Date Of Birth=, Company Contact Person=, Meal Restrictions Type=, Billing Country=, testname=AddnewPaymentRecordTest, execute=yes, Experience=, submenu=, newpassword1=, name=, Block=, name1=, Building=, Salary=, Description=, phonenumber=, EnterText=test, Course Brochure Determined=, Company Contact Person Number=, Learning Mode=, Deadline Date=, browser=firefox, Mobile No=, Email1=, Nric=, Sponsored=, Domain Area of Practice=, Room=, Billing Email=, email=, Age=, Floor=, Designation=, Maxintakesize=, menuname=Payments, Coursecode=, Company Contact Person Email=, Coursevacdesc=, Scheduleinformation=, Company SME=, TPGateway=, Billing Zip=, Minintakesize=, Nationality=, Payment Amount=, oldpassword1=, Company Name=, coursecode=, Meal Restrictions=, username=superadmin@mail.com, Scheduleinfo=}</td>
<td><div><pre>org.openqa.selenium.TimeoutException: Expected condition failed: waiting for element to be clickable: By.xpath: //button[.=&apos;+ Add New&apos;] (tried for 10 second(s) with 500 milliseconds interval)
Build info: version: &apos;4.0.0-beta-3&apos;, revision: &apos;5d108f9a67&apos;
System info: host: &apos;ANDROIDPC&apos;, ip: &apos;192.168.110.72&apos;, os.name: &apos;Windows 10&apos;, os.arch: &apos;amd64&apos;, os.version: &apos;10.0&apos;, java.version: &apos;13.0.2&apos;
Driver info: org.openqa.selenium.firefox.FirefoxDriver
Capabilities {acceptInsecureCerts: true, browserName: firefox, browserVersion: 90.0, javascriptEnabled: true, moz:accessibilityChecks: false, moz:buildID: 20210705185941, moz:debuggerAddress: localhost:58171, moz:geckodriverVersion: 0.29.1, moz:headless: false, moz:processID: 17956, moz:profile: C:\Users\2Stallions\AppData..., moz:shutdownTimeout: 60000, moz:useNonSpecCompliantPointerOrigin: false, moz:webdriverClick: true, pageLoadStrategy: normal, platform: WINDOWS, platformName: WINDOWS, platformVersion: 10.0, proxy: Proxy(), se:cdp: ws://localhost:58171/devtoo..., se:cdpVersion: 85, setWindowRect: true, strictFileInteractability: false, timeouts: {implicit: 0, pageLoad: 300000, script: 30000}, unhandledPromptBehavior: dismiss and notify}
Session ID: aa8bbcc7-aed2-49b2-b67f-d6fc7b3e6b3f
	at org.openqa.selenium.support.ui.WebDriverWait.timeoutException(WebDriverWait.java:138)
	at org.openqa.selenium.support.ui.FluentWait.until(FluentWait.java:231)
	at com.tms.factories.ExplicitWaitFactory.performExplicitWait(ExplicitWaitFactory.java:24)
	at com.tms.pages.BasePage.click(BasePage.java:21)
	at com.tms.pages.PaymentsPage.Addnewrecord(PaymentsPage.java:29)
	at com.tms.tests.PaymentPageTest.AddnewPaymentRecordTest(PaymentPageTest.java:25)
	at java.base/java.util.concurrent.FutureTask.run(FutureTask.java:264)
	at java.base/java.util.concurrent.Executors$RunnableAdapter.call(Executors.java:515)
	at java.base/java.util.concurrent.FutureTask.run(FutureTask.java:264)
	at java.base/java.util.concurrent.ThreadPoolExecutor.runWorker(ThreadPoolExecutor.java:1128)
	at java.base/java.util.concurrent.ThreadPoolExecutor$Worker.run(ThreadPoolExecutor.java:628)
	at java.base/java.lang.Thread.run(Thread.java:830)
... Removed 9 stack frames</pre></div><a href='#' onClick='toggleBox("stack-trace1558918885", this, "Click to show all stack frames", "Click to hide stack frames")'>Click to show all stack frames</a>
<div class='stack-trace' id='stack-trace1558918885'><pre>org.openqa.selenium.TimeoutException: Expected condition failed: waiting for element to be clickable: By.xpath: //button[.=&apos;+ Add New&apos;] (tried for 10 second(s) with 500 milliseconds interval)
Build info: version: &apos;4.0.0-beta-3&apos;, revision: &apos;5d108f9a67&apos;
System info: host: &apos;ANDROIDPC&apos;, ip: &apos;192.168.110.72&apos;, os.name: &apos;Windows 10&apos;, os.arch: &apos;amd64&apos;, os.version: &apos;10.0&apos;, java.version: &apos;13.0.2&apos;
Driver info: org.openqa.selenium.firefox.FirefoxDriver
Capabilities {acceptInsecureCerts: true, browserName: firefox, browserVersion: 90.0, javascriptEnabled: true, moz:accessibilityChecks: false, moz:buildID: 20210705185941, moz:debuggerAddress: localhost:58171, moz:geckodriverVersion: 0.29.1, moz:headless: false, moz:processID: 17956, moz:profile: C:\Users\2Stallions\AppData..., moz:shutdownTimeout: 60000, moz:useNonSpecCompliantPointerOrigin: false, moz:webdriverClick: true, pageLoadStrategy: normal, platform: WINDOWS, platformName: WINDOWS, platformVersion: 10.0, proxy: Proxy(), se:cdp: ws://localhost:58171/devtoo..., se:cdpVersion: 85, setWindowRect: true, strictFileInteractability: false, timeouts: {implicit: 0, pageLoad: 300000, script: 30000}, unhandledPromptBehavior: dismiss and notify}
Session ID: aa8bbcc7-aed2-49b2-b67f-d6fc7b3e6b3f
	at org.openqa.selenium.support.ui.WebDriverWait.timeoutException(WebDriverWait.java:138)
	at org.openqa.selenium.support.ui.FluentWait.until(FluentWait.java:231)
	at com.tms.factories.ExplicitWaitFactory.performExplicitWait(ExplicitWaitFactory.java:24)
	at com.tms.pages.BasePage.click(BasePage.java:21)
	at com.tms.pages.PaymentsPage.Addnewrecord(PaymentsPage.java:29)
	at com.tms.tests.PaymentPageTest.AddnewPaymentRecordTest(PaymentPageTest.java:25)
	at java.base/jdk.internal.reflect.NativeMethodAccessorImpl.invoke0(Native Method)
	at java.base/jdk.internal.reflect.NativeMethodAccessorImpl.invoke(NativeMethodAccessorImpl.java:62)
	at java.base/jdk.internal.reflect.DelegatingMethodAccessorImpl.invoke(DelegatingMethodAccessorImpl.java:43)
	at java.base/java.lang.reflect.Method.invoke(Method.java:567)
	at org.testng.internal.MethodInvocationHelper.invokeMethod(MethodInvocationHelper.java:132)
	at org.testng.internal.TestInvoker.invokeMethod(TestInvoker.java:599)
	at org.testng.internal.TestInvoker.invokeTestMethod(TestInvoker.java:174)
	at org.testng.internal.TestMethodWithDataProviderMethodWorker.call(TestMethodWithDataProviderMethodWorker.java:77)
	at org.testng.internal.TestMethodWithDataProviderMethodWorker.call(TestMethodWithDataProviderMethodWorker.java:15)
	at java.base/java.util.concurrent.FutureTask.run(FutureTask.java:264)
	at java.base/java.util.concurrent.Executors$RunnableAdapter.call(Executors.java:515)
	at java.base/java.util.concurrent.FutureTask.run(FutureTask.java:264)
	at java.base/java.util.concurrent.ThreadPoolExecutor.runWorker(ThreadPoolExecutor.java:1128)
	at java.base/java.util.concurrent.ThreadPoolExecutor$Worker.run(ThreadPoolExecutor.java:628)
	at java.base/java.lang.Thread.run(Thread.java:830)
</pre></div></td>
<td>14</td>
<td>com.tms.tests.PaymentPageTest@1dde4cb2</td></tr>
<tr>
<td title='com.tms.tests.StaffPageTest.AddnewRecordTest()'><b>AddnewRecordTest</b><br>Test class: com.tms.tests.StaffPageTest<br>Test method: Verify that AddnewRecordTest working or not<br>Parameters: {FeesPaid=, Email=, Computer Navigation Skill=, Unit=, Scheduleinfodesc=, linkedIn URL=, reference=, password=123456, Billing Address=, Remarks=, Postalcode=, Street=, Education Qualification=, confirmpassword=, Name2=, Threshold=, Contact Number=, Date Of Birth=, Company Contact Person=, Meal Restrictions Type=, Billing Country=, testname=AddnewRecordTest, execute=yes, Experience=, submenu=Staff, newpassword1=, name=Automation Tester, Block=, name1=, Building=, Salary=, Description=, phonenumber=1234567890, EnterText=, Course Brochure Determined=, Company Contact Person Number=, Learning Mode=, Deadline Date=, browser=firefox, Mobile No=, Email1=, Nric=, Sponsored=, Domain Area of Practice=, Room=, Billing Email=, email=automation@mailinator.com, Age=, Floor=, Designation=, Maxintakesize=, menuname=Users, Coursecode=, Company Contact Person Email=, Coursevacdesc=, Scheduleinformation=, Company SME=, TPGateway=, Billing Zip=, Minintakesize=, Nationality=, Payment Amount=, oldpassword1=, Company Name=, coursecode=, Meal Restrictions=, username=superadmin@mail.com, Scheduleinfo=}</td>
<td><div><pre>org.openqa.selenium.TimeoutException: Expected condition failed: waiting for element to be clickable: By.xpath: //a[text()=&apos;+ Add New&apos;] (tried for 10 second(s) with 500 milliseconds interval)
Build info: version: &apos;4.0.0-beta-3&apos;, revision: &apos;5d108f9a67&apos;
System info: host: &apos;ANDROIDPC&apos;, ip: &apos;192.168.110.72&apos;, os.name: &apos;Windows 10&apos;, os.arch: &apos;amd64&apos;, os.version: &apos;10.0&apos;, java.version: &apos;13.0.2&apos;
Driver info: org.openqa.selenium.firefox.FirefoxDriver
Capabilities {acceptInsecureCerts: true, browserName: firefox, browserVersion: 90.0, javascriptEnabled: true, moz:accessibilityChecks: false, moz:buildID: 20210705185941, moz:debuggerAddress: localhost:59607, moz:geckodriverVersion: 0.29.1, moz:headless: false, moz:processID: 7216, moz:profile: C:\Users\2Stallions\AppData..., moz:shutdownTimeout: 60000, moz:useNonSpecCompliantPointerOrigin: false, moz:webdriverClick: true, pageLoadStrategy: normal, platform: WINDOWS, platformName: WINDOWS, platformVersion: 10.0, proxy: Proxy(), se:cdp: ws://localhost:59607/devtoo..., se:cdpVersion: 85, setWindowRect: true, strictFileInteractability: false, timeouts: {implicit: 0, pageLoad: 300000, script: 30000}, unhandledPromptBehavior: dismiss and notify}
Session ID: bd57cd44-5d5a-47d2-9423-49c2ad42b55e
	at org.openqa.selenium.support.ui.WebDriverWait.timeoutException(WebDriverWait.java:138)
	at org.openqa.selenium.support.ui.FluentWait.until(FluentWait.java:231)
	at com.tms.factories.ExplicitWaitFactory.performExplicitWait(ExplicitWaitFactory.java:24)
	at com.tms.pages.BasePage.click(BasePage.java:21)
	at com.tms.pages.StaffPage.Addnewrecord(StaffPage.java:27)
	at com.tms.tests.StaffPageTest.AddnewRecordTest(StaffPageTest.java:24)
	at java.base/java.util.concurrent.FutureTask.run(FutureTask.java:264)
	at java.base/java.util.concurrent.Executors$RunnableAdapter.call(Executors.java:515)
	at java.base/java.util.concurrent.FutureTask.run(FutureTask.java:264)
	at java.base/java.util.concurrent.ThreadPoolExecutor.runWorker(ThreadPoolExecutor.java:1128)
	at java.base/java.util.concurrent.ThreadPoolExecutor$Worker.run(ThreadPoolExecutor.java:628)
	at java.base/java.lang.Thread.run(Thread.java:830)
... Removed 9 stack frames</pre></div><a href='#' onClick='toggleBox("stack-trace1677360073", this, "Click to show all stack frames", "Click to hide stack frames")'>Click to show all stack frames</a>
<div class='stack-trace' id='stack-trace1677360073'><pre>org.openqa.selenium.TimeoutException: Expected condition failed: waiting for element to be clickable: By.xpath: //a[text()=&apos;+ Add New&apos;] (tried for 10 second(s) with 500 milliseconds interval)
Build info: version: &apos;4.0.0-beta-3&apos;, revision: &apos;5d108f9a67&apos;
System info: host: &apos;ANDROIDPC&apos;, ip: &apos;192.168.110.72&apos;, os.name: &apos;Windows 10&apos;, os.arch: &apos;amd64&apos;, os.version: &apos;10.0&apos;, java.version: &apos;13.0.2&apos;
Driver info: org.openqa.selenium.firefox.FirefoxDriver
Capabilities {acceptInsecureCerts: true, browserName: firefox, browserVersion: 90.0, javascriptEnabled: true, moz:accessibilityChecks: false, moz:buildID: 20210705185941, moz:debuggerAddress: localhost:59607, moz:geckodriverVersion: 0.29.1, moz:headless: false, moz:processID: 7216, moz:profile: C:\Users\2Stallions\AppData..., moz:shutdownTimeout: 60000, moz:useNonSpecCompliantPointerOrigin: false, moz:webdriverClick: true, pageLoadStrategy: normal, platform: WINDOWS, platformName: WINDOWS, platformVersion: 10.0, proxy: Proxy(), se:cdp: ws://localhost:59607/devtoo..., se:cdpVersion: 85, setWindowRect: true, strictFileInteractability: false, timeouts: {implicit: 0, pageLoad: 300000, script: 30000}, unhandledPromptBehavior: dismiss and notify}
Session ID: bd57cd44-5d5a-47d2-9423-49c2ad42b55e
	at org.openqa.selenium.support.ui.WebDriverWait.timeoutException(WebDriverWait.java:138)
	at org.openqa.selenium.support.ui.FluentWait.until(FluentWait.java:231)
	at com.tms.factories.ExplicitWaitFactory.performExplicitWait(ExplicitWaitFactory.java:24)
	at com.tms.pages.BasePage.click(BasePage.java:21)
	at com.tms.pages.StaffPage.Addnewrecord(StaffPage.java:27)
	at com.tms.tests.StaffPageTest.AddnewRecordTest(StaffPageTest.java:24)
	at java.base/jdk.internal.reflect.NativeMethodAccessorImpl.invoke0(Native Method)
	at java.base/jdk.internal.reflect.NativeMethodAccessorImpl.invoke(NativeMethodAccessorImpl.java:62)
	at java.base/jdk.internal.reflect.DelegatingMethodAccessorImpl.invoke(DelegatingMethodAccessorImpl.java:43)
	at java.base/java.lang.reflect.Method.invoke(Method.java:567)
	at org.testng.internal.MethodInvocationHelper.invokeMethod(MethodInvocationHelper.java:132)
	at org.testng.internal.TestInvoker.invokeMethod(TestInvoker.java:599)
	at org.testng.internal.TestInvoker.invokeTestMethod(TestInvoker.java:174)
	at org.testng.internal.TestMethodWithDataProviderMethodWorker.call(TestMethodWithDataProviderMethodWorker.java:77)
	at org.testng.internal.TestMethodWithDataProviderMethodWorker.call(TestMethodWithDataProviderMethodWorker.java:15)
	at java.base/java.util.concurrent.FutureTask.run(FutureTask.java:264)
	at java.base/java.util.concurrent.Executors$RunnableAdapter.call(Executors.java:515)
	at java.base/java.util.concurrent.FutureTask.run(FutureTask.java:264)
	at java.base/java.util.concurrent.ThreadPoolExecutor.runWorker(ThreadPoolExecutor.java:1128)
	at java.base/java.util.concurrent.ThreadPoolExecutor$Worker.run(ThreadPoolExecutor.java:628)
	at java.base/java.lang.Thread.run(Thread.java:830)
</pre></div></td>
<td>19</td>
<td>com.tms.tests.StaffPageTest@1ea9f6af</td></tr>
<tr>
<td title='com.tms.tests.StaffPageTest.AddnewRecordTest()'><b>AddnewRecordTest</b><br>Test class: com.tms.tests.StaffPageTest<br>Test method: Verify that AddnewRecordTest working or not<br>Parameters: {FeesPaid=, Email=, Computer Navigation Skill=, Unit=, Scheduleinfodesc=, linkedIn URL=, reference=, password=123456, Billing Address=, Remarks=, Postalcode=, Street=, Education Qualification=, confirmpassword=, Name2=, Threshold=, Contact Number=, Date Of Birth=, Company Contact Person=, Meal Restrictions Type=, Billing Country=, testname=AddnewRecordTest, execute=yes, Experience=, submenu=Staff, newpassword1=, name=          , Block=, name1=, Building=, Salary=, Description=, phonenumber=           , EnterText=, Course Brochure Determined=, Company Contact Person Number=, Learning Mode=, Deadline Date=, browser=firefox, Mobile No=, Email1=, Nric=, Sponsored=, Domain Area of Practice=, Room=, Billing Email=, email=          , Age=, Floor=, Designation=, Maxintakesize=, menuname=Users, Coursecode=, Company Contact Person Email=, Coursevacdesc=, Scheduleinformation=, Company SME=, TPGateway=, Billing Zip=, Minintakesize=, Nationality=, Payment Amount=, oldpassword1=, Company Name=, coursecode=, Meal Restrictions=, username=superadmin@mail.com, Scheduleinfo=}</td>
<td><div><pre>org.openqa.selenium.TimeoutException: Expected condition failed: waiting for element to be clickable: By.xpath: //a[text()=&apos;+ Add New&apos;] (tried for 10 second(s) with 500 milliseconds interval)
Build info: version: &apos;4.0.0-beta-3&apos;, revision: &apos;5d108f9a67&apos;
System info: host: &apos;ANDROIDPC&apos;, ip: &apos;192.168.110.72&apos;, os.name: &apos;Windows 10&apos;, os.arch: &apos;amd64&apos;, os.version: &apos;10.0&apos;, java.version: &apos;13.0.2&apos;
Driver info: org.openqa.selenium.firefox.FirefoxDriver
Capabilities {acceptInsecureCerts: true, browserName: firefox, browserVersion: 90.0, javascriptEnabled: true, moz:accessibilityChecks: false, moz:buildID: 20210705185941, moz:debuggerAddress: localhost:56084, moz:geckodriverVersion: 0.29.1, moz:headless: false, moz:processID: 1048, moz:profile: C:\Users\2Stallions\AppData..., moz:shutdownTimeout: 60000, moz:useNonSpecCompliantPointerOrigin: false, moz:webdriverClick: true, pageLoadStrategy: normal, platform: WINDOWS, platformName: WINDOWS, platformVersion: 10.0, proxy: Proxy(), se:cdp: ws://localhost:56084/devtoo..., se:cdpVersion: 85, setWindowRect: true, strictFileInteractability: false, timeouts: {implicit: 0, pageLoad: 300000, script: 30000}, unhandledPromptBehavior: dismiss and notify}
Session ID: 4b003037-4fa4-4d98-84e0-fa8d553b08ea
	at org.openqa.selenium.support.ui.WebDriverWait.timeoutException(WebDriverWait.java:138)
	at org.openqa.selenium.support.ui.FluentWait.until(FluentWait.java:231)
	at com.tms.factories.ExplicitWaitFactory.performExplicitWait(ExplicitWaitFactory.java:24)
	at com.tms.pages.BasePage.click(BasePage.java:21)
	at com.tms.pages.StaffPage.Addnewrecord(StaffPage.java:27)
	at com.tms.tests.StaffPageTest.AddnewRecordTest(StaffPageTest.java:24)
	at java.base/java.util.concurrent.FutureTask.run(FutureTask.java:264)
	at java.base/java.util.concurrent.Executors$RunnableAdapter.call(Executors.java:515)
	at java.base/java.util.concurrent.FutureTask.run(FutureTask.java:264)
	at java.base/java.util.concurrent.ThreadPoolExecutor.runWorker(ThreadPoolExecutor.java:1128)
	at java.base/java.util.concurrent.ThreadPoolExecutor$Worker.run(ThreadPoolExecutor.java:628)
	at java.base/java.lang.Thread.run(Thread.java:830)
... Removed 9 stack frames</pre></div><a href='#' onClick='toggleBox("stack-trace106952051", this, "Click to show all stack frames", "Click to hide stack frames")'>Click to show all stack frames</a>
<div class='stack-trace' id='stack-trace106952051'><pre>org.openqa.selenium.TimeoutException: Expected condition failed: waiting for element to be clickable: By.xpath: //a[text()=&apos;+ Add New&apos;] (tried for 10 second(s) with 500 milliseconds interval)
Build info: version: &apos;4.0.0-beta-3&apos;, revision: &apos;5d108f9a67&apos;
System info: host: &apos;ANDROIDPC&apos;, ip: &apos;192.168.110.72&apos;, os.name: &apos;Windows 10&apos;, os.arch: &apos;amd64&apos;, os.version: &apos;10.0&apos;, java.version: &apos;13.0.2&apos;
Driver info: org.openqa.selenium.firefox.FirefoxDriver
Capabilities {acceptInsecureCerts: true, browserName: firefox, browserVersion: 90.0, javascriptEnabled: true, moz:accessibilityChecks: false, moz:buildID: 20210705185941, moz:debuggerAddress: localhost:56084, moz:geckodriverVersion: 0.29.1, moz:headless: false, moz:processID: 1048, moz:profile: C:\Users\2Stallions\AppData..., moz:shutdownTimeout: 60000, moz:useNonSpecCompliantPointerOrigin: false, moz:webdriverClick: true, pageLoadStrategy: normal, platform: WINDOWS, platformName: WINDOWS, platformVersion: 10.0, proxy: Proxy(), se:cdp: ws://localhost:56084/devtoo..., se:cdpVersion: 85, setWindowRect: true, strictFileInteractability: false, timeouts: {implicit: 0, pageLoad: 300000, script: 30000}, unhandledPromptBehavior: dismiss and notify}
Session ID: 4b003037-4fa4-4d98-84e0-fa8d553b08ea
	at org.openqa.selenium.support.ui.WebDriverWait.timeoutException(WebDriverWait.java:138)
	at org.openqa.selenium.support.ui.FluentWait.until(FluentWait.java:231)
	at com.tms.factories.ExplicitWaitFactory.performExplicitWait(ExplicitWaitFactory.java:24)
	at com.tms.pages.BasePage.click(BasePage.java:21)
	at com.tms.pages.StaffPage.Addnewrecord(StaffPage.java:27)
	at com.tms.tests.StaffPageTest.AddnewRecordTest(StaffPageTest.java:24)
	at java.base/jdk.internal.reflect.NativeMethodAccessorImpl.invoke0(Native Method)
	at java.base/jdk.internal.reflect.NativeMethodAccessorImpl.invoke(NativeMethodAccessorImpl.java:62)
	at java.base/jdk.internal.reflect.DelegatingMethodAccessorImpl.invoke(DelegatingMethodAccessorImpl.java:43)
	at java.base/java.lang.reflect.Method.invoke(Method.java:567)
	at org.testng.internal.MethodInvocationHelper.invokeMethod(MethodInvocationHelper.java:132)
	at org.testng.internal.TestInvoker.invokeMethod(TestInvoker.java:599)
	at org.testng.internal.TestInvoker.invokeTestMethod(TestInvoker.java:174)
	at org.testng.internal.TestMethodWithDataProviderMethodWorker.call(TestMethodWithDataProviderMethodWorker.java:77)
	at org.testng.internal.TestMethodWithDataProviderMethodWorker.call(TestMethodWithDataProviderMethodWorker.java:15)
	at java.base/java.util.concurrent.FutureTask.run(FutureTask.java:264)
	at java.base/java.util.concurrent.Executors$RunnableAdapter.call(Executors.java:515)
	at java.base/java.util.concurrent.FutureTask.run(FutureTask.java:264)
	at java.base/java.util.concurrent.ThreadPoolExecutor.runWorker(ThreadPoolExecutor.java:1128)
	at java.base/java.util.concurrent.ThreadPoolExecutor$Worker.run(ThreadPoolExecutor.java:628)
	at java.base/java.lang.Thread.run(Thread.java:830)
</pre></div></td>
<td>15</td>
<td>com.tms.tests.StaffPageTest@1ea9f6af</td></tr>
<tr>
<td title='com.tms.tests.StaffPageTest.AddnewRecordTest()'><b>AddnewRecordTest</b><br>Test class: com.tms.tests.StaffPageTest<br>Test method: Verify that AddnewRecordTest working or not<br>Parameters: {FeesPaid=, Email=, Computer Navigation Skill=, Unit=, Scheduleinfodesc=, linkedIn URL=, reference=, password=123456, Billing Address=, Remarks=, Postalcode=, Street=, Education Qualification=, confirmpassword=, Name2=, Threshold=, Contact Number=, Date Of Birth=, Company Contact Person=, Meal Restrictions Type=, Billing Country=, testname=AddnewRecordTest, execute=yes, Experience=, submenu=Staff, newpassword1=, name=, Block=, name1=, Building=, Salary=, Description=, phonenumber=, EnterText=, Course Brochure Determined=, Company Contact Person Number=, Learning Mode=, Deadline Date=, browser=firefox, Mobile No=, Email1=, Nric=, Sponsored=, Domain Area of Practice=, Room=, Billing Email=, email=, Age=, Floor=, Designation=, Maxintakesize=, menuname=Users, Coursecode=, Company Contact Person Email=, Coursevacdesc=, Scheduleinformation=, Company SME=, TPGateway=, Billing Zip=, Minintakesize=, Nationality=, Payment Amount=, oldpassword1=, Company Name=, coursecode=, Meal Restrictions=, username=superadmin@mail.com, Scheduleinfo=}</td>
<td><div><pre>org.openqa.selenium.TimeoutException: Expected condition failed: waiting for element to be clickable: By.xpath: //a[text()=&apos;+ Add New&apos;] (tried for 10 second(s) with 500 milliseconds interval)
Build info: version: &apos;4.0.0-beta-3&apos;, revision: &apos;5d108f9a67&apos;
System info: host: &apos;ANDROIDPC&apos;, ip: &apos;192.168.110.72&apos;, os.name: &apos;Windows 10&apos;, os.arch: &apos;amd64&apos;, os.version: &apos;10.0&apos;, java.version: &apos;13.0.2&apos;
Driver info: org.openqa.selenium.firefox.FirefoxDriver
Capabilities {acceptInsecureCerts: true, browserName: firefox, browserVersion: 90.0, javascriptEnabled: true, moz:accessibilityChecks: false, moz:buildID: 20210705185941, moz:debuggerAddress: localhost:56085, moz:geckodriverVersion: 0.29.1, moz:headless: false, moz:processID: 20008, moz:profile: C:\Users\2Stallions\AppData..., moz:shutdownTimeout: 60000, moz:useNonSpecCompliantPointerOrigin: false, moz:webdriverClick: true, pageLoadStrategy: normal, platform: WINDOWS, platformName: WINDOWS, platformVersion: 10.0, proxy: Proxy(), se:cdp: ws://localhost:56085/devtoo..., se:cdpVersion: 85, setWindowRect: true, strictFileInteractability: false, timeouts: {implicit: 0, pageLoad: 300000, script: 30000}, unhandledPromptBehavior: dismiss and notify}
Session ID: d0828c40-5f0a-4803-b5f1-0fffe524a472
	at org.openqa.selenium.support.ui.WebDriverWait.timeoutException(WebDriverWait.java:138)
	at org.openqa.selenium.support.ui.FluentWait.until(FluentWait.java:231)
	at com.tms.factories.ExplicitWaitFactory.performExplicitWait(ExplicitWaitFactory.java:24)
	at com.tms.pages.BasePage.click(BasePage.java:21)
	at com.tms.pages.StaffPage.Addnewrecord(StaffPage.java:27)
	at com.tms.tests.StaffPageTest.AddnewRecordTest(StaffPageTest.java:24)
	at java.base/java.util.concurrent.FutureTask.run(FutureTask.java:264)
	at java.base/java.util.concurrent.Executors$RunnableAdapter.call(Executors.java:515)
	at java.base/java.util.concurrent.FutureTask.run(FutureTask.java:264)
	at java.base/java.util.concurrent.ThreadPoolExecutor.runWorker(ThreadPoolExecutor.java:1128)
	at java.base/java.util.concurrent.ThreadPoolExecutor$Worker.run(ThreadPoolExecutor.java:628)
	at java.base/java.lang.Thread.run(Thread.java:830)
... Removed 9 stack frames</pre></div><a href='#' onClick='toggleBox("stack-trace1746864022", this, "Click to show all stack frames", "Click to hide stack frames")'>Click to show all stack frames</a>
<div class='stack-trace' id='stack-trace1746864022'><pre>org.openqa.selenium.TimeoutException: Expected condition failed: waiting for element to be clickable: By.xpath: //a[text()=&apos;+ Add New&apos;] (tried for 10 second(s) with 500 milliseconds interval)
Build info: version: &apos;4.0.0-beta-3&apos;, revision: &apos;5d108f9a67&apos;
System info: host: &apos;ANDROIDPC&apos;, ip: &apos;192.168.110.72&apos;, os.name: &apos;Windows 10&apos;, os.arch: &apos;amd64&apos;, os.version: &apos;10.0&apos;, java.version: &apos;13.0.2&apos;
Driver info: org.openqa.selenium.firefox.FirefoxDriver
Capabilities {acceptInsecureCerts: true, browserName: firefox, browserVersion: 90.0, javascriptEnabled: true, moz:accessibilityChecks: false, moz:buildID: 20210705185941, moz:debuggerAddress: localhost:56085, moz:geckodriverVersion: 0.29.1, moz:headless: false, moz:processID: 20008, moz:profile: C:\Users\2Stallions\AppData..., moz:shutdownTimeout: 60000, moz:useNonSpecCompliantPointerOrigin: false, moz:webdriverClick: true, pageLoadStrategy: normal, platform: WINDOWS, platformName: WINDOWS, platformVersion: 10.0, proxy: Proxy(), se:cdp: ws://localhost:56085/devtoo..., se:cdpVersion: 85, setWindowRect: true, strictFileInteractability: false, timeouts: {implicit: 0, pageLoad: 300000, script: 30000}, unhandledPromptBehavior: dismiss and notify}
Session ID: d0828c40-5f0a-4803-b5f1-0fffe524a472
	at org.openqa.selenium.support.ui.WebDriverWait.timeoutException(WebDriverWait.java:138)
	at org.openqa.selenium.support.ui.FluentWait.until(FluentWait.java:231)
	at com.tms.factories.ExplicitWaitFactory.performExplicitWait(ExplicitWaitFactory.java:24)
	at com.tms.pages.BasePage.click(BasePage.java:21)
	at com.tms.pages.StaffPage.Addnewrecord(StaffPage.java:27)
	at com.tms.tests.StaffPageTest.AddnewRecordTest(StaffPageTest.java:24)
	at java.base/jdk.internal.reflect.NativeMethodAccessorImpl.invoke0(Native Method)
	at java.base/jdk.internal.reflect.NativeMethodAccessorImpl.invoke(NativeMethodAccessorImpl.java:62)
	at java.base/jdk.internal.reflect.DelegatingMethodAccessorImpl.invoke(DelegatingMethodAccessorImpl.java:43)
	at java.base/java.lang.reflect.Method.invoke(Method.java:567)
	at org.testng.internal.MethodInvocationHelper.invokeMethod(MethodInvocationHelper.java:132)
	at org.testng.internal.TestInvoker.invokeMethod(TestInvoker.java:599)
	at org.testng.internal.TestInvoker.invokeTestMethod(TestInvoker.java:174)
	at org.testng.internal.TestMethodWithDataProviderMethodWorker.call(TestMethodWithDataProviderMethodWorker.java:77)
	at org.testng.internal.TestMethodWithDataProviderMethodWorker.call(TestMethodWithDataProviderMethodWorker.java:15)
	at java.base/java.util.concurrent.FutureTask.run(FutureTask.java:264)
	at java.base/java.util.concurrent.Executors$RunnableAdapter.call(Executors.java:515)
	at java.base/java.util.concurrent.FutureTask.run(FutureTask.java:264)
	at java.base/java.util.concurrent.ThreadPoolExecutor.runWorker(ThreadPoolExecutor.java:1128)
	at java.base/java.util.concurrent.ThreadPoolExecutor$Worker.run(ThreadPoolExecutor.java:628)
	at java.base/java.lang.Thread.run(Thread.java:830)
</pre></div></td>
<td>17</td>
<td>com.tms.tests.StaffPageTest@1ea9f6af</td></tr>
<tr>
<td title='com.tms.tests.TrainerPageTest.AddnewTrainerRecordTest()'><b>AddnewTrainerRecordTest</b><br>Test class: com.tms.tests.TrainerPageTest<br>Test method: Verify that AddnewTrainerRecordTest working or not<br>Parameters: {FeesPaid=, Email=, Computer Navigation Skill=, Unit=, Scheduleinfodesc=, linkedIn URL=Linkedin learning courses, reference=, password=123456, Billing Address=, Remarks=, Postalcode=, Street=, Education Qualification=, confirmpassword=, Name2=, Threshold=, Contact Number=, Date Of Birth=, Company Contact Person=, Meal Restrictions Type=, Billing Country=, testname=AddnewTrainerRecordTest, execute=yes, Experience=Trainer testing Experience, submenu=Trainer, newpassword1=, name=Recordaddtesting123, Block=, name1=, Building=, Salary=, Description=Details of the trainer regarding courses, phonenumber=888121252, EnterText=, Course Brochure Determined=, Company Contact Person Number=, Learning Mode=, Deadline Date=, browser=firefox, Mobile No=, Email1=, Nric=, Sponsored=, Domain Area of Practice=trainer are located in mailinator, Room=, Billing Email=, email=recordtesting123@mailinator.com, Age=, Floor=, Designation=, Maxintakesize=, menuname=Users, Coursecode=, Company Contact Person Email=, Coursevacdesc=, Scheduleinformation=, Company SME=, TPGateway=, Billing Zip=, Minintakesize=, Nationality=, Payment Amount=, oldpassword1=, Company Name=, coursecode=, Meal Restrictions=, username=superadmin@mail.com, Scheduleinfo=}</td>
<td><div><pre>org.openqa.selenium.TimeoutException: Expected condition failed: waiting for element to be clickable: By.xpath: //a[text()=&apos;+ Add New&apos;] (tried for 10 second(s) with 500 milliseconds interval)
Build info: version: &apos;4.0.0-beta-3&apos;, revision: &apos;5d108f9a67&apos;
System info: host: &apos;ANDROIDPC&apos;, ip: &apos;192.168.110.72&apos;, os.name: &apos;Windows 10&apos;, os.arch: &apos;amd64&apos;, os.version: &apos;10.0&apos;, java.version: &apos;13.0.2&apos;
Driver info: org.openqa.selenium.firefox.FirefoxDriver
Capabilities {acceptInsecureCerts: true, browserName: firefox, browserVersion: 90.0, javascriptEnabled: true, moz:accessibilityChecks: false, moz:buildID: 20210705185941, moz:debuggerAddress: localhost:52503, moz:geckodriverVersion: 0.29.1, moz:headless: false, moz:processID: 7836, moz:profile: C:\Users\2Stallions\AppData..., moz:shutdownTimeout: 60000, moz:useNonSpecCompliantPointerOrigin: false, moz:webdriverClick: true, pageLoadStrategy: normal, platform: WINDOWS, platformName: WINDOWS, platformVersion: 10.0, proxy: Proxy(), se:cdp: ws://localhost:52503/devtoo..., se:cdpVersion: 85, setWindowRect: true, strictFileInteractability: false, timeouts: {implicit: 0, pageLoad: 300000, script: 30000}, unhandledPromptBehavior: dismiss and notify}
Session ID: 5e19f91c-d2b5-41d6-822e-3888dbfa40ab
	at org.openqa.selenium.support.ui.WebDriverWait.timeoutException(WebDriverWait.java:138)
	at org.openqa.selenium.support.ui.FluentWait.until(FluentWait.java:231)
	at com.tms.factories.ExplicitWaitFactory.performExplicitWait(ExplicitWaitFactory.java:24)
	at com.tms.pages.BasePage.click(BasePage.java:21)
	at com.tms.pages.TrainerPage.Addnewrecord(TrainerPage.java:44)
	at com.tms.tests.TrainerPageTest.AddnewTrainerRecordTest(TrainerPageTest.java:25)
	at java.base/java.util.concurrent.FutureTask.run(FutureTask.java:264)
	at java.base/java.util.concurrent.Executors$RunnableAdapter.call(Executors.java:515)
	at java.base/java.util.concurrent.FutureTask.run(FutureTask.java:264)
	at java.base/java.util.concurrent.ThreadPoolExecutor.runWorker(ThreadPoolExecutor.java:1128)
	at java.base/java.util.concurrent.ThreadPoolExecutor$Worker.run(ThreadPoolExecutor.java:628)
	at java.base/java.lang.Thread.run(Thread.java:830)
... Removed 9 stack frames</pre></div><a href='#' onClick='toggleBox("stack-trace2002947998", this, "Click to show all stack frames", "Click to hide stack frames")'>Click to show all stack frames</a>
<div class='stack-trace' id='stack-trace2002947998'><pre>org.openqa.selenium.TimeoutException: Expected condition failed: waiting for element to be clickable: By.xpath: //a[text()=&apos;+ Add New&apos;] (tried for 10 second(s) with 500 milliseconds interval)
Build info: version: &apos;4.0.0-beta-3&apos;, revision: &apos;5d108f9a67&apos;
System info: host: &apos;ANDROIDPC&apos;, ip: &apos;192.168.110.72&apos;, os.name: &apos;Windows 10&apos;, os.arch: &apos;amd64&apos;, os.version: &apos;10.0&apos;, java.version: &apos;13.0.2&apos;
Driver info: org.openqa.selenium.firefox.FirefoxDriver
Capabilities {acceptInsecureCerts: true, browserName: firefox, browserVersion: 90.0, javascriptEnabled: true, moz:accessibilityChecks: false, moz:buildID: 20210705185941, moz:debuggerAddress: localhost:52503, moz:geckodriverVersion: 0.29.1, moz:headless: false, moz:processID: 7836, moz:profile: C:\Users\2Stallions\AppData..., moz:shutdownTimeout: 60000, moz:useNonSpecCompliantPointerOrigin: false, moz:webdriverClick: true, pageLoadStrategy: normal, platform: WINDOWS, platformName: WINDOWS, platformVersion: 10.0, proxy: Proxy(), se:cdp: ws://localhost:52503/devtoo..., se:cdpVersion: 85, setWindowRect: true, strictFileInteractability: false, timeouts: {implicit: 0, pageLoad: 300000, script: 30000}, unhandledPromptBehavior: dismiss and notify}
Session ID: 5e19f91c-d2b5-41d6-822e-3888dbfa40ab
	at org.openqa.selenium.support.ui.WebDriverWait.timeoutException(WebDriverWait.java:138)
	at org.openqa.selenium.support.ui.FluentWait.until(FluentWait.java:231)
	at com.tms.factories.ExplicitWaitFactory.performExplicitWait(ExplicitWaitFactory.java:24)
	at com.tms.pages.BasePage.click(BasePage.java:21)
	at com.tms.pages.TrainerPage.Addnewrecord(TrainerPage.java:44)
	at com.tms.tests.TrainerPageTest.AddnewTrainerRecordTest(TrainerPageTest.java:25)
	at java.base/jdk.internal.reflect.NativeMethodAccessorImpl.invoke0(Native Method)
	at java.base/jdk.internal.reflect.NativeMethodAccessorImpl.invoke(NativeMethodAccessorImpl.java:62)
	at java.base/jdk.internal.reflect.DelegatingMethodAccessorImpl.invoke(DelegatingMethodAccessorImpl.java:43)
	at java.base/java.lang.reflect.Method.invoke(Method.java:567)
	at org.testng.internal.MethodInvocationHelper.invokeMethod(MethodInvocationHelper.java:132)
	at org.testng.internal.TestInvoker.invokeMethod(TestInvoker.java:599)
	at org.testng.internal.TestInvoker.invokeTestMethod(TestInvoker.java:174)
	at org.testng.internal.TestMethodWithDataProviderMethodWorker.call(TestMethodWithDataProviderMethodWorker.java:77)
	at org.testng.internal.TestMethodWithDataProviderMethodWorker.call(TestMethodWithDataProviderMethodWorker.java:15)
	at java.base/java.util.concurrent.FutureTask.run(FutureTask.java:264)
	at java.base/java.util.concurrent.Executors$RunnableAdapter.call(Executors.java:515)
	at java.base/java.util.concurrent.FutureTask.run(FutureTask.java:264)
	at java.base/java.util.concurrent.ThreadPoolExecutor.runWorker(ThreadPoolExecutor.java:1128)
	at java.base/java.util.concurrent.ThreadPoolExecutor$Worker.run(ThreadPoolExecutor.java:628)
	at java.base/java.lang.Thread.run(Thread.java:830)
</pre></div></td>
<td>15</td>
<td>com.tms.tests.TrainerPageTest@6a192cfe</td></tr>
<tr>
<td title='com.tms.tests.VenuePageTest.AddnewVenueRecordTest()'><b>AddnewVenueRecordTest</b><br>Test class: com.tms.tests.VenuePageTest<br>Test method: Verify that AddnewVenueRecordTest working or not<br>Parameters: {FeesPaid=, Email=, Computer Navigation Skill=, Unit=testing unit1, Scheduleinfodesc=, linkedIn URL=, reference=, password=123456, Billing Address=, Remarks=, Postalcode=389350, Street=Testing Street, Education Qualification=, confirmpassword=, Name2=, Threshold=, Contact Number=, Date Of Birth=, Company Contact Person=, Meal Restrictions Type=, Billing Country=, testname=AddnewVenueRecordTest, execute=yes, Experience=, submenu=, newpassword1=, name=, Block=Testing block, name1=, Building=testing building 1, Salary=, Description=, phonenumber=, EnterText=, Course Brochure Determined=, Company Contact Person Number=, Learning Mode=, Deadline Date=, browser=firefox, Mobile No=, Email1=, Nric=, Sponsored=, Domain Area of Practice=, Room=testing room 1, Billing Email=, email=, Age=, Floor=testing floor1, Designation=, Maxintakesize=, menuname=Venue, Coursecode=, Company Contact Person Email=, Coursevacdesc=, Scheduleinformation=, Company SME=, TPGateway=, Billing Zip=, Minintakesize=, Nationality=, Payment Amount=, oldpassword1=, Company Name=, coursecode=, Meal Restrictions=, username=superadmin@mail.com, Scheduleinfo=}</td>
<td><div><pre>org.openqa.selenium.TimeoutException: Expected condition failed: waiting for element to be clickable: By.xpath: //a[text()=&apos;+ Add New&apos;] (tried for 10 second(s) with 500 milliseconds interval)
Build info: version: &apos;4.0.0-beta-3&apos;, revision: &apos;5d108f9a67&apos;
System info: host: &apos;ANDROIDPC&apos;, ip: &apos;192.168.110.72&apos;, os.name: &apos;Windows 10&apos;, os.arch: &apos;amd64&apos;, os.version: &apos;10.0&apos;, java.version: &apos;13.0.2&apos;
Driver info: org.openqa.selenium.firefox.FirefoxDriver
Capabilities {acceptInsecureCerts: true, browserName: firefox, browserVersion: 90.0, javascriptEnabled: true, moz:accessibilityChecks: false, moz:buildID: 20210705185941, moz:debuggerAddress: localhost:54876, moz:geckodriverVersion: 0.29.1, moz:headless: false, moz:processID: 15520, moz:profile: C:\Users\2Stallions\AppData..., moz:shutdownTimeout: 60000, moz:useNonSpecCompliantPointerOrigin: false, moz:webdriverClick: true, pageLoadStrategy: normal, platform: WINDOWS, platformName: WINDOWS, platformVersion: 10.0, proxy: Proxy(), se:cdp: ws://localhost:54876/devtoo..., se:cdpVersion: 85, setWindowRect: true, strictFileInteractability: false, timeouts: {implicit: 0, pageLoad: 300000, script: 30000}, unhandledPromptBehavior: dismiss and notify}
Session ID: 14d48c8f-2849-413d-8540-e176c824f7e5
	at org.openqa.selenium.support.ui.WebDriverWait.timeoutException(WebDriverWait.java:138)
	at org.openqa.selenium.support.ui.FluentWait.until(FluentWait.java:231)
	at com.tms.factories.ExplicitWaitFactory.performExplicitWait(ExplicitWaitFactory.java:24)
	at com.tms.pages.BasePage.click(BasePage.java:21)
	at com.tms.pages.VenuePage.Addnewrecord(VenuePage.java:26)
	at com.tms.tests.VenuePageTest.AddnewVenueRecordTest(VenuePageTest.java:26)
	at java.base/java.util.concurrent.FutureTask.run(FutureTask.java:264)
	at java.base/java.util.concurrent.Executors$RunnableAdapter.call(Executors.java:515)
	at java.base/java.util.concurrent.FutureTask.run(FutureTask.java:264)
	at java.base/java.util.concurrent.ThreadPoolExecutor.runWorker(ThreadPoolExecutor.java:1128)
	at java.base/java.util.concurrent.ThreadPoolExecutor$Worker.run(ThreadPoolExecutor.java:628)
	at java.base/java.lang.Thread.run(Thread.java:830)
... Removed 9 stack frames</pre></div><a href='#' onClick='toggleBox("stack-trace62892314", this, "Click to show all stack frames", "Click to hide stack frames")'>Click to show all stack frames</a>
<div class='stack-trace' id='stack-trace62892314'><pre>org.openqa.selenium.TimeoutException: Expected condition failed: waiting for element to be clickable: By.xpath: //a[text()=&apos;+ Add New&apos;] (tried for 10 second(s) with 500 milliseconds interval)
Build info: version: &apos;4.0.0-beta-3&apos;, revision: &apos;5d108f9a67&apos;
System info: host: &apos;ANDROIDPC&apos;, ip: &apos;192.168.110.72&apos;, os.name: &apos;Windows 10&apos;, os.arch: &apos;amd64&apos;, os.version: &apos;10.0&apos;, java.version: &apos;13.0.2&apos;
Driver info: org.openqa.selenium.firefox.FirefoxDriver
Capabilities {acceptInsecureCerts: true, browserName: firefox, browserVersion: 90.0, javascriptEnabled: true, moz:accessibilityChecks: false, moz:buildID: 20210705185941, moz:debuggerAddress: localhost:54876, moz:geckodriverVersion: 0.29.1, moz:headless: false, moz:processID: 15520, moz:profile: C:\Users\2Stallions\AppData..., moz:shutdownTimeout: 60000, moz:useNonSpecCompliantPointerOrigin: false, moz:webdriverClick: true, pageLoadStrategy: normal, platform: WINDOWS, platformName: WINDOWS, platformVersion: 10.0, proxy: Proxy(), se:cdp: ws://localhost:54876/devtoo..., se:cdpVersion: 85, setWindowRect: true, strictFileInteractability: false, timeouts: {implicit: 0, pageLoad: 300000, script: 30000}, unhandledPromptBehavior: dismiss and notify}
Session ID: 14d48c8f-2849-413d-8540-e176c824f7e5
	at org.openqa.selenium.support.ui.WebDriverWait.timeoutException(WebDriverWait.java:138)
	at org.openqa.selenium.support.ui.FluentWait.until(FluentWait.java:231)
	at com.tms.factories.ExplicitWaitFactory.performExplicitWait(ExplicitWaitFactory.java:24)
	at com.tms.pages.BasePage.click(BasePage.java:21)
	at com.tms.pages.VenuePage.Addnewrecord(VenuePage.java:26)
	at com.tms.tests.VenuePageTest.AddnewVenueRecordTest(VenuePageTest.java:26)
	at java.base/jdk.internal.reflect.NativeMethodAccessorImpl.invoke0(Native Method)
	at java.base/jdk.internal.reflect.NativeMethodAccessorImpl.invoke(NativeMethodAccessorImpl.java:62)
	at java.base/jdk.internal.reflect.DelegatingMethodAccessorImpl.invoke(DelegatingMethodAccessorImpl.java:43)
	at java.base/java.lang.reflect.Method.invoke(Method.java:567)
	at org.testng.internal.MethodInvocationHelper.invokeMethod(MethodInvocationHelper.java:132)
	at org.testng.internal.TestInvoker.invokeMethod(TestInvoker.java:599)
	at org.testng.internal.TestInvoker.invokeTestMethod(TestInvoker.java:174)
	at org.testng.internal.TestMethodWithDataProviderMethodWorker.call(TestMethodWithDataProviderMethodWorker.java:77)
	at org.testng.internal.TestMethodWithDataProviderMethodWorker.call(TestMethodWithDataProviderMethodWorker.java:15)
	at java.base/java.util.concurrent.FutureTask.run(FutureTask.java:264)
	at java.base/java.util.concurrent.Executors$RunnableAdapter.call(Executors.java:515)
	at java.base/java.util.concurrent.FutureTask.run(FutureTask.java:264)
	at java.base/java.util.concurrent.ThreadPoolExecutor.runWorker(ThreadPoolExecutor.java:1128)
	at java.base/java.util.concurrent.ThreadPoolExecutor$Worker.run(ThreadPoolExecutor.java:628)
	at java.base/java.lang.Thread.run(Thread.java:830)
</pre></div></td>
<td>16</td>
<td>com.tms.tests.VenuePageTest@5119fb47</td></tr>
<tr>
<td title='com.tms.tests.CoursePageTest.EditCourseRecordTest()'><b>EditCourseRecordTest</b><br>Test class: com.tms.tests.CoursePageTest<br>Test method: Verify that EditCourseRecordTest working or not<br>Parameters: {FeesPaid=, Email=, Computer Navigation Skill=, Unit=, Scheduleinfodesc=, linkedIn URL=, reference=585466464, password=123456, Billing Address=, Remarks=, Postalcode=, Street=, Education Qualification=, confirmpassword=, Name2=, Threshold=, Contact Number=, Date Of Birth=, Company Contact Person=, Meal Restrictions Type=, Billing Country=, testname=EditCourseRecordTest, execute=yes, Experience=, submenu=Course List, newpassword1=, name=, Block=, name1=Edit Record Test, Building=, Salary=, Description=, phonenumber=, EnterText=, Course Brochure Determined=, Company Contact Person Number=, Learning Mode=, Deadline Date=, browser=firefox, Mobile No=, Email1=, Nric=, Sponsored=, Domain Area of Practice=, Room=, Billing Email=, email=, Age=, Floor=, Designation=, Maxintakesize=, menuname=Course, Coursecode=, Company Contact Person Email=, Coursevacdesc=, Scheduleinformation=, Company SME=, TPGateway=, Billing Zip=, Minintakesize=, Nationality=, Payment Amount=, oldpassword1=, Company Name=, coursecode=EH2452256, Meal Restrictions=, username=superadmin@mail.com, Scheduleinfo=}</td>
<td><div><pre>org.openqa.selenium.TimeoutException: Expected condition failed: waiting for element to be clickable: By.xpath: //ul[@class=&apos;nav metismenu in mm-show&apos;]//i//following-sibling::span[text()=&apos;Course&apos;]/ancestor::a/following-sibling::ul/li/a[text()=&apos;Course List&apos;] (tried for 10 second(s) with 500 milliseconds interval)
Build info: version: &apos;4.0.0-beta-3&apos;, revision: &apos;5d108f9a67&apos;
System info: host: &apos;ANDROIDPC&apos;, ip: &apos;192.168.110.72&apos;, os.name: &apos;Windows 10&apos;, os.arch: &apos;amd64&apos;, os.version: &apos;10.0&apos;, java.version: &apos;13.0.2&apos;
Driver info: org.openqa.selenium.firefox.FirefoxDriver
Capabilities {acceptInsecureCerts: true, browserName: firefox, browserVersion: 90.0, javascriptEnabled: true, moz:accessibilityChecks: false, moz:buildID: 20210705185941, moz:debuggerAddress: localhost:58401, moz:geckodriverVersion: 0.29.1, moz:headless: false, moz:processID: 1912, moz:profile: C:\Users\2Stallions\AppData..., moz:shutdownTimeout: 60000, moz:useNonSpecCompliantPointerOrigin: false, moz:webdriverClick: true, pageLoadStrategy: normal, platform: WINDOWS, platformName: WINDOWS, platformVersion: 10.0, proxy: Proxy(), se:cdp: ws://localhost:58401/devtoo..., se:cdpVersion: 85, setWindowRect: true, strictFileInteractability: false, timeouts: {implicit: 0, pageLoad: 300000, script: 30000}, unhandledPromptBehavior: dismiss and notify}
Session ID: 645eff19-a67b-4f86-bce9-a75e943eb758
	at org.openqa.selenium.support.ui.WebDriverWait.timeoutException(WebDriverWait.java:138)
	at org.openqa.selenium.support.ui.FluentWait.until(FluentWait.java:231)
	at com.tms.factories.ExplicitWaitFactory.performExplicitWait(ExplicitWaitFactory.java:24)
	at com.tms.pages.BasePage.click(BasePage.java:21)
	at com.tms.pages.DashboardPage.clickonSubMenu(DashboardPage.java:30)
	at com.tms.tests.CoursePageTest.EditCourseRecordTest(CoursePageTest.java:46)
	at java.base/java.util.concurrent.FutureTask.run(FutureTask.java:264)
	at java.base/java.util.concurrent.Executors$RunnableAdapter.call(Executors.java:515)
	at java.base/java.util.concurrent.FutureTask.run(FutureTask.java:264)
	at java.base/java.util.concurrent.ThreadPoolExecutor.runWorker(ThreadPoolExecutor.java:1128)
	at java.base/java.util.concurrent.ThreadPoolExecutor$Worker.run(ThreadPoolExecutor.java:628)
	at java.base/java.lang.Thread.run(Thread.java:830)
... Removed 9 stack frames</pre></div><a href='#' onClick='toggleBox("stack-trace936363368", this, "Click to show all stack frames", "Click to hide stack frames")'>Click to show all stack frames</a>
<div class='stack-trace' id='stack-trace936363368'><pre>org.openqa.selenium.TimeoutException: Expected condition failed: waiting for element to be clickable: By.xpath: //ul[@class=&apos;nav metismenu in mm-show&apos;]//i//following-sibling::span[text()=&apos;Course&apos;]/ancestor::a/following-sibling::ul/li/a[text()=&apos;Course List&apos;] (tried for 10 second(s) with 500 milliseconds interval)
Build info: version: &apos;4.0.0-beta-3&apos;, revision: &apos;5d108f9a67&apos;
System info: host: &apos;ANDROIDPC&apos;, ip: &apos;192.168.110.72&apos;, os.name: &apos;Windows 10&apos;, os.arch: &apos;amd64&apos;, os.version: &apos;10.0&apos;, java.version: &apos;13.0.2&apos;
Driver info: org.openqa.selenium.firefox.FirefoxDriver
Capabilities {acceptInsecureCerts: true, browserName: firefox, browserVersion: 90.0, javascriptEnabled: true, moz:accessibilityChecks: false, moz:buildID: 20210705185941, moz:debuggerAddress: localhost:58401, moz:geckodriverVersion: 0.29.1, moz:headless: false, moz:processID: 1912, moz:profile: C:\Users\2Stallions\AppData..., moz:shutdownTimeout: 60000, moz:useNonSpecCompliantPointerOrigin: false, moz:webdriverClick: true, pageLoadStrategy: normal, platform: WINDOWS, platformName: WINDOWS, platformVersion: 10.0, proxy: Proxy(), se:cdp: ws://localhost:58401/devtoo..., se:cdpVersion: 85, setWindowRect: true, strictFileInteractability: false, timeouts: {implicit: 0, pageLoad: 300000, script: 30000}, unhandledPromptBehavior: dismiss and notify}
Session ID: 645eff19-a67b-4f86-bce9-a75e943eb758
	at org.openqa.selenium.support.ui.WebDriverWait.timeoutException(WebDriverWait.java:138)
	at org.openqa.selenium.support.ui.FluentWait.until(FluentWait.java:231)
	at com.tms.factories.ExplicitWaitFactory.performExplicitWait(ExplicitWaitFactory.java:24)
	at com.tms.pages.BasePage.click(BasePage.java:21)
	at com.tms.pages.DashboardPage.clickonSubMenu(DashboardPage.java:30)
	at com.tms.tests.CoursePageTest.EditCourseRecordTest(CoursePageTest.java:46)
	at java.base/jdk.internal.reflect.NativeMethodAccessorImpl.invoke0(Native Method)
	at java.base/jdk.internal.reflect.NativeMethodAccessorImpl.invoke(NativeMethodAccessorImpl.java:62)
	at java.base/jdk.internal.reflect.DelegatingMethodAccessorImpl.invoke(DelegatingMethodAccessorImpl.java:43)
	at java.base/java.lang.reflect.Method.invoke(Method.java:567)
	at org.testng.internal.MethodInvocationHelper.invokeMethod(MethodInvocationHelper.java:132)
	at org.testng.internal.TestInvoker.invokeMethod(TestInvoker.java:599)
	at org.testng.internal.TestInvoker.invokeTestMethod(TestInvoker.java:174)
	at org.testng.internal.TestMethodWithDataProviderMethodWorker.call(TestMethodWithDataProviderMethodWorker.java:77)
	at org.testng.internal.TestMethodWithDataProviderMethodWorker.call(TestMethodWithDataProviderMethodWorker.java:15)
	at java.base/java.util.concurrent.FutureTask.run(FutureTask.java:264)
	at java.base/java.util.concurrent.Executors$RunnableAdapter.call(Executors.java:515)
	at java.base/java.util.concurrent.FutureTask.run(FutureTask.java:264)
	at java.base/java.util.concurrent.ThreadPoolExecutor.runWorker(ThreadPoolExecutor.java:1128)
	at java.base/java.util.concurrent.ThreadPoolExecutor$Worker.run(ThreadPoolExecutor.java:628)
	at java.base/java.lang.Thread.run(Thread.java:830)
</pre></div></td>
<td>14</td>
<td>com.tms.tests.CoursePageTest@7193666c</td></tr>
<tr>
<td title='com.tms.tests.CourseRunPageTest.EditCourseRunRecordTest()'><b>EditCourseRunRecordTest</b><br>Test class: com.tms.tests.CourseRunPageTest<br>Test method: Verify that EditCourseRunRecordTest working or not<br>Parameters: {FeesPaid=, Email=, Computer Navigation Skill=, Unit=, Scheduleinfodesc=Edit record Testing Schedule info Descriptions, linkedIn URL=, reference=, password=123456, Billing Address=, Remarks=, Postalcode=, Street=, Education Qualification=, confirmpassword=, Name2=, Threshold=10, Contact Number=, Date Of Birth=, Company Contact Person=, Meal Restrictions Type=, Billing Country=, testname=EditCourseRunRecordTest, execute=yes, Experience=, submenu=Course List, newpassword1=, name=, Block=, name1=, Building=, Salary=, Description=, phonenumber=, EnterText=, Course Brochure Determined=, Company Contact Person Number=, Learning Mode=, Deadline Date=, browser=firefox, Mobile No=, Email1=, Nric=, Sponsored=, Domain Area of Practice=, Room=, Billing Email=, email=, Age=, Floor=, Designation=, Maxintakesize=15, menuname=Course, Coursecode=Testing 123, Company Contact Person Email=, Coursevacdesc=Edit record Course Vacancy Descriptions, Scheduleinformation=Edit record Scheduleinformation123, Company SME=, TPGateway=, Billing Zip=, Minintakesize=5, Nationality=, Payment Amount=, oldpassword1=, Company Name=, coursecode=, Meal Restrictions=, username=superadmin@mail.com, Scheduleinfo=Edit record Testing Schedule Info}</td>
<td><div><pre>org.openqa.selenium.TimeoutException: Expected condition failed: waiting for element to be clickable: By.xpath: //ul[@class=&apos;nav metismenu in mm-show&apos;]//i//following-sibling::span[text()=&apos;Course&apos;]/ancestor::a/following-sibling::ul/li/a[text()=&apos;Course List&apos;] (tried for 10 second(s) with 500 milliseconds interval)
Build info: version: &apos;4.0.0-beta-3&apos;, revision: &apos;5d108f9a67&apos;
System info: host: &apos;ANDROIDPC&apos;, ip: &apos;192.168.110.72&apos;, os.name: &apos;Windows 10&apos;, os.arch: &apos;amd64&apos;, os.version: &apos;10.0&apos;, java.version: &apos;13.0.2&apos;
Driver info: org.openqa.selenium.firefox.FirefoxDriver
Capabilities {acceptInsecureCerts: true, browserName: firefox, browserVersion: 90.0, javascriptEnabled: true, moz:accessibilityChecks: false, moz:buildID: 20210705185941, moz:debuggerAddress: localhost:53082, moz:geckodriverVersion: 0.29.1, moz:headless: false, moz:processID: 11784, moz:profile: C:\Users\2Stallions\AppData..., moz:shutdownTimeout: 60000, moz:useNonSpecCompliantPointerOrigin: false, moz:webdriverClick: true, pageLoadStrategy: normal, platform: WINDOWS, platformName: WINDOWS, platformVersion: 10.0, proxy: Proxy(), se:cdp: ws://localhost:53082/devtoo..., se:cdpVersion: 85, setWindowRect: true, strictFileInteractability: false, timeouts: {implicit: 0, pageLoad: 300000, script: 30000}, unhandledPromptBehavior: dismiss and notify}
Session ID: bb22cb5e-d73e-4745-84b4-eca49b442e00
	at org.openqa.selenium.support.ui.WebDriverWait.timeoutException(WebDriverWait.java:138)
	at org.openqa.selenium.support.ui.FluentWait.until(FluentWait.java:231)
	at com.tms.factories.ExplicitWaitFactory.performExplicitWait(ExplicitWaitFactory.java:24)
	at com.tms.pages.BasePage.click(BasePage.java:21)
	at com.tms.pages.DashboardPage.clickonSubMenu(DashboardPage.java:30)
	at com.tms.tests.CourseRunPageTest.EditCourseRunRecordTest(CourseRunPageTest.java:60)
	at java.base/java.util.concurrent.FutureTask.run(FutureTask.java:264)
	at java.base/java.util.concurrent.Executors$RunnableAdapter.call(Executors.java:515)
	at java.base/java.util.concurrent.FutureTask.run(FutureTask.java:264)
	at java.base/java.util.concurrent.ThreadPoolExecutor.runWorker(ThreadPoolExecutor.java:1128)
	at java.base/java.util.concurrent.ThreadPoolExecutor$Worker.run(ThreadPoolExecutor.java:628)
	at java.base/java.lang.Thread.run(Thread.java:830)
... Removed 9 stack frames</pre></div><a href='#' onClick='toggleBox("stack-trace843575725", this, "Click to show all stack frames", "Click to hide stack frames")'>Click to show all stack frames</a>
<div class='stack-trace' id='stack-trace843575725'><pre>org.openqa.selenium.TimeoutException: Expected condition failed: waiting for element to be clickable: By.xpath: //ul[@class=&apos;nav metismenu in mm-show&apos;]//i//following-sibling::span[text()=&apos;Course&apos;]/ancestor::a/following-sibling::ul/li/a[text()=&apos;Course List&apos;] (tried for 10 second(s) with 500 milliseconds interval)
Build info: version: &apos;4.0.0-beta-3&apos;, revision: &apos;5d108f9a67&apos;
System info: host: &apos;ANDROIDPC&apos;, ip: &apos;192.168.110.72&apos;, os.name: &apos;Windows 10&apos;, os.arch: &apos;amd64&apos;, os.version: &apos;10.0&apos;, java.version: &apos;13.0.2&apos;
Driver info: org.openqa.selenium.firefox.FirefoxDriver
Capabilities {acceptInsecureCerts: true, browserName: firefox, browserVersion: 90.0, javascriptEnabled: true, moz:accessibilityChecks: false, moz:buildID: 20210705185941, moz:debuggerAddress: localhost:53082, moz:geckodriverVersion: 0.29.1, moz:headless: false, moz:processID: 11784, moz:profile: C:\Users\2Stallions\AppData..., moz:shutdownTimeout: 60000, moz:useNonSpecCompliantPointerOrigin: false, moz:webdriverClick: true, pageLoadStrategy: normal, platform: WINDOWS, platformName: WINDOWS, platformVersion: 10.0, proxy: Proxy(), se:cdp: ws://localhost:53082/devtoo..., se:cdpVersion: 85, setWindowRect: true, strictFileInteractability: false, timeouts: {implicit: 0, pageLoad: 300000, script: 30000}, unhandledPromptBehavior: dismiss and notify}
Session ID: bb22cb5e-d73e-4745-84b4-eca49b442e00
	at org.openqa.selenium.support.ui.WebDriverWait.timeoutException(WebDriverWait.java:138)
	at org.openqa.selenium.support.ui.FluentWait.until(FluentWait.java:231)
	at com.tms.factories.ExplicitWaitFactory.performExplicitWait(ExplicitWaitFactory.java:24)
	at com.tms.pages.BasePage.click(BasePage.java:21)
	at com.tms.pages.DashboardPage.clickonSubMenu(DashboardPage.java:30)
	at com.tms.tests.CourseRunPageTest.EditCourseRunRecordTest(CourseRunPageTest.java:60)
	at java.base/jdk.internal.reflect.NativeMethodAccessorImpl.invoke0(Native Method)
	at java.base/jdk.internal.reflect.NativeMethodAccessorImpl.invoke(NativeMethodAccessorImpl.java:62)
	at java.base/jdk.internal.reflect.DelegatingMethodAccessorImpl.invoke(DelegatingMethodAccessorImpl.java:43)
	at java.base/java.lang.reflect.Method.invoke(Method.java:567)
	at org.testng.internal.MethodInvocationHelper.invokeMethod(MethodInvocationHelper.java:132)
	at org.testng.internal.TestInvoker.invokeMethod(TestInvoker.java:599)
	at org.testng.internal.TestInvoker.invokeTestMethod(TestInvoker.java:174)
	at org.testng.internal.TestMethodWithDataProviderMethodWorker.call(TestMethodWithDataProviderMethodWorker.java:77)
	at org.testng.internal.TestMethodWithDataProviderMethodWorker.call(TestMethodWithDataProviderMethodWorker.java:15)
	at java.base/java.util.concurrent.FutureTask.run(FutureTask.java:264)
	at java.base/java.util.concurrent.Executors$RunnableAdapter.call(Executors.java:515)
	at java.base/java.util.concurrent.FutureTask.run(FutureTask.java:264)
	at java.base/java.util.concurrent.ThreadPoolExecutor.runWorker(ThreadPoolExecutor.java:1128)
	at java.base/java.util.concurrent.ThreadPoolExecutor$Worker.run(ThreadPoolExecutor.java:628)
	at java.base/java.lang.Thread.run(Thread.java:830)
</pre></div></td>
<td>15</td>
<td>com.tms.tests.CourseRunPageTest@7714e963</td></tr>
<tr>
<td title='com.tms.tests.CourseSoftBookingsPageTest.EditCourseSoftBookingsRecordTest()'><b>EditCourseSoftBookingsRecordTest</b><br>Test class: com.tms.tests.CourseSoftBookingsPageTest<br>Test method: Verify that EditCourseSoftBookingsRecordTest working or not<br>Parameters: {FeesPaid=, Email=, Computer Navigation Skill=, Unit=, Scheduleinfodesc=, linkedIn URL=, reference=, password=123456, Billing Address=, Remarks=, Postalcode=, Street=, Education Qualification=, confirmpassword=, Name2=Demo edit Softbookings, Threshold=, Contact Number=991325252, Date Of Birth=, Company Contact Person=, Meal Restrictions Type=, Billing Country=, testname=EditCourseSoftBookingsRecordTest, execute=yes, Experience=, submenu=, newpassword1=, name=, Block=, name1=, Building=, Salary=, Description=, phonenumber=, EnterText=, Course Brochure Determined=, Company Contact Person Number=, Learning Mode=, Deadline Date=2021-08-06, browser=firefox, Mobile No=, Email1=coursesoft@test.com, Nric=256365M1141, Sponsored=, Domain Area of Practice=, Room=, Billing Email=, email=, Age=, Floor=, Designation=, Maxintakesize=, menuname=Course Soft Bookings, Coursecode=, Company Contact Person Email=, Coursevacdesc=, Scheduleinformation=, Company SME=, TPGateway=, Billing Zip=, Minintakesize=, Nationality=, Payment Amount=, oldpassword1=, Company Name=, coursecode=, Meal Restrictions=, username=superadmin@mail.com, Scheduleinfo=}</td>
<td><div><pre>org.openqa.selenium.TimeoutException: Expected condition failed: waiting for element to be clickable: By.xpath: //a[text()=&apos;Course Soft Bookings&apos;] (tried for 10 second(s) with 500 milliseconds interval)
Build info: version: &apos;4.0.0-beta-3&apos;, revision: &apos;5d108f9a67&apos;
System info: host: &apos;ANDROIDPC&apos;, ip: &apos;192.168.110.72&apos;, os.name: &apos;Windows 10&apos;, os.arch: &apos;amd64&apos;, os.version: &apos;10.0&apos;, java.version: &apos;13.0.2&apos;
Driver info: org.openqa.selenium.firefox.FirefoxDriver
Capabilities {acceptInsecureCerts: true, browserName: firefox, browserVersion: 90.0, javascriptEnabled: true, moz:accessibilityChecks: false, moz:buildID: 20210705185941, moz:debuggerAddress: localhost:60743, moz:geckodriverVersion: 0.29.1, moz:headless: false, moz:processID: 11000, moz:profile: C:\Users\2Stallions\AppData..., moz:shutdownTimeout: 60000, moz:useNonSpecCompliantPointerOrigin: false, moz:webdriverClick: true, pageLoadStrategy: normal, platform: WINDOWS, platformName: WINDOWS, platformVersion: 10.0, proxy: Proxy(), se:cdp: ws://localhost:60743/devtoo..., se:cdpVersion: 85, setWindowRect: true, strictFileInteractability: false, timeouts: {implicit: 0, pageLoad: 300000, script: 30000}, unhandledPromptBehavior: dismiss and notify}
Session ID: f4663d70-005a-475d-94bf-2c79a02fff55
	at org.openqa.selenium.support.ui.WebDriverWait.timeoutException(WebDriverWait.java:138)
	at org.openqa.selenium.support.ui.FluentWait.until(FluentWait.java:231)
	at com.tms.factories.ExplicitWaitFactory.performExplicitWait(ExplicitWaitFactory.java:24)
	at com.tms.pages.BasePage.click(BasePage.java:21)
	at com.tms.pages.DashboardPage.clickonMenu(DashboardPage.java:22)
	at com.tms.tests.CourseSoftBookingsPageTest.EditCourseSoftBookingsRecordTest(CourseSoftBookingsPageTest.java:48)
	at java.base/java.util.concurrent.FutureTask.run(FutureTask.java:264)
	at java.base/java.util.concurrent.Executors$RunnableAdapter.call(Executors.java:515)
	at java.base/java.util.concurrent.FutureTask.run(FutureTask.java:264)
	at java.base/java.util.concurrent.ThreadPoolExecutor.runWorker(ThreadPoolExecutor.java:1128)
	at java.base/java.util.concurrent.ThreadPoolExecutor$Worker.run(ThreadPoolExecutor.java:628)
	at java.base/java.lang.Thread.run(Thread.java:830)
... Removed 9 stack frames</pre></div><a href='#' onClick='toggleBox("stack-trace2004278836", this, "Click to show all stack frames", "Click to hide stack frames")'>Click to show all stack frames</a>
<div class='stack-trace' id='stack-trace2004278836'><pre>org.openqa.selenium.TimeoutException: Expected condition failed: waiting for element to be clickable: By.xpath: //a[text()=&apos;Course Soft Bookings&apos;] (tried for 10 second(s) with 500 milliseconds interval)
Build info: version: &apos;4.0.0-beta-3&apos;, revision: &apos;5d108f9a67&apos;
System info: host: &apos;ANDROIDPC&apos;, ip: &apos;192.168.110.72&apos;, os.name: &apos;Windows 10&apos;, os.arch: &apos;amd64&apos;, os.version: &apos;10.0&apos;, java.version: &apos;13.0.2&apos;
Driver info: org.openqa.selenium.firefox.FirefoxDriver
Capabilities {acceptInsecureCerts: true, browserName: firefox, browserVersion: 90.0, javascriptEnabled: true, moz:accessibilityChecks: false, moz:buildID: 20210705185941, moz:debuggerAddress: localhost:60743, moz:geckodriverVersion: 0.29.1, moz:headless: false, moz:processID: 11000, moz:profile: C:\Users\2Stallions\AppData..., moz:shutdownTimeout: 60000, moz:useNonSpecCompliantPointerOrigin: false, moz:webdriverClick: true, pageLoadStrategy: normal, platform: WINDOWS, platformName: WINDOWS, platformVersion: 10.0, proxy: Proxy(), se:cdp: ws://localhost:60743/devtoo..., se:cdpVersion: 85, setWindowRect: true, strictFileInteractability: false, timeouts: {implicit: 0, pageLoad: 300000, script: 30000}, unhandledPromptBehavior: dismiss and notify}
Session ID: f4663d70-005a-475d-94bf-2c79a02fff55
	at org.openqa.selenium.support.ui.WebDriverWait.timeoutException(WebDriverWait.java:138)
	at org.openqa.selenium.support.ui.FluentWait.until(FluentWait.java:231)
	at com.tms.factories.ExplicitWaitFactory.performExplicitWait(ExplicitWaitFactory.java:24)
	at com.tms.pages.BasePage.click(BasePage.java:21)
	at com.tms.pages.DashboardPage.clickonMenu(DashboardPage.java:22)
	at com.tms.tests.CourseSoftBookingsPageTest.EditCourseSoftBookingsRecordTest(CourseSoftBookingsPageTest.java:48)
	at java.base/jdk.internal.reflect.NativeMethodAccessorImpl.invoke0(Native Method)
	at java.base/jdk.internal.reflect.NativeMethodAccessorImpl.invoke(NativeMethodAccessorImpl.java:62)
	at java.base/jdk.internal.reflect.DelegatingMethodAccessorImpl.invoke(DelegatingMethodAccessorImpl.java:43)
	at java.base/java.lang.reflect.Method.invoke(Method.java:567)
	at org.testng.internal.MethodInvocationHelper.invokeMethod(MethodInvocationHelper.java:132)
	at org.testng.internal.TestInvoker.invokeMethod(TestInvoker.java:599)
	at org.testng.internal.TestInvoker.invokeTestMethod(TestInvoker.java:174)
	at org.testng.internal.TestMethodWithDataProviderMethodWorker.call(TestMethodWithDataProviderMethodWorker.java:77)
	at org.testng.internal.TestMethodWithDataProviderMethodWorker.call(TestMethodWithDataProviderMethodWorker.java:15)
	at java.base/java.util.concurrent.FutureTask.run(FutureTask.java:264)
	at java.base/java.util.concurrent.Executors$RunnableAdapter.call(Executors.java:515)
	at java.base/java.util.concurrent.FutureTask.run(FutureTask.java:264)
	at java.base/java.util.concurrent.ThreadPoolExecutor.runWorker(ThreadPoolExecutor.java:1128)
	at java.base/java.util.concurrent.ThreadPoolExecutor$Worker.run(ThreadPoolExecutor.java:628)
	at java.base/java.lang.Thread.run(Thread.java:830)
</pre></div></td>
<td>14</td>
<td>com.tms.tests.CourseSoftBookingsPageTest@3835c46</td></tr>
<tr>
<td title='com.tms.tests.PaymentPageTest.EditPaymentRecordTest()'><b>EditPaymentRecordTest</b><br>Test class: com.tms.tests.PaymentPageTest<br>Test method: Verify that EditPaymentRecordTest working or not<br>Parameters: {FeesPaid=2, Email=, Computer Navigation Skill=, Unit=, Scheduleinfodesc=, linkedIn URL=, reference=, password=123456, Billing Address=, Remarks=, Postalcode=, Street=, Education Qualification=, confirmpassword=, Name2=, Threshold=, Contact Number=, Date Of Birth=, Company Contact Person=, Meal Restrictions Type=, Billing Country=, testname=EditPaymentRecordTest, execute=yes, Experience=, submenu=, newpassword1=, name=, Block=, name1=, Building=, Salary=, Description=, phonenumber=, EnterText=nik, Course Brochure Determined=, Company Contact Person Number=, Learning Mode=, Deadline Date=, browser=firefox, Mobile No=, Email1=, Nric=, Sponsored=, Domain Area of Practice=, Room=, Billing Email=, email=, Age=, Floor=, Designation=, Maxintakesize=, menuname=Payments, Coursecode=, Company Contact Person Email=, Coursevacdesc=, Scheduleinformation=, Company SME=, TPGateway=, Billing Zip=, Minintakesize=, Nationality=, Payment Amount=, oldpassword1=, Company Name=, coursecode=, Meal Restrictions=, username=superadmin@mail.com, Scheduleinfo=}</td>
<td><div><pre>org.openqa.selenium.TimeoutException: Expected condition failed: waiting for element to be clickable: By.xpath: //tr//i[@class=&apos;fas fa-edit text-info font-16&apos;] (tried for 10 second(s) with 500 milliseconds interval)
Build info: version: &apos;4.0.0-beta-3&apos;, revision: &apos;5d108f9a67&apos;
System info: host: &apos;ANDROIDPC&apos;, ip: &apos;192.168.110.72&apos;, os.name: &apos;Windows 10&apos;, os.arch: &apos;amd64&apos;, os.version: &apos;10.0&apos;, java.version: &apos;13.0.2&apos;
Driver info: org.openqa.selenium.firefox.FirefoxDriver
Capabilities {acceptInsecureCerts: true, browserName: firefox, browserVersion: 90.0, javascriptEnabled: true, moz:accessibilityChecks: false, moz:buildID: 20210705185941, moz:debuggerAddress: localhost:58172, moz:geckodriverVersion: 0.29.1, moz:headless: false, moz:processID: 9344, moz:profile: C:\Users\2Stallions\AppData..., moz:shutdownTimeout: 60000, moz:useNonSpecCompliantPointerOrigin: false, moz:webdriverClick: true, pageLoadStrategy: normal, platform: WINDOWS, platformName: WINDOWS, platformVersion: 10.0, proxy: Proxy(), se:cdp: ws://localhost:58172/devtoo..., se:cdpVersion: 85, setWindowRect: true, strictFileInteractability: false, timeouts: {implicit: 0, pageLoad: 300000, script: 30000}, unhandledPromptBehavior: dismiss and notify}
Session ID: 5a14c43f-6858-49f2-ab65-87d3c46416d9
	at org.openqa.selenium.support.ui.WebDriverWait.timeoutException(WebDriverWait.java:138)
	at org.openqa.selenium.support.ui.FluentWait.until(FluentWait.java:231)
	at com.tms.factories.ExplicitWaitFactory.performExplicitWait(ExplicitWaitFactory.java:24)
	at com.tms.pages.BasePage.click(BasePage.java:21)
	at com.tms.pages.PaymentsPage.Editrecord(PaymentsPage.java:23)
	at com.tms.tests.PaymentPageTest.EditPaymentRecordTest(PaymentPageTest.java:45)
	at java.base/java.util.concurrent.FutureTask.run(FutureTask.java:264)
	at java.base/java.util.concurrent.Executors$RunnableAdapter.call(Executors.java:515)
	at java.base/java.util.concurrent.FutureTask.run(FutureTask.java:264)
	at java.base/java.util.concurrent.ThreadPoolExecutor.runWorker(ThreadPoolExecutor.java:1128)
	at java.base/java.util.concurrent.ThreadPoolExecutor$Worker.run(ThreadPoolExecutor.java:628)
	at java.base/java.lang.Thread.run(Thread.java:830)
... Removed 9 stack frames</pre></div><a href='#' onClick='toggleBox("stack-trace1703895276", this, "Click to show all stack frames", "Click to hide stack frames")'>Click to show all stack frames</a>
<div class='stack-trace' id='stack-trace1703895276'><pre>org.openqa.selenium.TimeoutException: Expected condition failed: waiting for element to be clickable: By.xpath: //tr//i[@class=&apos;fas fa-edit text-info font-16&apos;] (tried for 10 second(s) with 500 milliseconds interval)
Build info: version: &apos;4.0.0-beta-3&apos;, revision: &apos;5d108f9a67&apos;
System info: host: &apos;ANDROIDPC&apos;, ip: &apos;192.168.110.72&apos;, os.name: &apos;Windows 10&apos;, os.arch: &apos;amd64&apos;, os.version: &apos;10.0&apos;, java.version: &apos;13.0.2&apos;
Driver info: org.openqa.selenium.firefox.FirefoxDriver
Capabilities {acceptInsecureCerts: true, browserName: firefox, browserVersion: 90.0, javascriptEnabled: true, moz:accessibilityChecks: false, moz:buildID: 20210705185941, moz:debuggerAddress: localhost:58172, moz:geckodriverVersion: 0.29.1, moz:headless: false, moz:processID: 9344, moz:profile: C:\Users\2Stallions\AppData..., moz:shutdownTimeout: 60000, moz:useNonSpecCompliantPointerOrigin: false, moz:webdriverClick: true, pageLoadStrategy: normal, platform: WINDOWS, platformName: WINDOWS, platformVersion: 10.0, proxy: Proxy(), se:cdp: ws://localhost:58172/devtoo..., se:cdpVersion: 85, setWindowRect: true, strictFileInteractability: false, timeouts: {implicit: 0, pageLoad: 300000, script: 30000}, unhandledPromptBehavior: dismiss and notify}
Session ID: 5a14c43f-6858-49f2-ab65-87d3c46416d9
	at org.openqa.selenium.support.ui.WebDriverWait.timeoutException(WebDriverWait.java:138)
	at org.openqa.selenium.support.ui.FluentWait.until(FluentWait.java:231)
	at com.tms.factories.ExplicitWaitFactory.performExplicitWait(ExplicitWaitFactory.java:24)
	at com.tms.pages.BasePage.click(BasePage.java:21)
	at com.tms.pages.PaymentsPage.Editrecord(PaymentsPage.java:23)
	at com.tms.tests.PaymentPageTest.EditPaymentRecordTest(PaymentPageTest.java:45)
	at java.base/jdk.internal.reflect.NativeMethodAccessorImpl.invoke0(Native Method)
	at java.base/jdk.internal.reflect.NativeMethodAccessorImpl.invoke(NativeMethodAccessorImpl.java:62)
	at java.base/jdk.internal.reflect.DelegatingMethodAccessorImpl.invoke(DelegatingMethodAccessorImpl.java:43)
	at java.base/java.lang.reflect.Method.invoke(Method.java:567)
	at org.testng.internal.MethodInvocationHelper.invokeMethod(MethodInvocationHelper.java:132)
	at org.testng.internal.TestInvoker.invokeMethod(TestInvoker.java:599)
	at org.testng.internal.TestInvoker.invokeTestMethod(TestInvoker.java:174)
	at org.testng.internal.TestMethodWithDataProviderMethodWorker.call(TestMethodWithDataProviderMethodWorker.java:77)
	at org.testng.internal.TestMethodWithDataProviderMethodWorker.call(TestMethodWithDataProviderMethodWorker.java:15)
	at java.base/java.util.concurrent.FutureTask.run(FutureTask.java:264)
	at java.base/java.util.concurrent.Executors$RunnableAdapter.call(Executors.java:515)
	at java.base/java.util.concurrent.FutureTask.run(FutureTask.java:264)
	at java.base/java.util.concurrent.ThreadPoolExecutor.runWorker(ThreadPoolExecutor.java:1128)
	at java.base/java.util.concurrent.ThreadPoolExecutor$Worker.run(ThreadPoolExecutor.java:628)
	at java.base/java.lang.Thread.run(Thread.java:830)
</pre></div></td>
<td>15</td>
<td>com.tms.tests.PaymentPageTest@1dde4cb2</td></tr>
<tr>
<td title='com.tms.tests.StaffPageTest.EditRecordTest()'><b>EditRecordTest</b><br>Test class: com.tms.tests.StaffPageTest<br>Test method: Verify that EditRecordTest working or not<br>Parameters: {FeesPaid=, Email=, Computer Navigation Skill=, Unit=, Scheduleinfodesc=, linkedIn URL=, reference=, password=123456, Billing Address=, Remarks=, Postalcode=, Street=, Education Qualification=, confirmpassword=, Name2=, Threshold=, Contact Number=, Date Of Birth=, Company Contact Person=, Meal Restrictions Type=, Billing Country=, testname=EditRecordTest, execute=yes, Experience=, submenu=Staff, newpassword1=, name=Testing test, Block=, name1=, Building=, Salary=, Description=, phonenumber=9858545252, EnterText=, Course Brochure Determined=, Company Contact Person Number=, Learning Mode=, Deadline Date=, browser=firefox, Mobile No=, Email1=, Nric=, Sponsored=, Domain Area of Practice=, Room=, Billing Email=, email=testing@test.com, Age=, Floor=, Designation=, Maxintakesize=, menuname=Users, Coursecode=, Company Contact Person Email=, Coursevacdesc=, Scheduleinformation=, Company SME=, TPGateway=, Billing Zip=, Minintakesize=, Nationality=, Payment Amount=, oldpassword1=, Company Name=, coursecode=, Meal Restrictions=, username=superadmin@mail.com, Scheduleinfo=}</td>
<td><div><pre>org.openqa.selenium.TimeoutException: Expected condition failed: waiting for element to be clickable: By.xpath: //tr//i[@class=&apos;fas fa-edit text-info font-16&apos;] (tried for 10 second(s) with 500 milliseconds interval)
Build info: version: &apos;4.0.0-beta-3&apos;, revision: &apos;5d108f9a67&apos;
System info: host: &apos;ANDROIDPC&apos;, ip: &apos;192.168.110.72&apos;, os.name: &apos;Windows 10&apos;, os.arch: &apos;amd64&apos;, os.version: &apos;10.0&apos;, java.version: &apos;13.0.2&apos;
Driver info: org.openqa.selenium.firefox.FirefoxDriver
Capabilities {acceptInsecureCerts: true, browserName: firefox, browserVersion: 90.0, javascriptEnabled: true, moz:accessibilityChecks: false, moz:buildID: 20210705185941, moz:debuggerAddress: localhost:57755, moz:geckodriverVersion: 0.29.1, moz:headless: false, moz:processID: 8220, moz:profile: C:\Users\2Stallions\AppData..., moz:shutdownTimeout: 60000, moz:useNonSpecCompliantPointerOrigin: false, moz:webdriverClick: true, pageLoadStrategy: normal, platform: WINDOWS, platformName: WINDOWS, platformVersion: 10.0, proxy: Proxy(), se:cdp: ws://localhost:57755/devtoo..., se:cdpVersion: 85, setWindowRect: true, strictFileInteractability: false, timeouts: {implicit: 0, pageLoad: 300000, script: 30000}, unhandledPromptBehavior: dismiss and notify}
Session ID: 8feba271-6374-46bf-8c33-68a6fab05903
	at org.openqa.selenium.support.ui.WebDriverWait.timeoutException(WebDriverWait.java:138)
	at org.openqa.selenium.support.ui.FluentWait.until(FluentWait.java:231)
	at com.tms.factories.ExplicitWaitFactory.performExplicitWait(ExplicitWaitFactory.java:24)
	at com.tms.pages.BasePage.click(BasePage.java:21)
	at com.tms.pages.StaffPage.Editrecord(StaffPage.java:33)
	at com.tms.tests.StaffPageTest.EditRecordTest(StaffPageTest.java:48)
	at java.base/java.util.concurrent.FutureTask.run(FutureTask.java:264)
	at java.base/java.util.concurrent.Executors$RunnableAdapter.call(Executors.java:515)
	at java.base/java.util.concurrent.FutureTask.run(FutureTask.java:264)
	at java.base/java.util.concurrent.ThreadPoolExecutor.runWorker(ThreadPoolExecutor.java:1128)
	at java.base/java.util.concurrent.ThreadPoolExecutor$Worker.run(ThreadPoolExecutor.java:628)
	at java.base/java.lang.Thread.run(Thread.java:830)
... Removed 9 stack frames</pre></div><a href='#' onClick='toggleBox("stack-trace1660291578", this, "Click to show all stack frames", "Click to hide stack frames")'>Click to show all stack frames</a>
<div class='stack-trace' id='stack-trace1660291578'><pre>org.openqa.selenium.TimeoutException: Expected condition failed: waiting for element to be clickable: By.xpath: //tr//i[@class=&apos;fas fa-edit text-info font-16&apos;] (tried for 10 second(s) with 500 milliseconds interval)
Build info: version: &apos;4.0.0-beta-3&apos;, revision: &apos;5d108f9a67&apos;
System info: host: &apos;ANDROIDPC&apos;, ip: &apos;192.168.110.72&apos;, os.name: &apos;Windows 10&apos;, os.arch: &apos;amd64&apos;, os.version: &apos;10.0&apos;, java.version: &apos;13.0.2&apos;
Driver info: org.openqa.selenium.firefox.FirefoxDriver
Capabilities {acceptInsecureCerts: true, browserName: firefox, browserVersion: 90.0, javascriptEnabled: true, moz:accessibilityChecks: false, moz:buildID: 20210705185941, moz:debuggerAddress: localhost:57755, moz:geckodriverVersion: 0.29.1, moz:headless: false, moz:processID: 8220, moz:profile: C:\Users\2Stallions\AppData..., moz:shutdownTimeout: 60000, moz:useNonSpecCompliantPointerOrigin: false, moz:webdriverClick: true, pageLoadStrategy: normal, platform: WINDOWS, platformName: WINDOWS, platformVersion: 10.0, proxy: Proxy(), se:cdp: ws://localhost:57755/devtoo..., se:cdpVersion: 85, setWindowRect: true, strictFileInteractability: false, timeouts: {implicit: 0, pageLoad: 300000, script: 30000}, unhandledPromptBehavior: dismiss and notify}
Session ID: 8feba271-6374-46bf-8c33-68a6fab05903
	at org.openqa.selenium.support.ui.WebDriverWait.timeoutException(WebDriverWait.java:138)
	at org.openqa.selenium.support.ui.FluentWait.until(FluentWait.java:231)
	at com.tms.factories.ExplicitWaitFactory.performExplicitWait(ExplicitWaitFactory.java:24)
	at com.tms.pages.BasePage.click(BasePage.java:21)
	at com.tms.pages.StaffPage.Editrecord(StaffPage.java:33)
	at com.tms.tests.StaffPageTest.EditRecordTest(StaffPageTest.java:48)
	at java.base/jdk.internal.reflect.NativeMethodAccessorImpl.invoke0(Native Method)
	at java.base/jdk.internal.reflect.NativeMethodAccessorImpl.invoke(NativeMethodAccessorImpl.java:62)
	at java.base/jdk.internal.reflect.DelegatingMethodAccessorImpl.invoke(DelegatingMethodAccessorImpl.java:43)
	at java.base/java.lang.reflect.Method.invoke(Method.java:567)
	at org.testng.internal.MethodInvocationHelper.invokeMethod(MethodInvocationHelper.java:132)
	at org.testng.internal.TestInvoker.invokeMethod(TestInvoker.java:599)
	at org.testng.internal.TestInvoker.invokeTestMethod(TestInvoker.java:174)
	at org.testng.internal.TestMethodWithDataProviderMethodWorker.call(TestMethodWithDataProviderMethodWorker.java:77)
	at org.testng.internal.TestMethodWithDataProviderMethodWorker.call(TestMethodWithDataProviderMethodWorker.java:15)
	at java.base/java.util.concurrent.FutureTask.run(FutureTask.java:264)
	at java.base/java.util.concurrent.Executors$RunnableAdapter.call(Executors.java:515)
	at java.base/java.util.concurrent.FutureTask.run(FutureTask.java:264)
	at java.base/java.util.concurrent.ThreadPoolExecutor.runWorker(ThreadPoolExecutor.java:1128)
	at java.base/java.util.concurrent.ThreadPoolExecutor$Worker.run(ThreadPoolExecutor.java:628)
	at java.base/java.lang.Thread.run(Thread.java:830)
</pre></div></td>
<td>16</td>
<td>com.tms.tests.StaffPageTest@1ea9f6af</td></tr>
<tr>
<td title='com.tms.tests.StudentEnrollmentPageTest.EditStudentEnrollmentRecordTest()'><b>EditStudentEnrollmentRecordTest</b><br>Test class: com.tms.tests.StudentEnrollmentPageTest<br>Test method: Verify that EditStudentEnrollmentRecordTest working or not<br>Parameters: {FeesPaid=, Email=testingtest@test.com, Computer Navigation Skill=basic, Unit=, Scheduleinfodesc=, linkedIn URL=, reference=, password=123456, Billing Address=Testing streeet, Remarks=Testing initials, Postalcode=, Street=, Education Qualification=BCA, confirmpassword=, Name2=, Threshold=, Contact Number=, Date Of Birth=1988-05-01, Company Contact Person=Alpha, Meal Restrictions Type=veg, Billing Country=Singapore, testname=EditStudentEnrollmentRecordTest, execute=yes, Experience=, submenu=, newpassword1=, name=, Block=, name1=, Building=, Salary=3000, Description=, phonenumber=, EnterText=, Course Brochure Determined=masters, Company Contact Person Number=25252654, Learning Mode=Online, Deadline Date=, browser=firefox, Mobile No=9865251525, Email1=, Nric=, Sponsored=Abc Group Pvt Ltd, Domain Area of Practice=, Room=, Billing Email=rest@rest.com, email=, Age=25, Floor=, Designation=Software Tester, Maxintakesize=, menuname=Student Enrolment, Coursecode=, Company Contact Person Email=alpha@aplha.com, Coursevacdesc=, Scheduleinformation=, Company SME=2Stallions digital marketing, TPGateway=Automation Testing, Billing Zip=152525, Minintakesize=, Nationality=Indian, Payment Amount=1250, oldpassword1=, Company Name=2Stallions, coursecode=, Meal Restrictions=yes, username=superadmin@mail.com, Scheduleinfo=}</td>
<td><div><pre>org.openqa.selenium.TimeoutException: Expected condition failed: waiting for element to be clickable: By.xpath: //tr//i[@class=&apos;fas fa-edit text-info font-16&apos;] (tried for 10 second(s) with 500 milliseconds interval)
Build info: version: &apos;4.0.0-beta-3&apos;, revision: &apos;5d108f9a67&apos;
System info: host: &apos;ANDROIDPC&apos;, ip: &apos;192.168.110.72&apos;, os.name: &apos;Windows 10&apos;, os.arch: &apos;amd64&apos;, os.version: &apos;10.0&apos;, java.version: &apos;13.0.2&apos;
Driver info: org.openqa.selenium.firefox.FirefoxDriver
Capabilities {acceptInsecureCerts: true, browserName: firefox, browserVersion: 90.0, javascriptEnabled: true, moz:accessibilityChecks: false, moz:buildID: 20210705185941, moz:debuggerAddress: localhost:51537, moz:geckodriverVersion: 0.29.1, moz:headless: false, moz:processID: 1108, moz:profile: C:\Users\2Stallions\AppData..., moz:shutdownTimeout: 60000, moz:useNonSpecCompliantPointerOrigin: false, moz:webdriverClick: true, pageLoadStrategy: normal, platform: WINDOWS, platformName: WINDOWS, platformVersion: 10.0, proxy: Proxy(), se:cdp: ws://localhost:51537/devtoo..., se:cdpVersion: 85, setWindowRect: true, strictFileInteractability: false, timeouts: {implicit: 0, pageLoad: 300000, script: 30000}, unhandledPromptBehavior: dismiss and notify}
Session ID: b2c400ca-3b19-4b62-a790-19f9b4ea9d79
	at org.openqa.selenium.support.ui.WebDriverWait.timeoutException(WebDriverWait.java:138)
	at org.openqa.selenium.support.ui.FluentWait.until(FluentWait.java:231)
	at com.tms.factories.ExplicitWaitFactory.performExplicitWait(ExplicitWaitFactory.java:24)
	at com.tms.pages.BasePage.click(BasePage.java:21)
	at com.tms.pages.StudentEnrollmentPage.Editrecord(StudentEnrollmentPage.java:42)
	at com.tms.tests.StudentEnrollmentPageTest.EditStudentEnrollmentRecordTest(StudentEnrollmentPageTest.java:24)
	at java.base/java.util.concurrent.FutureTask.run(FutureTask.java:264)
	at java.base/java.util.concurrent.Executors$RunnableAdapter.call(Executors.java:515)
	at java.base/java.util.concurrent.FutureTask.run(FutureTask.java:264)
	at java.base/java.util.concurrent.ThreadPoolExecutor.runWorker(ThreadPoolExecutor.java:1128)
	at java.base/java.util.concurrent.ThreadPoolExecutor$Worker.run(ThreadPoolExecutor.java:628)
	at java.base/java.lang.Thread.run(Thread.java:830)
... Removed 9 stack frames</pre></div><a href='#' onClick='toggleBox("stack-trace972845348", this, "Click to show all stack frames", "Click to hide stack frames")'>Click to show all stack frames</a>
<div class='stack-trace' id='stack-trace972845348'><pre>org.openqa.selenium.TimeoutException: Expected condition failed: waiting for element to be clickable: By.xpath: //tr//i[@class=&apos;fas fa-edit text-info font-16&apos;] (tried for 10 second(s) with 500 milliseconds interval)
Build info: version: &apos;4.0.0-beta-3&apos;, revision: &apos;5d108f9a67&apos;
System info: host: &apos;ANDROIDPC&apos;, ip: &apos;192.168.110.72&apos;, os.name: &apos;Windows 10&apos;, os.arch: &apos;amd64&apos;, os.version: &apos;10.0&apos;, java.version: &apos;13.0.2&apos;
Driver info: org.openqa.selenium.firefox.FirefoxDriver
Capabilities {acceptInsecureCerts: true, browserName: firefox, browserVersion: 90.0, javascriptEnabled: true, moz:accessibilityChecks: false, moz:buildID: 20210705185941, moz:debuggerAddress: localhost:51537, moz:geckodriverVersion: 0.29.1, moz:headless: false, moz:processID: 1108, moz:profile: C:\Users\2Stallions\AppData..., moz:shutdownTimeout: 60000, moz:useNonSpecCompliantPointerOrigin: false, moz:webdriverClick: true, pageLoadStrategy: normal, platform: WINDOWS, platformName: WINDOWS, platformVersion: 10.0, proxy: Proxy(), se:cdp: ws://localhost:51537/devtoo..., se:cdpVersion: 85, setWindowRect: true, strictFileInteractability: false, timeouts: {implicit: 0, pageLoad: 300000, script: 30000}, unhandledPromptBehavior: dismiss and notify}
Session ID: b2c400ca-3b19-4b62-a790-19f9b4ea9d79
	at org.openqa.selenium.support.ui.WebDriverWait.timeoutException(WebDriverWait.java:138)
	at org.openqa.selenium.support.ui.FluentWait.until(FluentWait.java:231)
	at com.tms.factories.ExplicitWaitFactory.performExplicitWait(ExplicitWaitFactory.java:24)
	at com.tms.pages.BasePage.click(BasePage.java:21)
	at com.tms.pages.StudentEnrollmentPage.Editrecord(StudentEnrollmentPage.java:42)
	at com.tms.tests.StudentEnrollmentPageTest.EditStudentEnrollmentRecordTest(StudentEnrollmentPageTest.java:24)
	at java.base/jdk.internal.reflect.NativeMethodAccessorImpl.invoke0(Native Method)
	at java.base/jdk.internal.reflect.NativeMethodAccessorImpl.invoke(NativeMethodAccessorImpl.java:62)
	at java.base/jdk.internal.reflect.DelegatingMethodAccessorImpl.invoke(DelegatingMethodAccessorImpl.java:43)
	at java.base/java.lang.reflect.Method.invoke(Method.java:567)
	at org.testng.internal.MethodInvocationHelper.invokeMethod(MethodInvocationHelper.java:132)
	at org.testng.internal.TestInvoker.invokeMethod(TestInvoker.java:599)
	at org.testng.internal.TestInvoker.invokeTestMethod(TestInvoker.java:174)
	at org.testng.internal.TestMethodWithDataProviderMethodWorker.call(TestMethodWithDataProviderMethodWorker.java:77)
	at org.testng.internal.TestMethodWithDataProviderMethodWorker.call(TestMethodWithDataProviderMethodWorker.java:15)
	at java.base/java.util.concurrent.FutureTask.run(FutureTask.java:264)
	at java.base/java.util.concurrent.Executors$RunnableAdapter.call(Executors.java:515)
	at java.base/java.util.concurrent.FutureTask.run(FutureTask.java:264)
	at java.base/java.util.concurrent.ThreadPoolExecutor.runWorker(ThreadPoolExecutor.java:1128)
	at java.base/java.util.concurrent.ThreadPoolExecutor$Worker.run(ThreadPoolExecutor.java:628)
	at java.base/java.lang.Thread.run(Thread.java:830)
</pre></div></td>
<td>15</td>
<td>com.tms.tests.StudentEnrollmentPageTest@20deea7f</td></tr>
<tr>
<td title='com.tms.tests.TrainerPageTest.EditTrainerRecordTest()'><b>EditTrainerRecordTest</b><br>Test class: com.tms.tests.TrainerPageTest<br>Test method: Verify that EditTrainerRecordTest working or not<br>Parameters: {FeesPaid=, Email=, Computer Navigation Skill=, Unit=, Scheduleinfodesc=, linkedIn URL=testing testing, reference=, password=123456, Billing Address=, Remarks=, Postalcode=, Street=, Education Qualification=, confirmpassword=, Name2=, Threshold=, Contact Number=, Date Of Birth=, Company Contact Person=, Meal Restrictions Type=, Billing Country=, testname=EditTrainerRecordTest, execute=yes, Experience=testing, submenu=Trainer, newpassword1=, name=Editrecordtesting, Block=, name1=, Building=, Salary=, Description=test@test.com, phonenumber=9876543210, EnterText=, Course Brochure Determined=, Company Contact Person Number=, Learning Mode=, Deadline Date=, browser=firefox, Mobile No=, Email1=, Nric=, Sponsored=, Domain Area of Practice=test.com, Room=, Billing Email=, email=editrecord@mailinator.com, Age=, Floor=, Designation=, Maxintakesize=, menuname=Users, Coursecode=, Company Contact Person Email=, Coursevacdesc=, Scheduleinformation=, Company SME=, TPGateway=, Billing Zip=, Minintakesize=, Nationality=, Payment Amount=, oldpassword1=, Company Name=, coursecode=, Meal Restrictions=, username=superadmin@mail.com, Scheduleinfo=}</td>
<td><div><pre>org.openqa.selenium.TimeoutException: Expected condition failed: waiting for element to be clickable: By.xpath: //tr//i[@class=&apos;fas fa-edit text-info font-16&apos;] (tried for 10 second(s) with 500 milliseconds interval)
Build info: version: &apos;4.0.0-beta-3&apos;, revision: &apos;5d108f9a67&apos;
System info: host: &apos;ANDROIDPC&apos;, ip: &apos;192.168.110.72&apos;, os.name: &apos;Windows 10&apos;, os.arch: &apos;amd64&apos;, os.version: &apos;10.0&apos;, java.version: &apos;13.0.2&apos;
Driver info: org.openqa.selenium.firefox.FirefoxDriver
Capabilities {acceptInsecureCerts: true, browserName: firefox, browserVersion: 90.0, javascriptEnabled: true, moz:accessibilityChecks: false, moz:buildID: 20210705185941, moz:debuggerAddress: localhost:55358, moz:geckodriverVersion: 0.29.1, moz:headless: false, moz:processID: 6192, moz:profile: C:\Users\2Stallions\AppData..., moz:shutdownTimeout: 60000, moz:useNonSpecCompliantPointerOrigin: false, moz:webdriverClick: true, pageLoadStrategy: normal, platform: WINDOWS, platformName: WINDOWS, platformVersion: 10.0, proxy: Proxy(), se:cdp: ws://localhost:55358/devtoo..., se:cdpVersion: 85, setWindowRect: true, strictFileInteractability: false, timeouts: {implicit: 0, pageLoad: 300000, script: 30000}, unhandledPromptBehavior: dismiss and notify}
Session ID: 4e8c32df-7400-4f68-9c10-1e2874a67ab7
	at org.openqa.selenium.support.ui.WebDriverWait.timeoutException(WebDriverWait.java:138)
	at org.openqa.selenium.support.ui.FluentWait.until(FluentWait.java:231)
	at com.tms.factories.ExplicitWaitFactory.performExplicitWait(ExplicitWaitFactory.java:24)
	at com.tms.pages.BasePage.click(BasePage.java:21)
	at com.tms.pages.TrainerPage.Editrecord(TrainerPage.java:62)
	at com.tms.tests.TrainerPageTest.EditTrainerRecordTest(TrainerPageTest.java:52)
	at java.base/java.util.concurrent.FutureTask.run(FutureTask.java:264)
	at java.base/java.util.concurrent.Executors$RunnableAdapter.call(Executors.java:515)
	at java.base/java.util.concurrent.FutureTask.run(FutureTask.java:264)
	at java.base/java.util.concurrent.ThreadPoolExecutor.runWorker(ThreadPoolExecutor.java:1128)
	at java.base/java.util.concurrent.ThreadPoolExecutor$Worker.run(ThreadPoolExecutor.java:628)
	at java.base/java.lang.Thread.run(Thread.java:830)
... Removed 9 stack frames</pre></div><a href='#' onClick='toggleBox("stack-trace576716095", this, "Click to show all stack frames", "Click to hide stack frames")'>Click to show all stack frames</a>
<div class='stack-trace' id='stack-trace576716095'><pre>org.openqa.selenium.TimeoutException: Expected condition failed: waiting for element to be clickable: By.xpath: //tr//i[@class=&apos;fas fa-edit text-info font-16&apos;] (tried for 10 second(s) with 500 milliseconds interval)
Build info: version: &apos;4.0.0-beta-3&apos;, revision: &apos;5d108f9a67&apos;
System info: host: &apos;ANDROIDPC&apos;, ip: &apos;192.168.110.72&apos;, os.name: &apos;Windows 10&apos;, os.arch: &apos;amd64&apos;, os.version: &apos;10.0&apos;, java.version: &apos;13.0.2&apos;
Driver info: org.openqa.selenium.firefox.FirefoxDriver
Capabilities {acceptInsecureCerts: true, browserName: firefox, browserVersion: 90.0, javascriptEnabled: true, moz:accessibilityChecks: false, moz:buildID: 20210705185941, moz:debuggerAddress: localhost:55358, moz:geckodriverVersion: 0.29.1, moz:headless: false, moz:processID: 6192, moz:profile: C:\Users\2Stallions\AppData..., moz:shutdownTimeout: 60000, moz:useNonSpecCompliantPointerOrigin: false, moz:webdriverClick: true, pageLoadStrategy: normal, platform: WINDOWS, platformName: WINDOWS, platformVersion: 10.0, proxy: Proxy(), se:cdp: ws://localhost:55358/devtoo..., se:cdpVersion: 85, setWindowRect: true, strictFileInteractability: false, timeouts: {implicit: 0, pageLoad: 300000, script: 30000}, unhandledPromptBehavior: dismiss and notify}
Session ID: 4e8c32df-7400-4f68-9c10-1e2874a67ab7
	at org.openqa.selenium.support.ui.WebDriverWait.timeoutException(WebDriverWait.java:138)
	at org.openqa.selenium.support.ui.FluentWait.until(FluentWait.java:231)
	at com.tms.factories.ExplicitWaitFactory.performExplicitWait(ExplicitWaitFactory.java:24)
	at com.tms.pages.BasePage.click(BasePage.java:21)
	at com.tms.pages.TrainerPage.Editrecord(TrainerPage.java:62)
	at com.tms.tests.TrainerPageTest.EditTrainerRecordTest(TrainerPageTest.java:52)
	at java.base/jdk.internal.reflect.NativeMethodAccessorImpl.invoke0(Native Method)
	at java.base/jdk.internal.reflect.NativeMethodAccessorImpl.invoke(NativeMethodAccessorImpl.java:62)
	at java.base/jdk.internal.reflect.DelegatingMethodAccessorImpl.invoke(DelegatingMethodAccessorImpl.java:43)
	at java.base/java.lang.reflect.Method.invoke(Method.java:567)
	at org.testng.internal.MethodInvocationHelper.invokeMethod(MethodInvocationHelper.java:132)
	at org.testng.internal.TestInvoker.invokeMethod(TestInvoker.java:599)
	at org.testng.internal.TestInvoker.invokeTestMethod(TestInvoker.java:174)
	at org.testng.internal.TestMethodWithDataProviderMethodWorker.call(TestMethodWithDataProviderMethodWorker.java:77)
	at org.testng.internal.TestMethodWithDataProviderMethodWorker.call(TestMethodWithDataProviderMethodWorker.java:15)
	at java.base/java.util.concurrent.FutureTask.run(FutureTask.java:264)
	at java.base/java.util.concurrent.Executors$RunnableAdapter.call(Executors.java:515)
	at java.base/java.util.concurrent.FutureTask.run(FutureTask.java:264)
	at java.base/java.util.concurrent.ThreadPoolExecutor.runWorker(ThreadPoolExecutor.java:1128)
	at java.base/java.util.concurrent.ThreadPoolExecutor$Worker.run(ThreadPoolExecutor.java:628)
	at java.base/java.lang.Thread.run(Thread.java:830)
</pre></div></td>
<td>15</td>
<td>com.tms.tests.TrainerPageTest@6a192cfe</td></tr>
<tr>
<td title='com.tms.tests.VenuePageTest.EditVenueRecordTest()'><b>EditVenueRecordTest</b><br>Test class: com.tms.tests.VenuePageTest<br>Test method: Verify that EditVenueRecordTest working or not<br>Parameters: {FeesPaid=, Email=, Computer Navigation Skill=, Unit=testing unit1, Scheduleinfodesc=, linkedIn URL=, reference=, password=123456, Billing Address=, Remarks=, Postalcode=389350, Street=Testing Street, Education Qualification=, confirmpassword=, Name2=, Threshold=, Contact Number=, Date Of Birth=, Company Contact Person=, Meal Restrictions Type=, Billing Country=, testname=EditVenueRecordTest, execute=yes, Experience=, submenu=, newpassword1=, name=, Block=Testing block, name1=, Building=testing building 1, Salary=, Description=, phonenumber=, EnterText=, Course Brochure Determined=, Company Contact Person Number=, Learning Mode=, Deadline Date=, browser=firefox, Mobile No=, Email1=, Nric=, Sponsored=, Domain Area of Practice=, Room=testing room 1, Billing Email=, email=, Age=, Floor=testing floor1, Designation=, Maxintakesize=, menuname=Venue, Coursecode=, Company Contact Person Email=, Coursevacdesc=, Scheduleinformation=, Company SME=, TPGateway=, Billing Zip=, Minintakesize=, Nationality=, Payment Amount=, oldpassword1=, Company Name=, coursecode=, Meal Restrictions=, username=superadmin@mail.com, Scheduleinfo=}</td>
<td><div><pre>org.openqa.selenium.TimeoutException: Expected condition failed: waiting for element to be clickable: By.xpath: //tr//i[@class=&apos;fas fa-edit text-info font-16&apos;] (tried for 10 second(s) with 500 milliseconds interval)
Build info: version: &apos;4.0.0-beta-3&apos;, revision: &apos;5d108f9a67&apos;
System info: host: &apos;ANDROIDPC&apos;, ip: &apos;192.168.110.72&apos;, os.name: &apos;Windows 10&apos;, os.arch: &apos;amd64&apos;, os.version: &apos;10.0&apos;, java.version: &apos;13.0.2&apos;
Driver info: org.openqa.selenium.firefox.FirefoxDriver
Capabilities {acceptInsecureCerts: true, browserName: firefox, browserVersion: 90.0, javascriptEnabled: true, moz:accessibilityChecks: false, moz:buildID: 20210705185941, moz:debuggerAddress: localhost:49744, moz:geckodriverVersion: 0.29.1, moz:headless: false, moz:processID: 13468, moz:profile: C:\Users\2Stallions\AppData..., moz:shutdownTimeout: 60000, moz:useNonSpecCompliantPointerOrigin: false, moz:webdriverClick: true, pageLoadStrategy: normal, platform: WINDOWS, platformName: WINDOWS, platformVersion: 10.0, proxy: Proxy(), se:cdp: ws://localhost:49744/devtoo..., se:cdpVersion: 85, setWindowRect: true, strictFileInteractability: false, timeouts: {implicit: 0, pageLoad: 300000, script: 30000}, unhandledPromptBehavior: dismiss and notify}
Session ID: 425c35b5-8e9a-4ad4-8dff-ff5f64df765f
	at org.openqa.selenium.support.ui.WebDriverWait.timeoutException(WebDriverWait.java:138)
	at org.openqa.selenium.support.ui.FluentWait.until(FluentWait.java:231)
	at com.tms.factories.ExplicitWaitFactory.performExplicitWait(ExplicitWaitFactory.java:24)
	at com.tms.pages.BasePage.click(BasePage.java:21)
	at com.tms.pages.VenuePage.Editrecord(VenuePage.java:93)
	at com.tms.tests.VenuePageTest.EditVenueRecordTest(VenuePageTest.java:48)
	at java.base/java.util.concurrent.FutureTask.run(FutureTask.java:264)
	at java.base/java.util.concurrent.Executors$RunnableAdapter.call(Executors.java:515)
	at java.base/java.util.concurrent.FutureTask.run(FutureTask.java:264)
	at java.base/java.util.concurrent.ThreadPoolExecutor.runWorker(ThreadPoolExecutor.java:1128)
	at java.base/java.util.concurrent.ThreadPoolExecutor$Worker.run(ThreadPoolExecutor.java:628)
	at java.base/java.lang.Thread.run(Thread.java:830)
... Removed 9 stack frames</pre></div><a href='#' onClick='toggleBox("stack-trace1359232546", this, "Click to show all stack frames", "Click to hide stack frames")'>Click to show all stack frames</a>
<div class='stack-trace' id='stack-trace1359232546'><pre>org.openqa.selenium.TimeoutException: Expected condition failed: waiting for element to be clickable: By.xpath: //tr//i[@class=&apos;fas fa-edit text-info font-16&apos;] (tried for 10 second(s) with 500 milliseconds interval)
Build info: version: &apos;4.0.0-beta-3&apos;, revision: &apos;5d108f9a67&apos;
System info: host: &apos;ANDROIDPC&apos;, ip: &apos;192.168.110.72&apos;, os.name: &apos;Windows 10&apos;, os.arch: &apos;amd64&apos;, os.version: &apos;10.0&apos;, java.version: &apos;13.0.2&apos;
Driver info: org.openqa.selenium.firefox.FirefoxDriver
Capabilities {acceptInsecureCerts: true, browserName: firefox, browserVersion: 90.0, javascriptEnabled: true, moz:accessibilityChecks: false, moz:buildID: 20210705185941, moz:debuggerAddress: localhost:49744, moz:geckodriverVersion: 0.29.1, moz:headless: false, moz:processID: 13468, moz:profile: C:\Users\2Stallions\AppData..., moz:shutdownTimeout: 60000, moz:useNonSpecCompliantPointerOrigin: false, moz:webdriverClick: true, pageLoadStrategy: normal, platform: WINDOWS, platformName: WINDOWS, platformVersion: 10.0, proxy: Proxy(), se:cdp: ws://localhost:49744/devtoo..., se:cdpVersion: 85, setWindowRect: true, strictFileInteractability: false, timeouts: {implicit: 0, pageLoad: 300000, script: 30000}, unhandledPromptBehavior: dismiss and notify}
Session ID: 425c35b5-8e9a-4ad4-8dff-ff5f64df765f
	at org.openqa.selenium.support.ui.WebDriverWait.timeoutException(WebDriverWait.java:138)
	at org.openqa.selenium.support.ui.FluentWait.until(FluentWait.java:231)
	at com.tms.factories.ExplicitWaitFactory.performExplicitWait(ExplicitWaitFactory.java:24)
	at com.tms.pages.BasePage.click(BasePage.java:21)
	at com.tms.pages.VenuePage.Editrecord(VenuePage.java:93)
	at com.tms.tests.VenuePageTest.EditVenueRecordTest(VenuePageTest.java:48)
	at java.base/jdk.internal.reflect.NativeMethodAccessorImpl.invoke0(Native Method)
	at java.base/jdk.internal.reflect.NativeMethodAccessorImpl.invoke(NativeMethodAccessorImpl.java:62)
	at java.base/jdk.internal.reflect.DelegatingMethodAccessorImpl.invoke(DelegatingMethodAccessorImpl.java:43)
	at java.base/java.lang.reflect.Method.invoke(Method.java:567)
	at org.testng.internal.MethodInvocationHelper.invokeMethod(MethodInvocationHelper.java:132)
	at org.testng.internal.TestInvoker.invokeMethod(TestInvoker.java:599)
	at org.testng.internal.TestInvoker.invokeTestMethod(TestInvoker.java:174)
	at org.testng.internal.TestMethodWithDataProviderMethodWorker.call(TestMethodWithDataProviderMethodWorker.java:77)
	at org.testng.internal.TestMethodWithDataProviderMethodWorker.call(TestMethodWithDataProviderMethodWorker.java:15)
	at java.base/java.util.concurrent.FutureTask.run(FutureTask.java:264)
	at java.base/java.util.concurrent.Executors$RunnableAdapter.call(Executors.java:515)
	at java.base/java.util.concurrent.FutureTask.run(FutureTask.java:264)
	at java.base/java.util.concurrent.ThreadPoolExecutor.runWorker(ThreadPoolExecutor.java:1128)
	at java.base/java.util.concurrent.ThreadPoolExecutor$Worker.run(ThreadPoolExecutor.java:628)
	at java.base/java.lang.Thread.run(Thread.java:830)
</pre></div></td>
<td>14</td>
<td>com.tms.tests.VenuePageTest@5119fb47</td></tr>
<tr>
<td title='com.tms.tests.DashboardPageTest.Menutest4()'><b>Menutest4</b><br>Test class: com.tms.tests.DashboardPageTest<br>Test method: wheather the menutest working or not<br>Parameters: {FeesPaid=, Email=, Computer Navigation Skill=, Unit=, Scheduleinfodesc=, linkedIn URL=, reference=, password=123456, Billing Address=, Remarks=, Postalcode=, Street=, Education Qualification=, confirmpassword=, Name2=, Threshold=, Contact Number=, Date Of Birth=, Company Contact Person=, Meal Restrictions Type=, Billing Country=, testname=menutest4, execute=yes, Experience=, submenu=, newpassword1=, name=, Block=, name1=, Building=, Salary=, Description=, phonenumber=, EnterText=, Course Brochure Determined=, Company Contact Person Number=, Learning Mode=, Deadline Date=, browser=firefox, Mobile No=, Email1=, Nric=, Sponsored=, Domain Area of Practice=, Room=, Billing Email=, email=, Age=, Floor=, Designation=, Maxintakesize=, menuname=Course Soft Bookings, Coursecode=, Company Contact Person Email=, Coursevacdesc=, Scheduleinformation=, Company SME=, TPGateway=, Billing Zip=, Minintakesize=, Nationality=, Payment Amount=, oldpassword1=, Company Name=, coursecode=, Meal Restrictions=, username=superadmin@mail.com, Scheduleinfo=}</td>
<td><div><pre>org.openqa.selenium.TimeoutException: Expected condition failed: waiting for element to be clickable: By.xpath: //a[text()=&apos;Course Soft Bookings&apos;] (tried for 10 second(s) with 500 milliseconds interval)
Build info: version: &apos;4.0.0-beta-3&apos;, revision: &apos;5d108f9a67&apos;
System info: host: &apos;ANDROIDPC&apos;, ip: &apos;192.168.110.72&apos;, os.name: &apos;Windows 10&apos;, os.arch: &apos;amd64&apos;, os.version: &apos;10.0&apos;, java.version: &apos;13.0.2&apos;
Driver info: org.openqa.selenium.firefox.FirefoxDriver
Capabilities {acceptInsecureCerts: true, browserName: firefox, browserVersion: 90.0, javascriptEnabled: true, moz:accessibilityChecks: false, moz:buildID: 20210705185941, moz:debuggerAddress: localhost:52598, moz:geckodriverVersion: 0.29.1, moz:headless: false, moz:processID: 14968, moz:profile: C:\Users\2Stallions\AppData..., moz:shutdownTimeout: 60000, moz:useNonSpecCompliantPointerOrigin: false, moz:webdriverClick: true, pageLoadStrategy: normal, platform: WINDOWS, platformName: WINDOWS, platformVersion: 10.0, proxy: Proxy(), se:cdp: ws://localhost:52598/devtoo..., se:cdpVersion: 85, setWindowRect: true, strictFileInteractability: false, timeouts: {implicit: 0, pageLoad: 300000, script: 30000}, unhandledPromptBehavior: dismiss and notify}
Session ID: 8cb12c6e-63d8-4222-9441-6a6981781bd0
	at org.openqa.selenium.support.ui.WebDriverWait.timeoutException(WebDriverWait.java:138)
	at org.openqa.selenium.support.ui.FluentWait.until(FluentWait.java:231)
	at com.tms.factories.ExplicitWaitFactory.performExplicitWait(ExplicitWaitFactory.java:24)
	at com.tms.pages.BasePage.click(BasePage.java:21)
	at com.tms.pages.DashboardPage.clickonMenu(DashboardPage.java:22)
	at com.tms.tests.DashboardPageTest.Menutest4(DashboardPageTest.java:67)
	at java.base/java.util.concurrent.FutureTask.run(FutureTask.java:264)
	at java.base/java.util.concurrent.Executors$RunnableAdapter.call(Executors.java:515)
	at java.base/java.util.concurrent.FutureTask.run(FutureTask.java:264)
	at java.base/java.util.concurrent.ThreadPoolExecutor.runWorker(ThreadPoolExecutor.java:1128)
	at java.base/java.util.concurrent.ThreadPoolExecutor$Worker.run(ThreadPoolExecutor.java:628)
	at java.base/java.lang.Thread.run(Thread.java:830)
... Removed 9 stack frames</pre></div><a href='#' onClick='toggleBox("stack-trace725927797", this, "Click to show all stack frames", "Click to hide stack frames")'>Click to show all stack frames</a>
<div class='stack-trace' id='stack-trace725927797'><pre>org.openqa.selenium.TimeoutException: Expected condition failed: waiting for element to be clickable: By.xpath: //a[text()=&apos;Course Soft Bookings&apos;] (tried for 10 second(s) with 500 milliseconds interval)
Build info: version: &apos;4.0.0-beta-3&apos;, revision: &apos;5d108f9a67&apos;
System info: host: &apos;ANDROIDPC&apos;, ip: &apos;192.168.110.72&apos;, os.name: &apos;Windows 10&apos;, os.arch: &apos;amd64&apos;, os.version: &apos;10.0&apos;, java.version: &apos;13.0.2&apos;
Driver info: org.openqa.selenium.firefox.FirefoxDriver
Capabilities {acceptInsecureCerts: true, browserName: firefox, browserVersion: 90.0, javascriptEnabled: true, moz:accessibilityChecks: false, moz:buildID: 20210705185941, moz:debuggerAddress: localhost:52598, moz:geckodriverVersion: 0.29.1, moz:headless: false, moz:processID: 14968, moz:profile: C:\Users\2Stallions\AppData..., moz:shutdownTimeout: 60000, moz:useNonSpecCompliantPointerOrigin: false, moz:webdriverClick: true, pageLoadStrategy: normal, platform: WINDOWS, platformName: WINDOWS, platformVersion: 10.0, proxy: Proxy(), se:cdp: ws://localhost:52598/devtoo..., se:cdpVersion: 85, setWindowRect: true, strictFileInteractability: false, timeouts: {implicit: 0, pageLoad: 300000, script: 30000}, unhandledPromptBehavior: dismiss and notify}
Session ID: 8cb12c6e-63d8-4222-9441-6a6981781bd0
	at org.openqa.selenium.support.ui.WebDriverWait.timeoutException(WebDriverWait.java:138)
	at org.openqa.selenium.support.ui.FluentWait.until(FluentWait.java:231)
	at com.tms.factories.ExplicitWaitFactory.performExplicitWait(ExplicitWaitFactory.java:24)
	at com.tms.pages.BasePage.click(BasePage.java:21)
	at com.tms.pages.DashboardPage.clickonMenu(DashboardPage.java:22)
	at com.tms.tests.DashboardPageTest.Menutest4(DashboardPageTest.java:67)
	at java.base/jdk.internal.reflect.NativeMethodAccessorImpl.invoke0(Native Method)
	at java.base/jdk.internal.reflect.NativeMethodAccessorImpl.invoke(NativeMethodAccessorImpl.java:62)
	at java.base/jdk.internal.reflect.DelegatingMethodAccessorImpl.invoke(DelegatingMethodAccessorImpl.java:43)
	at java.base/java.lang.reflect.Method.invoke(Method.java:567)
	at org.testng.internal.MethodInvocationHelper.invokeMethod(MethodInvocationHelper.java:132)
	at org.testng.internal.TestInvoker.invokeMethod(TestInvoker.java:599)
	at org.testng.internal.TestInvoker.invokeTestMethod(TestInvoker.java:174)
	at org.testng.internal.TestMethodWithDataProviderMethodWorker.call(TestMethodWithDataProviderMethodWorker.java:77)
	at org.testng.internal.TestMethodWithDataProviderMethodWorker.call(TestMethodWithDataProviderMethodWorker.java:15)
	at java.base/java.util.concurrent.FutureTask.run(FutureTask.java:264)
	at java.base/java.util.concurrent.Executors$RunnableAdapter.call(Executors.java:515)
	at java.base/java.util.concurrent.FutureTask.run(FutureTask.java:264)
	at java.base/java.util.concurrent.ThreadPoolExecutor.runWorker(ThreadPoolExecutor.java:1128)
	at java.base/java.util.concurrent.ThreadPoolExecutor$Worker.run(ThreadPoolExecutor.java:628)
	at java.base/java.lang.Thread.run(Thread.java:830)
</pre></div></td>
<td>12</td>
<td>com.tms.tests.DashboardPageTest@188715b5</td></tr>
<tr>
<td title='com.tms.tests.DashboardPageTest.SubMenutest2()'><b>SubMenutest2</b><br>Test class: com.tms.tests.DashboardPageTest<br>Test method: wheather the submenutest working or not<br>Parameters: {FeesPaid=, Email=, Computer Navigation Skill=, Unit=, Scheduleinfodesc=, linkedIn URL=, reference=, password=123456, Billing Address=, Remarks=, Postalcode=, Street=, Education Qualification=, confirmpassword=, Name2=, Threshold=, Contact Number=, Date Of Birth=, Company Contact Person=, Meal Restrictions Type=, Billing Country=, testname=submenutest2, execute=yes, Experience=, submenu=Course List, newpassword1=, name=, Block=, name1=, Building=, Salary=, Description=, phonenumber=, EnterText=, Course Brochure Determined=, Company Contact Person Number=, Learning Mode=, Deadline Date=, browser=firefox, Mobile No=, Email1=, Nric=, Sponsored=, Domain Area of Practice=, Room=, Billing Email=, email=, Age=, Floor=, Designation=, Maxintakesize=, menuname=Course, Coursecode=, Company Contact Person Email=, Coursevacdesc=, Scheduleinformation=, Company SME=, TPGateway=, Billing Zip=, Minintakesize=, Nationality=, Payment Amount=, oldpassword1=, Company Name=, coursecode=, Meal Restrictions=, username=superadmin@mail.com, Scheduleinfo=}</td>
<td><div><pre>org.openqa.selenium.TimeoutException: Expected condition failed: waiting for element to be clickable: By.xpath: //ul[@class=&apos;nav metismenu in mm-show&apos;]//i//following-sibling::span[text()=&apos;Course&apos;]/ancestor::a/following-sibling::ul/li/a[text()=&apos;Course List&apos;] (tried for 10 second(s) with 500 milliseconds interval)
Build info: version: &apos;4.0.0-beta-3&apos;, revision: &apos;5d108f9a67&apos;
System info: host: &apos;ANDROIDPC&apos;, ip: &apos;192.168.110.72&apos;, os.name: &apos;Windows 10&apos;, os.arch: &apos;amd64&apos;, os.version: &apos;10.0&apos;, java.version: &apos;13.0.2&apos;
Driver info: org.openqa.selenium.firefox.FirefoxDriver
Capabilities {acceptInsecureCerts: true, browserName: firefox, browserVersion: 90.0, javascriptEnabled: true, moz:accessibilityChecks: false, moz:buildID: 20210705185941, moz:debuggerAddress: localhost:62142, moz:geckodriverVersion: 0.29.1, moz:headless: false, moz:processID: 15988, moz:profile: C:\Users\2Stallions\AppData..., moz:shutdownTimeout: 60000, moz:useNonSpecCompliantPointerOrigin: false, moz:webdriverClick: true, pageLoadStrategy: normal, platform: WINDOWS, platformName: WINDOWS, platformVersion: 10.0, proxy: Proxy(), se:cdp: ws://localhost:62142/devtoo..., se:cdpVersion: 85, setWindowRect: true, strictFileInteractability: false, timeouts: {implicit: 0, pageLoad: 300000, script: 30000}, unhandledPromptBehavior: dismiss and notify}
Session ID: fc74035c-4485-472f-bc4c-dfd41c0a86e3
	at org.openqa.selenium.support.ui.WebDriverWait.timeoutException(WebDriverWait.java:138)
	at org.openqa.selenium.support.ui.FluentWait.until(FluentWait.java:231)
	at com.tms.factories.ExplicitWaitFactory.performExplicitWait(ExplicitWaitFactory.java:24)
	at com.tms.pages.BasePage.click(BasePage.java:21)
	at com.tms.pages.DashboardPage.clickonSubMenu(DashboardPage.java:30)
	at com.tms.tests.DashboardPageTest.SubMenutest2(DashboardPageTest.java:114)
	at java.base/java.util.concurrent.FutureTask.run(FutureTask.java:264)
	at java.base/java.util.concurrent.Executors$RunnableAdapter.call(Executors.java:515)
	at java.base/java.util.concurrent.FutureTask.run(FutureTask.java:264)
	at java.base/java.util.concurrent.ThreadPoolExecutor.runWorker(ThreadPoolExecutor.java:1128)
	at java.base/java.util.concurrent.ThreadPoolExecutor$Worker.run(ThreadPoolExecutor.java:628)
	at java.base/java.lang.Thread.run(Thread.java:830)
... Removed 9 stack frames</pre></div><a href='#' onClick='toggleBox("stack-trace1533155823", this, "Click to show all stack frames", "Click to hide stack frames")'>Click to show all stack frames</a>
<div class='stack-trace' id='stack-trace1533155823'><pre>org.openqa.selenium.TimeoutException: Expected condition failed: waiting for element to be clickable: By.xpath: //ul[@class=&apos;nav metismenu in mm-show&apos;]//i//following-sibling::span[text()=&apos;Course&apos;]/ancestor::a/following-sibling::ul/li/a[text()=&apos;Course List&apos;] (tried for 10 second(s) with 500 milliseconds interval)
Build info: version: &apos;4.0.0-beta-3&apos;, revision: &apos;5d108f9a67&apos;
System info: host: &apos;ANDROIDPC&apos;, ip: &apos;192.168.110.72&apos;, os.name: &apos;Windows 10&apos;, os.arch: &apos;amd64&apos;, os.version: &apos;10.0&apos;, java.version: &apos;13.0.2&apos;
Driver info: org.openqa.selenium.firefox.FirefoxDriver
Capabilities {acceptInsecureCerts: true, browserName: firefox, browserVersion: 90.0, javascriptEnabled: true, moz:accessibilityChecks: false, moz:buildID: 20210705185941, moz:debuggerAddress: localhost:62142, moz:geckodriverVersion: 0.29.1, moz:headless: false, moz:processID: 15988, moz:profile: C:\Users\2Stallions\AppData..., moz:shutdownTimeout: 60000, moz:useNonSpecCompliantPointerOrigin: false, moz:webdriverClick: true, pageLoadStrategy: normal, platform: WINDOWS, platformName: WINDOWS, platformVersion: 10.0, proxy: Proxy(), se:cdp: ws://localhost:62142/devtoo..., se:cdpVersion: 85, setWindowRect: true, strictFileInteractability: false, timeouts: {implicit: 0, pageLoad: 300000, script: 30000}, unhandledPromptBehavior: dismiss and notify}
Session ID: fc74035c-4485-472f-bc4c-dfd41c0a86e3
	at org.openqa.selenium.support.ui.WebDriverWait.timeoutException(WebDriverWait.java:138)
	at org.openqa.selenium.support.ui.FluentWait.until(FluentWait.java:231)
	at com.tms.factories.ExplicitWaitFactory.performExplicitWait(ExplicitWaitFactory.java:24)
	at com.tms.pages.BasePage.click(BasePage.java:21)
	at com.tms.pages.DashboardPage.clickonSubMenu(DashboardPage.java:30)
	at com.tms.tests.DashboardPageTest.SubMenutest2(DashboardPageTest.java:114)
	at java.base/jdk.internal.reflect.NativeMethodAccessorImpl.invoke0(Native Method)
	at java.base/jdk.internal.reflect.NativeMethodAccessorImpl.invoke(NativeMethodAccessorImpl.java:62)
	at java.base/jdk.internal.reflect.DelegatingMethodAccessorImpl.invoke(DelegatingMethodAccessorImpl.java:43)
	at java.base/java.lang.reflect.Method.invoke(Method.java:567)
	at org.testng.internal.MethodInvocationHelper.invokeMethod(MethodInvocationHelper.java:132)
	at org.testng.internal.TestInvoker.invokeMethod(TestInvoker.java:599)
	at org.testng.internal.TestInvoker.invokeTestMethod(TestInvoker.java:174)
	at org.testng.internal.TestMethodWithDataProviderMethodWorker.call(TestMethodWithDataProviderMethodWorker.java:77)
	at org.testng.internal.TestMethodWithDataProviderMethodWorker.call(TestMethodWithDataProviderMethodWorker.java:15)
	at java.base/java.util.concurrent.FutureTask.run(FutureTask.java:264)
	at java.base/java.util.concurrent.Executors$RunnableAdapter.call(Executors.java:515)
	at java.base/java.util.concurrent.FutureTask.run(FutureTask.java:264)
	at java.base/java.util.concurrent.ThreadPoolExecutor.runWorker(ThreadPoolExecutor.java:1128)
	at java.base/java.util.concurrent.ThreadPoolExecutor$Worker.run(ThreadPoolExecutor.java:628)
	at java.base/java.lang.Thread.run(Thread.java:830)
</pre></div></td>
<td>13</td>
<td>com.tms.tests.DashboardPageTest@188715b5</td></tr>
<tr>
<td title='com.tms.tests.DashboardPageTest.SubMenutest3()'><b>SubMenutest3</b><br>Test class: com.tms.tests.DashboardPageTest<br>Test method: wheather the submenutest working or not<br>Parameters: {FeesPaid=, Email=, Computer Navigation Skill=, Unit=, Scheduleinfodesc=, linkedIn URL=, reference=, password=123456, Billing Address=, Remarks=, Postalcode=, Street=, Education Qualification=, confirmpassword=, Name2=, Threshold=, Contact Number=, Date Of Birth=, Company Contact Person=, Meal Restrictions Type=, Billing Country=, testname=submenutest3, execute=yes, Experience=, submenu=Staff Permissions, newpassword1=, name=, Block=, name1=, Building=, Salary=, Description=, phonenumber=, EnterText=, Course Brochure Determined=, Company Contact Person Number=, Learning Mode=, Deadline Date=, browser=firefox, Mobile No=, Email1=, Nric=, Sponsored=, Domain Area of Practice=, Room=, Billing Email=, email=, Age=, Floor=, Designation=, Maxintakesize=, menuname=Settings, Coursecode=, Company Contact Person Email=, Coursevacdesc=, Scheduleinformation=, Company SME=, TPGateway=, Billing Zip=, Minintakesize=, Nationality=, Payment Amount=, oldpassword1=, Company Name=, coursecode=, Meal Restrictions=, username=superadmin@mail.com, Scheduleinfo=}</td>
<td><div><pre>org.openqa.selenium.TimeoutException: Expected condition failed: waiting for element to be clickable: By.xpath: //ul[@class=&apos;nav metismenu in mm-show&apos;]//i//following-sibling::span[text()=&apos;Settings&apos;]/ancestor::a/following-sibling::ul/li/a[text()=&apos;Staff Permissions&apos;] (tried for 10 second(s) with 500 milliseconds interval)
Build info: version: &apos;4.0.0-beta-3&apos;, revision: &apos;5d108f9a67&apos;
System info: host: &apos;ANDROIDPC&apos;, ip: &apos;192.168.110.72&apos;, os.name: &apos;Windows 10&apos;, os.arch: &apos;amd64&apos;, os.version: &apos;10.0&apos;, java.version: &apos;13.0.2&apos;
Driver info: org.openqa.selenium.firefox.FirefoxDriver
Capabilities {acceptInsecureCerts: true, browserName: firefox, browserVersion: 90.0, javascriptEnabled: true, moz:accessibilityChecks: false, moz:buildID: 20210705185941, moz:debuggerAddress: localhost:62157, moz:geckodriverVersion: 0.29.1, moz:headless: false, moz:processID: 17052, moz:profile: C:\Users\2Stallions\AppData..., moz:shutdownTimeout: 60000, moz:useNonSpecCompliantPointerOrigin: false, moz:webdriverClick: true, pageLoadStrategy: normal, platform: WINDOWS, platformName: WINDOWS, platformVersion: 10.0, proxy: Proxy(), se:cdp: ws://localhost:62157/devtoo..., se:cdpVersion: 85, setWindowRect: true, strictFileInteractability: false, timeouts: {implicit: 0, pageLoad: 300000, script: 30000}, unhandledPromptBehavior: dismiss and notify}
Session ID: 9810d024-d5f7-4104-ac71-8a63fa1988ba
	at org.openqa.selenium.support.ui.WebDriverWait.timeoutException(WebDriverWait.java:138)
	at org.openqa.selenium.support.ui.FluentWait.until(FluentWait.java:231)
	at com.tms.factories.ExplicitWaitFactory.performExplicitWait(ExplicitWaitFactory.java:24)
	at com.tms.pages.BasePage.click(BasePage.java:21)
	at com.tms.pages.DashboardPage.clickonSubMenu(DashboardPage.java:30)
	at com.tms.tests.DashboardPageTest.SubMenutest3(DashboardPageTest.java:126)
	at java.base/java.util.concurrent.FutureTask.run(FutureTask.java:264)
	at java.base/java.util.concurrent.Executors$RunnableAdapter.call(Executors.java:515)
	at java.base/java.util.concurrent.FutureTask.run(FutureTask.java:264)
	at java.base/java.util.concurrent.ThreadPoolExecutor.runWorker(ThreadPoolExecutor.java:1128)
	at java.base/java.util.concurrent.ThreadPoolExecutor$Worker.run(ThreadPoolExecutor.java:628)
	at java.base/java.lang.Thread.run(Thread.java:830)
... Removed 9 stack frames</pre></div><a href='#' onClick='toggleBox("stack-trace1260496962", this, "Click to show all stack frames", "Click to hide stack frames")'>Click to show all stack frames</a>
<div class='stack-trace' id='stack-trace1260496962'><pre>org.openqa.selenium.TimeoutException: Expected condition failed: waiting for element to be clickable: By.xpath: //ul[@class=&apos;nav metismenu in mm-show&apos;]//i//following-sibling::span[text()=&apos;Settings&apos;]/ancestor::a/following-sibling::ul/li/a[text()=&apos;Staff Permissions&apos;] (tried for 10 second(s) with 500 milliseconds interval)
Build info: version: &apos;4.0.0-beta-3&apos;, revision: &apos;5d108f9a67&apos;
System info: host: &apos;ANDROIDPC&apos;, ip: &apos;192.168.110.72&apos;, os.name: &apos;Windows 10&apos;, os.arch: &apos;amd64&apos;, os.version: &apos;10.0&apos;, java.version: &apos;13.0.2&apos;
Driver info: org.openqa.selenium.firefox.FirefoxDriver
Capabilities {acceptInsecureCerts: true, browserName: firefox, browserVersion: 90.0, javascriptEnabled: true, moz:accessibilityChecks: false, moz:buildID: 20210705185941, moz:debuggerAddress: localhost:62157, moz:geckodriverVersion: 0.29.1, moz:headless: false, moz:processID: 17052, moz:profile: C:\Users\2Stallions\AppData..., moz:shutdownTimeout: 60000, moz:useNonSpecCompliantPointerOrigin: false, moz:webdriverClick: true, pageLoadStrategy: normal, platform: WINDOWS, platformName: WINDOWS, platformVersion: 10.0, proxy: Proxy(), se:cdp: ws://localhost:62157/devtoo..., se:cdpVersion: 85, setWindowRect: true, strictFileInteractability: false, timeouts: {implicit: 0, pageLoad: 300000, script: 30000}, unhandledPromptBehavior: dismiss and notify}
Session ID: 9810d024-d5f7-4104-ac71-8a63fa1988ba
	at org.openqa.selenium.support.ui.WebDriverWait.timeoutException(WebDriverWait.java:138)
	at org.openqa.selenium.support.ui.FluentWait.until(FluentWait.java:231)
	at com.tms.factories.ExplicitWaitFactory.performExplicitWait(ExplicitWaitFactory.java:24)
	at com.tms.pages.BasePage.click(BasePage.java:21)
	at com.tms.pages.DashboardPage.clickonSubMenu(DashboardPage.java:30)
	at com.tms.tests.DashboardPageTest.SubMenutest3(DashboardPageTest.java:126)
	at java.base/jdk.internal.reflect.NativeMethodAccessorImpl.invoke0(Native Method)
	at java.base/jdk.internal.reflect.NativeMethodAccessorImpl.invoke(NativeMethodAccessorImpl.java:62)
	at java.base/jdk.internal.reflect.DelegatingMethodAccessorImpl.invoke(DelegatingMethodAccessorImpl.java:43)
	at java.base/java.lang.reflect.Method.invoke(Method.java:567)
	at org.testng.internal.MethodInvocationHelper.invokeMethod(MethodInvocationHelper.java:132)
	at org.testng.internal.TestInvoker.invokeMethod(TestInvoker.java:599)
	at org.testng.internal.TestInvoker.invokeTestMethod(TestInvoker.java:174)
	at org.testng.internal.TestMethodWithDataProviderMethodWorker.call(TestMethodWithDataProviderMethodWorker.java:77)
	at org.testng.internal.TestMethodWithDataProviderMethodWorker.call(TestMethodWithDataProviderMethodWorker.java:15)
	at java.base/java.util.concurrent.FutureTask.run(FutureTask.java:264)
	at java.base/java.util.concurrent.Executors$RunnableAdapter.call(Executors.java:515)
	at java.base/java.util.concurrent.FutureTask.run(FutureTask.java:264)
	at java.base/java.util.concurrent.ThreadPoolExecutor.runWorker(ThreadPoolExecutor.java:1128)
	at java.base/java.util.concurrent.ThreadPoolExecutor$Worker.run(ThreadPoolExecutor.java:628)
	at java.base/java.lang.Thread.run(Thread.java:830)
</pre></div></td>
<td>14</td>
<td>com.tms.tests.DashboardPageTest@188715b5</td></tr>
<tr>
<td title='com.tms.tests.DashboardPageTest.SubMenutest4()'><b>SubMenutest4</b><br>Test class: com.tms.tests.DashboardPageTest<br>Test method: wheather the submenutest working or not<br>Parameters: {FeesPaid=, Email=, Computer Navigation Skill=, Unit=, Scheduleinfodesc=, linkedIn URL=, reference=, password=123456, Billing Address=, Remarks=, Postalcode=, Street=, Education Qualification=, confirmpassword=, Name2=, Threshold=, Contact Number=, Date Of Birth=, Company Contact Person=, Meal Restrictions Type=, Billing Country=, testname=submenutest4, execute=yes, Experience=, submenu=Xero Connection, newpassword1=, name=, Block=, name1=, Building=, Salary=, Description=, phonenumber=, EnterText=, Course Brochure Determined=, Company Contact Person Number=, Learning Mode=, Deadline Date=, browser=firefox, Mobile No=, Email1=, Nric=, Sponsored=, Domain Area of Practice=, Room=, Billing Email=, email=, Age=, Floor=, Designation=, Maxintakesize=, menuname=Settings, Coursecode=, Company Contact Person Email=, Coursevacdesc=, Scheduleinformation=, Company SME=, TPGateway=, Billing Zip=, Minintakesize=, Nationality=, Payment Amount=, oldpassword1=, Company Name=, coursecode=, Meal Restrictions=, username=superadmin@mail.com, Scheduleinfo=}</td>
<td><div><pre>org.openqa.selenium.TimeoutException: Expected condition failed: waiting for element to be clickable: By.xpath: //ul[@class=&apos;nav metismenu in mm-show&apos;]//i//following-sibling::span[text()=&apos;Settings&apos;]/ancestor::a/following-sibling::ul/li/a[text()=&apos;Xero Connection&apos;] (tried for 10 second(s) with 500 milliseconds interval)
Build info: version: &apos;4.0.0-beta-3&apos;, revision: &apos;5d108f9a67&apos;
System info: host: &apos;ANDROIDPC&apos;, ip: &apos;192.168.110.72&apos;, os.name: &apos;Windows 10&apos;, os.arch: &apos;amd64&apos;, os.version: &apos;10.0&apos;, java.version: &apos;13.0.2&apos;
Driver info: org.openqa.selenium.firefox.FirefoxDriver
Capabilities {acceptInsecureCerts: true, browserName: firefox, browserVersion: 90.0, javascriptEnabled: true, moz:accessibilityChecks: false, moz:buildID: 20210705185941, moz:debuggerAddress: localhost:63999, moz:geckodriverVersion: 0.29.1, moz:headless: false, moz:processID: 9124, moz:profile: C:\Users\2Stallions\AppData..., moz:shutdownTimeout: 60000, moz:useNonSpecCompliantPointerOrigin: false, moz:webdriverClick: true, pageLoadStrategy: normal, platform: WINDOWS, platformName: WINDOWS, platformVersion: 10.0, proxy: Proxy(), se:cdp: ws://localhost:63999/devtoo..., se:cdpVersion: 85, setWindowRect: true, strictFileInteractability: false, timeouts: {implicit: 0, pageLoad: 300000, script: 30000}, unhandledPromptBehavior: dismiss and notify}
Session ID: c13c8d1d-4f75-44e2-8235-c193e1b170f3
	at org.openqa.selenium.support.ui.WebDriverWait.timeoutException(WebDriverWait.java:138)
	at org.openqa.selenium.support.ui.FluentWait.until(FluentWait.java:231)
	at com.tms.factories.ExplicitWaitFactory.performExplicitWait(ExplicitWaitFactory.java:24)
	at com.tms.pages.BasePage.click(BasePage.java:21)
	at com.tms.pages.DashboardPage.clickonSubMenu(DashboardPage.java:30)
	at com.tms.tests.DashboardPageTest.SubMenutest4(DashboardPageTest.java:138)
	at java.base/java.util.concurrent.FutureTask.run(FutureTask.java:264)
	at java.base/java.util.concurrent.Executors$RunnableAdapter.call(Executors.java:515)
	at java.base/java.util.concurrent.FutureTask.run(FutureTask.java:264)
	at java.base/java.util.concurrent.ThreadPoolExecutor.runWorker(ThreadPoolExecutor.java:1128)
	at java.base/java.util.concurrent.ThreadPoolExecutor$Worker.run(ThreadPoolExecutor.java:628)
	at java.base/java.lang.Thread.run(Thread.java:830)
... Removed 9 stack frames</pre></div><a href='#' onClick='toggleBox("stack-trace735875707", this, "Click to show all stack frames", "Click to hide stack frames")'>Click to show all stack frames</a>
<div class='stack-trace' id='stack-trace735875707'><pre>org.openqa.selenium.TimeoutException: Expected condition failed: waiting for element to be clickable: By.xpath: //ul[@class=&apos;nav metismenu in mm-show&apos;]//i//following-sibling::span[text()=&apos;Settings&apos;]/ancestor::a/following-sibling::ul/li/a[text()=&apos;Xero Connection&apos;] (tried for 10 second(s) with 500 milliseconds interval)
Build info: version: &apos;4.0.0-beta-3&apos;, revision: &apos;5d108f9a67&apos;
System info: host: &apos;ANDROIDPC&apos;, ip: &apos;192.168.110.72&apos;, os.name: &apos;Windows 10&apos;, os.arch: &apos;amd64&apos;, os.version: &apos;10.0&apos;, java.version: &apos;13.0.2&apos;
Driver info: org.openqa.selenium.firefox.FirefoxDriver
Capabilities {acceptInsecureCerts: true, browserName: firefox, browserVersion: 90.0, javascriptEnabled: true, moz:accessibilityChecks: false, moz:buildID: 20210705185941, moz:debuggerAddress: localhost:63999, moz:geckodriverVersion: 0.29.1, moz:headless: false, moz:processID: 9124, moz:profile: C:\Users\2Stallions\AppData..., moz:shutdownTimeout: 60000, moz:useNonSpecCompliantPointerOrigin: false, moz:webdriverClick: true, pageLoadStrategy: normal, platform: WINDOWS, platformName: WINDOWS, platformVersion: 10.0, proxy: Proxy(), se:cdp: ws://localhost:63999/devtoo..., se:cdpVersion: 85, setWindowRect: true, strictFileInteractability: false, timeouts: {implicit: 0, pageLoad: 300000, script: 30000}, unhandledPromptBehavior: dismiss and notify}
Session ID: c13c8d1d-4f75-44e2-8235-c193e1b170f3
	at org.openqa.selenium.support.ui.WebDriverWait.timeoutException(WebDriverWait.java:138)
	at org.openqa.selenium.support.ui.FluentWait.until(FluentWait.java:231)
	at com.tms.factories.ExplicitWaitFactory.performExplicitWait(ExplicitWaitFactory.java:24)
	at com.tms.pages.BasePage.click(BasePage.java:21)
	at com.tms.pages.DashboardPage.clickonSubMenu(DashboardPage.java:30)
	at com.tms.tests.DashboardPageTest.SubMenutest4(DashboardPageTest.java:138)
	at java.base/jdk.internal.reflect.NativeMethodAccessorImpl.invoke0(Native Method)
	at java.base/jdk.internal.reflect.NativeMethodAccessorImpl.invoke(NativeMethodAccessorImpl.java:62)
	at java.base/jdk.internal.reflect.DelegatingMethodAccessorImpl.invoke(DelegatingMethodAccessorImpl.java:43)
	at java.base/java.lang.reflect.Method.invoke(Method.java:567)
	at org.testng.internal.MethodInvocationHelper.invokeMethod(MethodInvocationHelper.java:132)
	at org.testng.internal.TestInvoker.invokeMethod(TestInvoker.java:599)
	at org.testng.internal.TestInvoker.invokeTestMethod(TestInvoker.java:174)
	at org.testng.internal.TestMethodWithDataProviderMethodWorker.call(TestMethodWithDataProviderMethodWorker.java:77)
	at org.testng.internal.TestMethodWithDataProviderMethodWorker.call(TestMethodWithDataProviderMethodWorker.java:15)
	at java.base/java.util.concurrent.FutureTask.run(FutureTask.java:264)
	at java.base/java.util.concurrent.Executors$RunnableAdapter.call(Executors.java:515)
	at java.base/java.util.concurrent.FutureTask.run(FutureTask.java:264)
	at java.base/java.util.concurrent.ThreadPoolExecutor.runWorker(ThreadPoolExecutor.java:1128)
	at java.base/java.util.concurrent.ThreadPoolExecutor$Worker.run(ThreadPoolExecutor.java:628)
	at java.base/java.lang.Thread.run(Thread.java:830)
</pre></div></td>
<td>16</td>
<td>com.tms.tests.DashboardPageTest@188715b5</td></tr>
<tr>
<td title='com.tms.tests.LoginPageTest.forgetpasswordlinktest()'><b>forgetpasswordlinktest</b><br>Test class: com.tms.tests.LoginPageTest<br>Test method: check forgetpassword link test<br>Parameters: {FeesPaid=, Email=, Computer Navigation Skill=, Unit=, Scheduleinfodesc=, linkedIn URL=, reference=, password=, Billing Address=, Remarks=, Postalcode=, Street=, Education Qualification=, confirmpassword=, Name2=, Threshold=, Contact Number=, Date Of Birth=, Company Contact Person=, Meal Restrictions Type=, Billing Country=, testname=forgetpasswordlinktest, execute=yes, Experience=, submenu=, newpassword1=, name=, Block=, name1=, Building=, Salary=, Description=, phonenumber=, EnterText=, Course Brochure Determined=, Company Contact Person Number=, Learning Mode=, Deadline Date=, browser=firefox, Mobile No=, Email1=, Nric=, Sponsored=, Domain Area of Practice=, Room=, Billing Email=, email=, Age=, Floor=, Designation=, Maxintakesize=, menuname=, Coursecode=, Company Contact Person Email=, Coursevacdesc=, Scheduleinformation=, Company SME=, TPGateway=, Billing Zip=, Minintakesize=, Nationality=, Payment Amount=, oldpassword1=, Company Name=, coursecode=, Meal Restrictions=, username=, Scheduleinfo=}</td>
<td><div><pre>org.openqa.selenium.TimeoutException: Expected condition failed: waiting for presence of element located by: By.xpath: //li[.=&quot;We can&apos;t find a user with that email address.&quot;] (tried for 10 second(s) with 500 milliseconds interval)
	at org.openqa.selenium.support.ui.WebDriverWait.timeoutException(WebDriverWait.java:138)
	at org.openqa.selenium.support.ui.FluentWait.until(FluentWait.java:231)
	at com.tms.factories.ExplicitWaitFactory.performExplicitWait(ExplicitWaitFactory.java:20)
	at com.tms.pages.BasePage.click(BasePage.java:21)
	at com.tms.pages.LoginPage.Checkvalidation1(LoginPage.java:43)
	at com.tms.tests.LoginPageTest.forgetpasswordlinktest(LoginPageTest.java:28)
	at java.base/java.util.concurrent.FutureTask.run(FutureTask.java:264)
	at java.base/java.util.concurrent.Executors$RunnableAdapter.call(Executors.java:515)
	at java.base/java.util.concurrent.FutureTask.run(FutureTask.java:264)
	at java.base/java.util.concurrent.ThreadPoolExecutor.runWorker(ThreadPoolExecutor.java:1128)
	at java.base/java.util.concurrent.ThreadPoolExecutor$Worker.run(ThreadPoolExecutor.java:628)
	at java.base/java.lang.Thread.run(Thread.java:830)
Caused by: org.openqa.selenium.NoSuchElementException: Unable to locate element: //li[.=&quot;We can&apos;t find a user with that email address.&quot;]
For documentation on this error, please visit: https://selenium.dev/exceptions/#no_such_element
Build info: version: &apos;4.0.0-beta-3&apos;, revision: &apos;5d108f9a67&apos;
System info: host: &apos;ANDROIDPC&apos;, ip: &apos;192.168.110.72&apos;, os.name: &apos;Windows 10&apos;, os.arch: &apos;amd64&apos;, os.version: &apos;10.0&apos;, java.version: &apos;13.0.2&apos;
Driver info: org.openqa.selenium.firefox.FirefoxDriver
Command: [3d66f81d-f90d-4562-90b6-c948fc7e716e, findElement {using=xpath, value=//li[.=&quot;We can&apos;t find a user with that email address.&quot;]}]
Capabilities {acceptInsecureCerts: true, browserName: firefox, browserVersion: 90.0, javascriptEnabled: true, moz:accessibilityChecks: false, moz:buildID: 20210705185941, moz:debuggerAddress: localhost:52301, moz:geckodriverVersion: 0.29.1, moz:headless: false, moz:processID: 16860, moz:profile: C:\Users\2Stallions\AppData..., moz:shutdownTimeout: 60000, moz:useNonSpecCompliantPointerOrigin: false, moz:webdriverClick: true, pageLoadStrategy: normal, platform: WINDOWS, platformName: WINDOWS, platformVersion: 10.0, proxy: Proxy(), se:cdp: ws://localhost:52301/devtoo..., se:cdpVersion: 85, setWindowRect: true, strictFileInteractability: false, timeouts: {implicit: 0, pageLoad: 300000, script: 30000}, unhandledPromptBehavior: dismiss and notify}
Session ID: 3d66f81d-f90d-4562-90b6-c948fc7e716e
	at org.openqa.selenium.remote.codec.w3c.W3CHttpResponseCodec.createException(W3CHttpResponseCodec.java:198)
	at org.openqa.selenium.remote.codec.w3c.W3CHttpResponseCodec.decode(W3CHttpResponseCodec.java:131)
	at org.openqa.selenium.remote.codec.w3c.W3CHttpResponseCodec.decode(W3CHttpResponseCodec.java:52)
	at org.openqa.selenium.remote.HttpCommandExecutor.execute(HttpCommandExecutor.java:184)
	at org.openqa.selenium.remote.service.DriverCommandExecutor.invokeExecute(DriverCommandExecutor.java:153)
	at org.openqa.selenium.remote.service.DriverCommandExecutor.execute(DriverCommandExecutor.java:128)
	at org.openqa.selenium.remote.RemoteWebDriver.execute(RemoteWebDriver.java:619)
	at org.openqa.selenium.remote.RemoteWebDriver$Mechanism$2.findElement(RemoteWebDriver.java:1258)
	at org.openqa.selenium.remote.RemoteWebDriver.findElement(RemoteWebDriver.java:386)
	at org.openqa.selenium.remote.RemoteWebDriver.findElement(RemoteWebDriver.java:380)
	at org.openqa.selenium.support.ui.ExpectedConditions$6.apply(ExpectedConditions.java:174)
	at org.openqa.selenium.support.ui.ExpectedConditions$6.apply(ExpectedConditions.java:171)
	at org.openqa.selenium.support.ui.FluentWait.until(FluentWait.java:208)
	... 19 more
... Removed 13 stack frames</pre></div><a href='#' onClick='toggleBox("stack-trace950164378", this, "Click to show all stack frames", "Click to hide stack frames")'>Click to show all stack frames</a>
<div class='stack-trace' id='stack-trace950164378'><pre>org.openqa.selenium.TimeoutException: Expected condition failed: waiting for presence of element located by: By.xpath: //li[.=&quot;We can&apos;t find a user with that email address.&quot;] (tried for 10 second(s) with 500 milliseconds interval)
	at org.openqa.selenium.support.ui.WebDriverWait.timeoutException(WebDriverWait.java:138)
	at org.openqa.selenium.support.ui.FluentWait.until(FluentWait.java:231)
	at com.tms.factories.ExplicitWaitFactory.performExplicitWait(ExplicitWaitFactory.java:20)
	at com.tms.pages.BasePage.click(BasePage.java:21)
	at com.tms.pages.LoginPage.Checkvalidation1(LoginPage.java:43)
	at com.tms.tests.LoginPageTest.forgetpasswordlinktest(LoginPageTest.java:28)
	at java.base/jdk.internal.reflect.NativeMethodAccessorImpl.invoke0(Native Method)
	at java.base/jdk.internal.reflect.NativeMethodAccessorImpl.invoke(NativeMethodAccessorImpl.java:62)
	at java.base/jdk.internal.reflect.DelegatingMethodAccessorImpl.invoke(DelegatingMethodAccessorImpl.java:43)
	at java.base/java.lang.reflect.Method.invoke(Method.java:567)
	at org.testng.internal.MethodInvocationHelper.invokeMethod(MethodInvocationHelper.java:132)
	at org.testng.internal.TestInvoker.invokeMethod(TestInvoker.java:599)
	at org.testng.internal.TestInvoker.invokeTestMethod(TestInvoker.java:174)
	at org.testng.internal.TestMethodWithDataProviderMethodWorker.call(TestMethodWithDataProviderMethodWorker.java:77)
	at org.testng.internal.TestMethodWithDataProviderMethodWorker.call(TestMethodWithDataProviderMethodWorker.java:15)
	at java.base/java.util.concurrent.FutureTask.run(FutureTask.java:264)
	at java.base/java.util.concurrent.Executors$RunnableAdapter.call(Executors.java:515)
	at java.base/java.util.concurrent.FutureTask.run(FutureTask.java:264)
	at java.base/java.util.concurrent.ThreadPoolExecutor.runWorker(ThreadPoolExecutor.java:1128)
	at java.base/java.util.concurrent.ThreadPoolExecutor$Worker.run(ThreadPoolExecutor.java:628)
	at java.base/java.lang.Thread.run(Thread.java:830)
Caused by: org.openqa.selenium.NoSuchElementException: Unable to locate element: //li[.=&quot;We can&apos;t find a user with that email address.&quot;]
For documentation on this error, please visit: https://selenium.dev/exceptions/#no_such_element
Build info: version: &apos;4.0.0-beta-3&apos;, revision: &apos;5d108f9a67&apos;
System info: host: &apos;ANDROIDPC&apos;, ip: &apos;192.168.110.72&apos;, os.name: &apos;Windows 10&apos;, os.arch: &apos;amd64&apos;, os.version: &apos;10.0&apos;, java.version: &apos;13.0.2&apos;
Driver info: org.openqa.selenium.firefox.FirefoxDriver
Command: [3d66f81d-f90d-4562-90b6-c948fc7e716e, findElement {using=xpath, value=//li[.=&quot;We can&apos;t find a user with that email address.&quot;]}]
Capabilities {acceptInsecureCerts: true, browserName: firefox, browserVersion: 90.0, javascriptEnabled: true, moz:accessibilityChecks: false, moz:buildID: 20210705185941, moz:debuggerAddress: localhost:52301, moz:geckodriverVersion: 0.29.1, moz:headless: false, moz:processID: 16860, moz:profile: C:\Users\2Stallions\AppData..., moz:shutdownTimeout: 60000, moz:useNonSpecCompliantPointerOrigin: false, moz:webdriverClick: true, pageLoadStrategy: normal, platform: WINDOWS, platformName: WINDOWS, platformVersion: 10.0, proxy: Proxy(), se:cdp: ws://localhost:52301/devtoo..., se:cdpVersion: 85, setWindowRect: true, strictFileInteractability: false, timeouts: {implicit: 0, pageLoad: 300000, script: 30000}, unhandledPromptBehavior: dismiss and notify}
Session ID: 3d66f81d-f90d-4562-90b6-c948fc7e716e
	at jdk.internal.reflect.GeneratedConstructorAccessor28.newInstance(Unknown Source)
	at java.base/jdk.internal.reflect.DelegatingConstructorAccessorImpl.newInstance(DelegatingConstructorAccessorImpl.java:45)
	at java.base/java.lang.reflect.Constructor.newInstanceWithCaller(Constructor.java:500)
	at java.base/java.lang.reflect.Constructor.newInstance(Constructor.java:481)
	at org.openqa.selenium.remote.codec.w3c.W3CHttpResponseCodec.createException(W3CHttpResponseCodec.java:198)
	at org.openqa.selenium.remote.codec.w3c.W3CHttpResponseCodec.decode(W3CHttpResponseCodec.java:131)
	at org.openqa.selenium.remote.codec.w3c.W3CHttpResponseCodec.decode(W3CHttpResponseCodec.java:52)
	at org.openqa.selenium.remote.HttpCommandExecutor.execute(HttpCommandExecutor.java:184)
	at org.openqa.selenium.remote.service.DriverCommandExecutor.invokeExecute(DriverCommandExecutor.java:153)
	at org.openqa.selenium.remote.service.DriverCommandExecutor.execute(DriverCommandExecutor.java:128)
	at org.openqa.selenium.remote.RemoteWebDriver.execute(RemoteWebDriver.java:619)
	at org.openqa.selenium.remote.RemoteWebDriver$Mechanism$2.findElement(RemoteWebDriver.java:1258)
	at org.openqa.selenium.remote.RemoteWebDriver.findElement(RemoteWebDriver.java:386)
	at org.openqa.selenium.remote.RemoteWebDriver.findElement(RemoteWebDriver.java:380)
	at org.openqa.selenium.support.ui.ExpectedConditions$6.apply(ExpectedConditions.java:174)
	at org.openqa.selenium.support.ui.ExpectedConditions$6.apply(ExpectedConditions.java:171)
	at org.openqa.selenium.support.ui.FluentWait.until(FluentWait.java:208)
	... 19 more
</pre></div></td>
<td>12</td>
<td>com.tms.tests.LoginPageTest@2f7298b</td></tr>
<tr>
<td title='com.tms.tests.LoginPageTest.forgetpasswordlinktest()'><b>forgetpasswordlinktest</b><br>Test class: com.tms.tests.LoginPageTest<br>Test method: check forgetpassword link test<br>Parameters: {FeesPaid=, Email=, Computer Navigation Skill=, Unit=, Scheduleinfodesc=, linkedIn URL=, reference=, password=, Billing Address=, Remarks=, Postalcode=, Street=, Education Qualification=, confirmpassword=, Name2=, Threshold=, Contact Number=, Date Of Birth=, Company Contact Person=, Meal Restrictions Type=, Billing Country=, testname=forgetpasswordlinktest, execute=yes, Experience=, submenu=, newpassword1=, name=, Block=, name1=, Building=, Salary=, Description=, phonenumber=, EnterText=, Course Brochure Determined=, Company Contact Person Number=, Learning Mode=, Deadline Date=, browser=firefox, Mobile No=, Email1=, Nric=, Sponsored=, Domain Area of Practice=, Room=, Billing Email=, email=, Age=, Floor=, Designation=, Maxintakesize=, menuname=, Coursecode=, Company Contact Person Email=, Coursevacdesc=, Scheduleinformation=, Company SME=, TPGateway=, Billing Zip=, Minintakesize=, Nationality=, Payment Amount=, oldpassword1=, Company Name=, coursecode=, Meal Restrictions=, username=, Scheduleinfo=}</td>
<td><div><pre>org.openqa.selenium.TimeoutException: Expected condition failed: waiting for presence of element located by: By.xpath: //li[.=&quot;We can&apos;t find a user with that email address.&quot;] (tried for 10 second(s) with 500 milliseconds interval)
	at org.openqa.selenium.support.ui.WebDriverWait.timeoutException(WebDriverWait.java:138)
	at org.openqa.selenium.support.ui.FluentWait.until(FluentWait.java:231)
	at com.tms.factories.ExplicitWaitFactory.performExplicitWait(ExplicitWaitFactory.java:20)
	at com.tms.pages.BasePage.click(BasePage.java:21)
	at com.tms.pages.LoginPage.Checkvalidation1(LoginPage.java:43)
	at com.tms.tests.LoginPageTest.forgetpasswordlinktest(LoginPageTest.java:28)
	at java.base/java.util.concurrent.FutureTask.run(FutureTask.java:264)
	at java.base/java.util.concurrent.Executors$RunnableAdapter.call(Executors.java:515)
	at java.base/java.util.concurrent.FutureTask.run(FutureTask.java:264)
	at java.base/java.util.concurrent.ThreadPoolExecutor.runWorker(ThreadPoolExecutor.java:1128)
	at java.base/java.util.concurrent.ThreadPoolExecutor$Worker.run(ThreadPoolExecutor.java:628)
	at java.base/java.lang.Thread.run(Thread.java:830)
Caused by: org.openqa.selenium.NoSuchElementException: Unable to locate element: //li[.=&quot;We can&apos;t find a user with that email address.&quot;]
For documentation on this error, please visit: https://selenium.dev/exceptions/#no_such_element
Build info: version: &apos;4.0.0-beta-3&apos;, revision: &apos;5d108f9a67&apos;
System info: host: &apos;ANDROIDPC&apos;, ip: &apos;192.168.110.72&apos;, os.name: &apos;Windows 10&apos;, os.arch: &apos;amd64&apos;, os.version: &apos;10.0&apos;, java.version: &apos;13.0.2&apos;
Driver info: org.openqa.selenium.firefox.FirefoxDriver
Command: [2155ac93-e244-46b8-aab2-1a48d8113420, findElement {using=xpath, value=//li[.=&quot;We can&apos;t find a user with that email address.&quot;]}]
Capabilities {acceptInsecureCerts: true, browserName: firefox, browserVersion: 90.0, javascriptEnabled: true, moz:accessibilityChecks: false, moz:buildID: 20210705185941, moz:debuggerAddress: localhost:59101, moz:geckodriverVersion: 0.29.1, moz:headless: false, moz:processID: 16104, moz:profile: C:\Users\2Stallions\AppData..., moz:shutdownTimeout: 60000, moz:useNonSpecCompliantPointerOrigin: false, moz:webdriverClick: true, pageLoadStrategy: normal, platform: WINDOWS, platformName: WINDOWS, platformVersion: 10.0, proxy: Proxy(), se:cdp: ws://localhost:59101/devtoo..., se:cdpVersion: 85, setWindowRect: true, strictFileInteractability: false, timeouts: {implicit: 0, pageLoad: 300000, script: 30000}, unhandledPromptBehavior: dismiss and notify}
Session ID: 2155ac93-e244-46b8-aab2-1a48d8113420
	at org.openqa.selenium.remote.codec.w3c.W3CHttpResponseCodec.createException(W3CHttpResponseCodec.java:198)
	at org.openqa.selenium.remote.codec.w3c.W3CHttpResponseCodec.decode(W3CHttpResponseCodec.java:131)
	at org.openqa.selenium.remote.codec.w3c.W3CHttpResponseCodec.decode(W3CHttpResponseCodec.java:52)
	at org.openqa.selenium.remote.HttpCommandExecutor.execute(HttpCommandExecutor.java:184)
	at org.openqa.selenium.remote.service.DriverCommandExecutor.invokeExecute(DriverCommandExecutor.java:153)
	at org.openqa.selenium.remote.service.DriverCommandExecutor.execute(DriverCommandExecutor.java:128)
	at org.openqa.selenium.remote.RemoteWebDriver.execute(RemoteWebDriver.java:619)
	at org.openqa.selenium.remote.RemoteWebDriver$Mechanism$2.findElement(RemoteWebDriver.java:1258)
	at org.openqa.selenium.remote.RemoteWebDriver.findElement(RemoteWebDriver.java:386)
	at org.openqa.selenium.remote.RemoteWebDriver.findElement(RemoteWebDriver.java:380)
	at org.openqa.selenium.support.ui.ExpectedConditions$6.apply(ExpectedConditions.java:174)
	at org.openqa.selenium.support.ui.ExpectedConditions$6.apply(ExpectedConditions.java:171)
	at org.openqa.selenium.support.ui.FluentWait.until(FluentWait.java:208)
	... 19 more
... Removed 13 stack frames</pre></div><a href='#' onClick='toggleBox("stack-trace1558101605", this, "Click to show all stack frames", "Click to hide stack frames")'>Click to show all stack frames</a>
<div class='stack-trace' id='stack-trace1558101605'><pre>org.openqa.selenium.TimeoutException: Expected condition failed: waiting for presence of element located by: By.xpath: //li[.=&quot;We can&apos;t find a user with that email address.&quot;] (tried for 10 second(s) with 500 milliseconds interval)
	at org.openqa.selenium.support.ui.WebDriverWait.timeoutException(WebDriverWait.java:138)
	at org.openqa.selenium.support.ui.FluentWait.until(FluentWait.java:231)
	at com.tms.factories.ExplicitWaitFactory.performExplicitWait(ExplicitWaitFactory.java:20)
	at com.tms.pages.BasePage.click(BasePage.java:21)
	at com.tms.pages.LoginPage.Checkvalidation1(LoginPage.java:43)
	at com.tms.tests.LoginPageTest.forgetpasswordlinktest(LoginPageTest.java:28)
	at java.base/jdk.internal.reflect.NativeMethodAccessorImpl.invoke0(Native Method)
	at java.base/jdk.internal.reflect.NativeMethodAccessorImpl.invoke(NativeMethodAccessorImpl.java:62)
	at java.base/jdk.internal.reflect.DelegatingMethodAccessorImpl.invoke(DelegatingMethodAccessorImpl.java:43)
	at java.base/java.lang.reflect.Method.invoke(Method.java:567)
	at org.testng.internal.MethodInvocationHelper.invokeMethod(MethodInvocationHelper.java:132)
	at org.testng.internal.TestInvoker.invokeMethod(TestInvoker.java:599)
	at org.testng.internal.TestInvoker.invokeTestMethod(TestInvoker.java:174)
	at org.testng.internal.TestMethodWithDataProviderMethodWorker.call(TestMethodWithDataProviderMethodWorker.java:77)
	at org.testng.internal.TestMethodWithDataProviderMethodWorker.call(TestMethodWithDataProviderMethodWorker.java:15)
	at java.base/java.util.concurrent.FutureTask.run(FutureTask.java:264)
	at java.base/java.util.concurrent.Executors$RunnableAdapter.call(Executors.java:515)
	at java.base/java.util.concurrent.FutureTask.run(FutureTask.java:264)
	at java.base/java.util.concurrent.ThreadPoolExecutor.runWorker(ThreadPoolExecutor.java:1128)
	at java.base/java.util.concurrent.ThreadPoolExecutor$Worker.run(ThreadPoolExecutor.java:628)
	at java.base/java.lang.Thread.run(Thread.java:830)
Caused by: org.openqa.selenium.NoSuchElementException: Unable to locate element: //li[.=&quot;We can&apos;t find a user with that email address.&quot;]
For documentation on this error, please visit: https://selenium.dev/exceptions/#no_such_element
Build info: version: &apos;4.0.0-beta-3&apos;, revision: &apos;5d108f9a67&apos;
System info: host: &apos;ANDROIDPC&apos;, ip: &apos;192.168.110.72&apos;, os.name: &apos;Windows 10&apos;, os.arch: &apos;amd64&apos;, os.version: &apos;10.0&apos;, java.version: &apos;13.0.2&apos;
Driver info: org.openqa.selenium.firefox.FirefoxDriver
Command: [2155ac93-e244-46b8-aab2-1a48d8113420, findElement {using=xpath, value=//li[.=&quot;We can&apos;t find a user with that email address.&quot;]}]
Capabilities {acceptInsecureCerts: true, browserName: firefox, browserVersion: 90.0, javascriptEnabled: true, moz:accessibilityChecks: false, moz:buildID: 20210705185941, moz:debuggerAddress: localhost:59101, moz:geckodriverVersion: 0.29.1, moz:headless: false, moz:processID: 16104, moz:profile: C:\Users\2Stallions\AppData..., moz:shutdownTimeout: 60000, moz:useNonSpecCompliantPointerOrigin: false, moz:webdriverClick: true, pageLoadStrategy: normal, platform: WINDOWS, platformName: WINDOWS, platformVersion: 10.0, proxy: Proxy(), se:cdp: ws://localhost:59101/devtoo..., se:cdpVersion: 85, setWindowRect: true, strictFileInteractability: false, timeouts: {implicit: 0, pageLoad: 300000, script: 30000}, unhandledPromptBehavior: dismiss and notify}
Session ID: 2155ac93-e244-46b8-aab2-1a48d8113420
	at jdk.internal.reflect.GeneratedConstructorAccessor28.newInstance(Unknown Source)
	at java.base/jdk.internal.reflect.DelegatingConstructorAccessorImpl.newInstance(DelegatingConstructorAccessorImpl.java:45)
	at java.base/java.lang.reflect.Constructor.newInstanceWithCaller(Constructor.java:500)
	at java.base/java.lang.reflect.Constructor.newInstance(Constructor.java:481)
	at org.openqa.selenium.remote.codec.w3c.W3CHttpResponseCodec.createException(W3CHttpResponseCodec.java:198)
	at org.openqa.selenium.remote.codec.w3c.W3CHttpResponseCodec.decode(W3CHttpResponseCodec.java:131)
	at org.openqa.selenium.remote.codec.w3c.W3CHttpResponseCodec.decode(W3CHttpResponseCodec.java:52)
	at org.openqa.selenium.remote.HttpCommandExecutor.execute(HttpCommandExecutor.java:184)
	at org.openqa.selenium.remote.service.DriverCommandExecutor.invokeExecute(DriverCommandExecutor.java:153)
	at org.openqa.selenium.remote.service.DriverCommandExecutor.execute(DriverCommandExecutor.java:128)
	at org.openqa.selenium.remote.RemoteWebDriver.execute(RemoteWebDriver.java:619)
	at org.openqa.selenium.remote.RemoteWebDriver$Mechanism$2.findElement(RemoteWebDriver.java:1258)
	at org.openqa.selenium.remote.RemoteWebDriver.findElement(RemoteWebDriver.java:386)
	at org.openqa.selenium.remote.RemoteWebDriver.findElement(RemoteWebDriver.java:380)
	at org.openqa.selenium.support.ui.ExpectedConditions$6.apply(ExpectedConditions.java:174)
	at org.openqa.selenium.support.ui.ExpectedConditions$6.apply(ExpectedConditions.java:171)
	at org.openqa.selenium.support.ui.FluentWait.until(FluentWait.java:208)
	... 19 more
</pre></div></td>
<td>11</td>
<td>com.tms.tests.LoginPageTest@2f7298b</td></tr>
<tr>
<td title='com.tms.tests.LoginPageTest.forgetpasswordlinktest1()'><b>forgetpasswordlinktest1</b><br>Test class: com.tms.tests.LoginPageTest<br>Test method: check forgetpassword link test<br>Parameters: {FeesPaid=, Email=, Computer Navigation Skill=, Unit=, Scheduleinfodesc=, linkedIn URL=, reference=, password=, Billing Address=, Remarks=, Postalcode=, Street=, Education Qualification=, confirmpassword=, Name2=, Threshold=, Contact Number=, Date Of Birth=, Company Contact Person=, Meal Restrictions Type=, Billing Country=, testname=forgetpasswordlinktest1, execute=yes, Experience=, submenu=, newpassword1=, name=, Block=, name1=, Building=, Salary=, Description=, phonenumber=, EnterText=, Course Brochure Determined=, Company Contact Person Number=, Learning Mode=, Deadline Date=, browser=firefox, Mobile No=, Email1=, Nric=, Sponsored=, Domain Area of Practice=, Room=, Billing Email=, email=, Age=, Floor=, Designation=, Maxintakesize=, menuname=, Coursecode=, Company Contact Person Email=, Coursevacdesc=, Scheduleinformation=, Company SME=, TPGateway=, Billing Zip=, Minintakesize=, Nationality=, Payment Amount=, oldpassword1=, Company Name=, coursecode=, Meal Restrictions=, username=nikhil@2stallions.com, Scheduleinfo=}</td>
<td><div><pre>org.openqa.selenium.TimeoutException: Expected condition failed: waiting for presence of element located by: By.xpath: //li[.=&apos;Please check reset Password email.&apos;] (tried for 10 second(s) with 500 milliseconds interval)
	at org.openqa.selenium.support.ui.WebDriverWait.timeoutException(WebDriverWait.java:138)
	at org.openqa.selenium.support.ui.FluentWait.until(FluentWait.java:231)
	at com.tms.factories.ExplicitWaitFactory.performExplicitWait(ExplicitWaitFactory.java:20)
	at com.tms.pages.BasePage.click(BasePage.java:21)
	at com.tms.pages.LoginPage.Checkvalidation(LoginPage.java:38)
	at com.tms.tests.LoginPageTest.forgetpasswordlinktest1(LoginPageTest.java:41)
	at java.base/java.util.concurrent.FutureTask.run(FutureTask.java:264)
	at java.base/java.util.concurrent.Executors$RunnableAdapter.call(Executors.java:515)
	at java.base/java.util.concurrent.FutureTask.run(FutureTask.java:264)
	at java.base/java.util.concurrent.ThreadPoolExecutor.runWorker(ThreadPoolExecutor.java:1128)
	at java.base/java.util.concurrent.ThreadPoolExecutor$Worker.run(ThreadPoolExecutor.java:628)
	at java.base/java.lang.Thread.run(Thread.java:830)
Caused by: org.openqa.selenium.NoSuchElementException: Unable to locate element: //li[.=&apos;Please check reset Password email.&apos;]
For documentation on this error, please visit: https://selenium.dev/exceptions/#no_such_element
Build info: version: &apos;4.0.0-beta-3&apos;, revision: &apos;5d108f9a67&apos;
System info: host: &apos;ANDROIDPC&apos;, ip: &apos;192.168.110.72&apos;, os.name: &apos;Windows 10&apos;, os.arch: &apos;amd64&apos;, os.version: &apos;10.0&apos;, java.version: &apos;13.0.2&apos;
Driver info: org.openqa.selenium.firefox.FirefoxDriver
Command: [e402d798-72a5-48c9-b09a-e45d51ef9147, findElement {using=xpath, value=//li[.=&apos;Please check reset Password email.&apos;]}]
Capabilities {acceptInsecureCerts: true, browserName: firefox, browserVersion: 90.0, javascriptEnabled: true, moz:accessibilityChecks: false, moz:buildID: 20210705185941, moz:debuggerAddress: localhost:59367, moz:geckodriverVersion: 0.29.1, moz:headless: false, moz:processID: 18448, moz:profile: C:\Users\2Stallions\AppData..., moz:shutdownTimeout: 60000, moz:useNonSpecCompliantPointerOrigin: false, moz:webdriverClick: true, pageLoadStrategy: normal, platform: WINDOWS, platformName: WINDOWS, platformVersion: 10.0, proxy: Proxy(), se:cdp: ws://localhost:59367/devtoo..., se:cdpVersion: 85, setWindowRect: true, strictFileInteractability: false, timeouts: {implicit: 0, pageLoad: 300000, script: 30000}, unhandledPromptBehavior: dismiss and notify}
Session ID: e402d798-72a5-48c9-b09a-e45d51ef9147
	at org.openqa.selenium.remote.codec.w3c.W3CHttpResponseCodec.createException(W3CHttpResponseCodec.java:198)
	at org.openqa.selenium.remote.codec.w3c.W3CHttpResponseCodec.decode(W3CHttpResponseCodec.java:131)
	at org.openqa.selenium.remote.codec.w3c.W3CHttpResponseCodec.decode(W3CHttpResponseCodec.java:52)
	at org.openqa.selenium.remote.HttpCommandExecutor.execute(HttpCommandExecutor.java:184)
	at org.openqa.selenium.remote.service.DriverCommandExecutor.invokeExecute(DriverCommandExecutor.java:153)
	at org.openqa.selenium.remote.service.DriverCommandExecutor.execute(DriverCommandExecutor.java:128)
	at org.openqa.selenium.remote.RemoteWebDriver.execute(RemoteWebDriver.java:619)
	at org.openqa.selenium.remote.RemoteWebDriver$Mechanism$2.findElement(RemoteWebDriver.java:1258)
	at org.openqa.selenium.remote.RemoteWebDriver.findElement(RemoteWebDriver.java:386)
	at org.openqa.selenium.remote.RemoteWebDriver.findElement(RemoteWebDriver.java:380)
	at org.openqa.selenium.support.ui.ExpectedConditions$6.apply(ExpectedConditions.java:174)
	at org.openqa.selenium.support.ui.ExpectedConditions$6.apply(ExpectedConditions.java:171)
	at org.openqa.selenium.support.ui.FluentWait.until(FluentWait.java:208)
	... 19 more
... Removed 13 stack frames</pre></div><a href='#' onClick='toggleBox("stack-trace1556937885", this, "Click to show all stack frames", "Click to hide stack frames")'>Click to show all stack frames</a>
<div class='stack-trace' id='stack-trace1556937885'><pre>org.openqa.selenium.TimeoutException: Expected condition failed: waiting for presence of element located by: By.xpath: //li[.=&apos;Please check reset Password email.&apos;] (tried for 10 second(s) with 500 milliseconds interval)
	at org.openqa.selenium.support.ui.WebDriverWait.timeoutException(WebDriverWait.java:138)
	at org.openqa.selenium.support.ui.FluentWait.until(FluentWait.java:231)
	at com.tms.factories.ExplicitWaitFactory.performExplicitWait(ExplicitWaitFactory.java:20)
	at com.tms.pages.BasePage.click(BasePage.java:21)
	at com.tms.pages.LoginPage.Checkvalidation(LoginPage.java:38)
	at com.tms.tests.LoginPageTest.forgetpasswordlinktest1(LoginPageTest.java:41)
	at java.base/jdk.internal.reflect.NativeMethodAccessorImpl.invoke0(Native Method)
	at java.base/jdk.internal.reflect.NativeMethodAccessorImpl.invoke(NativeMethodAccessorImpl.java:62)
	at java.base/jdk.internal.reflect.DelegatingMethodAccessorImpl.invoke(DelegatingMethodAccessorImpl.java:43)
	at java.base/java.lang.reflect.Method.invoke(Method.java:567)
	at org.testng.internal.MethodInvocationHelper.invokeMethod(MethodInvocationHelper.java:132)
	at org.testng.internal.TestInvoker.invokeMethod(TestInvoker.java:599)
	at org.testng.internal.TestInvoker.invokeTestMethod(TestInvoker.java:174)
	at org.testng.internal.TestMethodWithDataProviderMethodWorker.call(TestMethodWithDataProviderMethodWorker.java:77)
	at org.testng.internal.TestMethodWithDataProviderMethodWorker.call(TestMethodWithDataProviderMethodWorker.java:15)
	at java.base/java.util.concurrent.FutureTask.run(FutureTask.java:264)
	at java.base/java.util.concurrent.Executors$RunnableAdapter.call(Executors.java:515)
	at java.base/java.util.concurrent.FutureTask.run(FutureTask.java:264)
	at java.base/java.util.concurrent.ThreadPoolExecutor.runWorker(ThreadPoolExecutor.java:1128)
	at java.base/java.util.concurrent.ThreadPoolExecutor$Worker.run(ThreadPoolExecutor.java:628)
	at java.base/java.lang.Thread.run(Thread.java:830)
Caused by: org.openqa.selenium.NoSuchElementException: Unable to locate element: //li[.=&apos;Please check reset Password email.&apos;]
For documentation on this error, please visit: https://selenium.dev/exceptions/#no_such_element
Build info: version: &apos;4.0.0-beta-3&apos;, revision: &apos;5d108f9a67&apos;
System info: host: &apos;ANDROIDPC&apos;, ip: &apos;192.168.110.72&apos;, os.name: &apos;Windows 10&apos;, os.arch: &apos;amd64&apos;, os.version: &apos;10.0&apos;, java.version: &apos;13.0.2&apos;
Driver info: org.openqa.selenium.firefox.FirefoxDriver
Command: [e402d798-72a5-48c9-b09a-e45d51ef9147, findElement {using=xpath, value=//li[.=&apos;Please check reset Password email.&apos;]}]
Capabilities {acceptInsecureCerts: true, browserName: firefox, browserVersion: 90.0, javascriptEnabled: true, moz:accessibilityChecks: false, moz:buildID: 20210705185941, moz:debuggerAddress: localhost:59367, moz:geckodriverVersion: 0.29.1, moz:headless: false, moz:processID: 18448, moz:profile: C:\Users\2Stallions\AppData..., moz:shutdownTimeout: 60000, moz:useNonSpecCompliantPointerOrigin: false, moz:webdriverClick: true, pageLoadStrategy: normal, platform: WINDOWS, platformName: WINDOWS, platformVersion: 10.0, proxy: Proxy(), se:cdp: ws://localhost:59367/devtoo..., se:cdpVersion: 85, setWindowRect: true, strictFileInteractability: false, timeouts: {implicit: 0, pageLoad: 300000, script: 30000}, unhandledPromptBehavior: dismiss and notify}
Session ID: e402d798-72a5-48c9-b09a-e45d51ef9147
	at jdk.internal.reflect.GeneratedConstructorAccessor28.newInstance(Unknown Source)
	at java.base/jdk.internal.reflect.DelegatingConstructorAccessorImpl.newInstance(DelegatingConstructorAccessorImpl.java:45)
	at java.base/java.lang.reflect.Constructor.newInstanceWithCaller(Constructor.java:500)
	at java.base/java.lang.reflect.Constructor.newInstance(Constructor.java:481)
	at org.openqa.selenium.remote.codec.w3c.W3CHttpResponseCodec.createException(W3CHttpResponseCodec.java:198)
	at org.openqa.selenium.remote.codec.w3c.W3CHttpResponseCodec.decode(W3CHttpResponseCodec.java:131)
	at org.openqa.selenium.remote.codec.w3c.W3CHttpResponseCodec.decode(W3CHttpResponseCodec.java:52)
	at org.openqa.selenium.remote.HttpCommandExecutor.execute(HttpCommandExecutor.java:184)
	at org.openqa.selenium.remote.service.DriverCommandExecutor.invokeExecute(DriverCommandExecutor.java:153)
	at org.openqa.selenium.remote.service.DriverCommandExecutor.execute(DriverCommandExecutor.java:128)
	at org.openqa.selenium.remote.RemoteWebDriver.execute(RemoteWebDriver.java:619)
	at org.openqa.selenium.remote.RemoteWebDriver$Mechanism$2.findElement(RemoteWebDriver.java:1258)
	at org.openqa.selenium.remote.RemoteWebDriver.findElement(RemoteWebDriver.java:386)
	at org.openqa.selenium.remote.RemoteWebDriver.findElement(RemoteWebDriver.java:380)
	at org.openqa.selenium.support.ui.ExpectedConditions$6.apply(ExpectedConditions.java:174)
	at org.openqa.selenium.support.ui.ExpectedConditions$6.apply(ExpectedConditions.java:171)
	at org.openqa.selenium.support.ui.FluentWait.until(FluentWait.java:208)
	... 19 more
</pre></div></td>
<td>19</td>
<td>com.tms.tests.LoginPageTest@2f7298b</td></tr>
</table><p>
<table width='100%' border='1' class='invocation-passed'>
<tr><td colspan='4' align='center'><b>PASSED TESTS</b></td></tr>
<tr><td><b>Test method</b></td>
<td width="30%"><b>Exception</b></td>
<td width="10%"><b>Time (seconds)</b></td>
<td><b>Instance</b></td>
</tr>
<tr>
<td title='com.tms.tests.SortingListPage.CourseCodeColumnHeadertoSortingGridList()'><b>CourseCodeColumnHeadertoSortingGridList</b><br>Test class: com.tms.tests.SortingListPage<br>Test method: Verify Sorting is perform is working or not<br>Parameters: {FeesPaid=, Email=, Computer Navigation Skill=, Unit=, Scheduleinfodesc=, linkedIn URL=, reference=, password=123456, Billing Address=, Remarks=, Postalcode=, Street=, Education Qualification=, confirmpassword=, Name2=, Threshold=, Contact Number=, Date Of Birth=, Company Contact Person=, Meal Restrictions Type=, Billing Country=, testname=CourseCodeColumnHeadertoSortingGridList, execute=yes, Experience=, submenu=, newpassword1=, name=, Block=, name1=, Building=, Salary=, Description=, phonenumber=, EnterText=, Course Brochure Determined=, Company Contact Person Number=, Learning Mode=, Deadline Date=, browser=firefox, Mobile No=, Email1=, Nric=, Sponsored=, Domain Area of Practice=, Room=, Billing Email=, email=, Age=, Floor=, Designation=, Maxintakesize=, menuname=Student Enrolment, Coursecode=, Company Contact Person Email=, Coursevacdesc=, Scheduleinformation=, Company SME=, TPGateway=, Billing Zip=, Minintakesize=, Nationality=, Payment Amount=, oldpassword1=, Company Name=, coursecode=, Meal Restrictions=, username=superadmin@mail.com, Scheduleinfo=}</td>
<td></td>
<td>7</td>
<td>com.tms.tests.SortingListPage@20ce78ec</td></tr>
<tr>
<td title='com.tms.tests.SortingListPage.EmailColumnHeadertoSortingGridList()'><b>EmailColumnHeadertoSortingGridList</b><br>Test class: com.tms.tests.SortingListPage<br>Test method: Verify Sorting is perform is working or not<br>Parameters: {FeesPaid=, Email=, Computer Navigation Skill=, Unit=, Scheduleinfodesc=, linkedIn URL=, reference=, password=123456, Billing Address=, Remarks=, Postalcode=, Street=, Education Qualification=, confirmpassword=, Name2=, Threshold=, Contact Number=, Date Of Birth=, Company Contact Person=, Meal Restrictions Type=, Billing Country=, testname=EmailColumnHeadertoSortingGridList, execute=yes, Experience=, submenu=, newpassword1=, name=, Block=, name1=, Building=, Salary=, Description=, phonenumber=, EnterText=, Course Brochure Determined=, Company Contact Person Number=, Learning Mode=, Deadline Date=, browser=firefox, Mobile No=, Email1=, Nric=, Sponsored=, Domain Area of Practice=, Room=, Billing Email=, email=, Age=, Floor=, Designation=, Maxintakesize=, menuname=Student Enrolment, Coursecode=, Company Contact Person Email=, Coursevacdesc=, Scheduleinformation=, Company SME=, TPGateway=, Billing Zip=, Minintakesize=, Nationality=, Payment Amount=, oldpassword1=, Company Name=, coursecode=, Meal Restrictions=, username=superadmin@mail.com, Scheduleinfo=}</td>
<td></td>
<td>5</td>
<td>com.tms.tests.SortingListPage@20ce78ec</td></tr>
<tr>
<td title='com.tms.tests.DashboardPageTest.Menutest()'><b>Menutest</b><br>Test class: com.tms.tests.DashboardPageTest<br>Test method: wheather the menutest working or not<br>Parameters: {FeesPaid=, Email=, Computer Navigation Skill=, Unit=, Scheduleinfodesc=, linkedIn URL=, reference=, password=123456, Billing Address=, Remarks=, Postalcode=, Street=, Education Qualification=, confirmpassword=, Name2=, Threshold=, Contact Number=, Date Of Birth=, Company Contact Person=, Meal Restrictions Type=, Billing Country=, testname=menutest, execute=yes, Experience=, submenu=, newpassword1=, name=, Block=, name1=, Building=, Salary=, Description=, phonenumber=, EnterText=, Course Brochure Determined=, Company Contact Person Number=, Learning Mode=, Deadline Date=, browser=firefox, Mobile No=, Email1=, Nric=, Sponsored=, Domain Area of Practice=, Room=, Billing Email=, email=, Age=, Floor=, Designation=, Maxintakesize=, menuname=Dashboard, Coursecode=, Company Contact Person Email=, Coursevacdesc=, Scheduleinformation=, Company SME=, TPGateway=, Billing Zip=, Minintakesize=, Nationality=, Payment Amount=, oldpassword1=, Company Name=, coursecode=, Meal Restrictions=, username=superadmin@mail.com, Scheduleinfo=}</td>
<td></td>
<td>7</td>
<td>com.tms.tests.DashboardPageTest@188715b5</td></tr>
<tr>
<td title='com.tms.tests.DashboardPageTest.Menutest1()'><b>Menutest1</b><br>Test class: com.tms.tests.DashboardPageTest<br>Test method: wheather the menutest working or not<br>Parameters: {FeesPaid=, Email=, Computer Navigation Skill=, Unit=, Scheduleinfodesc=, linkedIn URL=, reference=, password=123456, Billing Address=, Remarks=, Postalcode=, Street=, Education Qualification=, confirmpassword=, Name2=, Threshold=, Contact Number=, Date Of Birth=, Company Contact Person=, Meal Restrictions Type=, Billing Country=, testname=menutest1, execute=yes, Experience=, submenu=, newpassword1=, name=, Block=, name1=, Building=, Salary=, Description=, phonenumber=, EnterText=, Course Brochure Determined=, Company Contact Person Number=, Learning Mode=, Deadline Date=, browser=firefox, Mobile No=, Email1=, Nric=, Sponsored=, Domain Area of Practice=, Room=, Billing Email=, email=, Age=, Floor=, Designation=, Maxintakesize=, menuname=Venue, Coursecode=, Company Contact Person Email=, Coursevacdesc=, Scheduleinformation=, Company SME=, TPGateway=, Billing Zip=, Minintakesize=, Nationality=, Payment Amount=, oldpassword1=, Company Name=, coursecode=, Meal Restrictions=, username=superadmin@mail.com, Scheduleinfo=}</td>
<td></td>
<td>4</td>
<td>com.tms.tests.DashboardPageTest@188715b5</td></tr>
<tr>
<td title='com.tms.tests.DashboardPageTest.Menutest2()'><b>Menutest2</b><br>Test class: com.tms.tests.DashboardPageTest<br>Test method: wheather the menutest working or not<br>Parameters: {FeesPaid=, Email=, Computer Navigation Skill=, Unit=, Scheduleinfodesc=, linkedIn URL=, reference=, password=123456, Billing Address=, Remarks=, Postalcode=, Street=, Education Qualification=, confirmpassword=, Name2=, Threshold=, Contact Number=, Date Of Birth=, Company Contact Person=, Meal Restrictions Type=, Billing Country=, testname=menutest2, execute=yes, Experience=, submenu=, newpassword1=, name=, Block=, name1=, Building=, Salary=, Description=, phonenumber=, EnterText=, Course Brochure Determined=, Company Contact Person Number=, Learning Mode=, Deadline Date=, browser=firefox, Mobile No=, Email1=, Nric=, Sponsored=, Domain Area of Practice=, Room=, Billing Email=, email=, Age=, Floor=, Designation=, Maxintakesize=, menuname=Student Enrolment, Coursecode=, Company Contact Person Email=, Coursevacdesc=, Scheduleinformation=, Company SME=, TPGateway=, Billing Zip=, Minintakesize=, Nationality=, Payment Amount=, oldpassword1=, Company Name=, coursecode=, Meal Restrictions=, username=superadmin@mail.com, Scheduleinfo=}</td>
<td></td>
<td>4</td>
<td>com.tms.tests.DashboardPageTest@188715b5</td></tr>
<tr>
<td title='com.tms.tests.DashboardPageTest.Menutest3()'><b>Menutest3</b><br>Test class: com.tms.tests.DashboardPageTest<br>Test method: wheather the menutest working or not<br>Parameters: {FeesPaid=, Email=, Computer Navigation Skill=, Unit=, Scheduleinfodesc=, linkedIn URL=, reference=, password=123456, Billing Address=, Remarks=, Postalcode=, Street=, Education Qualification=, confirmpassword=, Name2=, Threshold=, Contact Number=, Date Of Birth=, Company Contact Person=, Meal Restrictions Type=, Billing Country=, testname=menutest3, execute=yes, Experience=, submenu=, newpassword1=, name=, Block=, name1=, Building=, Salary=, Description=, phonenumber=, EnterText=, Course Brochure Determined=, Company Contact Person Number=, Learning Mode=, Deadline Date=, browser=firefox, Mobile No=, Email1=, Nric=, Sponsored=, Domain Area of Practice=, Room=, Billing Email=, email=, Age=, Floor=, Designation=, Maxintakesize=, menuname=Students, Coursecode=, Company Contact Person Email=, Coursevacdesc=, Scheduleinformation=, Company SME=, TPGateway=, Billing Zip=, Minintakesize=, Nationality=, Payment Amount=, oldpassword1=, Company Name=, coursecode=, Meal Restrictions=, username=superadmin@mail.com, Scheduleinfo=}</td>
<td></td>
<td>5</td>
<td>com.tms.tests.DashboardPageTest@188715b5</td></tr>
<tr>
<td title='com.tms.tests.DashboardPageTest.Menutest5()'><b>Menutest5</b><br>Test class: com.tms.tests.DashboardPageTest<br>Test method: wheather the menutest working or not<br>Parameters: {FeesPaid=, Email=, Computer Navigation Skill=, Unit=, Scheduleinfodesc=, linkedIn URL=, reference=, password=123456, Billing Address=, Remarks=, Postalcode=, Street=, Education Qualification=, confirmpassword=, Name2=, Threshold=, Contact Number=, Date Of Birth=, Company Contact Person=, Meal Restrictions Type=, Billing Country=, testname=menutest5, execute=yes, Experience=, submenu=, newpassword1=, name=, Block=, name1=, Building=, Salary=, Description=, phonenumber=, EnterText=, Course Brochure Determined=, Company Contact Person Number=, Learning Mode=, Deadline Date=, browser=firefox, Mobile No=, Email1=, Nric=, Sponsored=, Domain Area of Practice=, Room=, Billing Email=, email=, Age=, Floor=, Designation=, Maxintakesize=, menuname=Payments, Coursecode=, Company Contact Person Email=, Coursevacdesc=, Scheduleinformation=, Company SME=, TPGateway=, Billing Zip=, Minintakesize=, Nationality=, Payment Amount=, oldpassword1=, Company Name=, coursecode=, Meal Restrictions=, username=superadmin@mail.com, Scheduleinfo=}</td>
<td></td>
<td>3</td>
<td>com.tms.tests.DashboardPageTest@188715b5</td></tr>
<tr>
<td title='com.tms.tests.SortingListPage.SortingNRICColumnHeaderGridList()'><b>SortingNRICColumnHeaderGridList</b><br>Test class: com.tms.tests.SortingListPage<br>Test method: Verify Sorting is perform is working or not<br>Parameters: {FeesPaid=, Email=, Computer Navigation Skill=, Unit=, Scheduleinfodesc=, linkedIn URL=, reference=, password=123456, Billing Address=, Remarks=, Postalcode=, Street=, Education Qualification=, confirmpassword=, Name2=, Threshold=, Contact Number=, Date Of Birth=, Company Contact Person=, Meal Restrictions Type=, Billing Country=, testname=SortingNRICColumnHeaderGridList, execute=yes, Experience=, submenu=, newpassword1=, name=, Block=, name1=, Building=, Salary=, Description=, phonenumber=, EnterText=, Course Brochure Determined=, Company Contact Person Number=, Learning Mode=, Deadline Date=, browser=firefox, Mobile No=, Email1=, Nric=, Sponsored=, Domain Area of Practice=, Room=, Billing Email=, email=, Age=, Floor=, Designation=, Maxintakesize=, menuname=Student Enrolment, Coursecode=, Company Contact Person Email=, Coursevacdesc=, Scheduleinformation=, Company SME=, TPGateway=, Billing Zip=, Minintakesize=, Nationality=, Payment Amount=, oldpassword1=, Company Name=, coursecode=, Meal Restrictions=, username=superadmin@mail.com, Scheduleinfo=}</td>
<td></td>
<td>6</td>
<td>com.tms.tests.SortingListPage@20ce78ec</td></tr>
<tr>
<td title='com.tms.tests.SortingListPage.SortingStudentEnrollmentGridList()'><b>SortingStudentEnrollmentGridList</b><br>Test class: com.tms.tests.SortingListPage<br>Test method: Verify Sorting is perform is working or not<br>Parameters: {FeesPaid=, Email=, Computer Navigation Skill=, Unit=, Scheduleinfodesc=, linkedIn URL=, reference=, password=123456, Billing Address=, Remarks=, Postalcode=, Street=, Education Qualification=, confirmpassword=, Name2=, Threshold=, Contact Number=, Date Of Birth=, Company Contact Person=, Meal Restrictions Type=, Billing Country=, testname=SortingStudentEnrollmentGridList, execute=yes, Experience=, submenu=, newpassword1=, name=, Block=, name1=, Building=, Salary=, Description=, phonenumber=, EnterText=, Course Brochure Determined=, Company Contact Person Number=, Learning Mode=, Deadline Date=, browser=firefox, Mobile No=, Email1=, Nric=, Sponsored=, Domain Area of Practice=, Room=, Billing Email=, email=, Age=, Floor=, Designation=, Maxintakesize=, menuname=Student Enrolment, Coursecode=, Company Contact Person Email=, Coursevacdesc=, Scheduleinformation=, Company SME=, TPGateway=, Billing Zip=, Minintakesize=, Nationality=, Payment Amount=, oldpassword1=, Company Name=, coursecode=, Meal Restrictions=, username=superadmin@mail.com, Scheduleinfo=}</td>
<td></td>
<td>5</td>
<td>com.tms.tests.SortingListPage@20ce78ec</td></tr>
<tr>
<td title='com.tms.tests.DashboardPageTest.SubMenutest()'><b>SubMenutest</b><br>Test class: com.tms.tests.DashboardPageTest<br>Test method: wheather the submenutest working or not<br>Parameters: {FeesPaid=, Email=, Computer Navigation Skill=, Unit=, Scheduleinfodesc=, linkedIn URL=, reference=, password=123456, Billing Address=, Remarks=, Postalcode=, Street=, Education Qualification=, confirmpassword=, Name2=, Threshold=, Contact Number=, Date Of Birth=, Company Contact Person=, Meal Restrictions Type=, Billing Country=, testname=submenutest, execute=yes, Experience=, submenu=Staff, newpassword1=, name=, Block=, name1=, Building=, Salary=, Description=, phonenumber=, EnterText=, Course Brochure Determined=, Company Contact Person Number=, Learning Mode=, Deadline Date=, browser=firefox, Mobile No=, Email1=, Nric=, Sponsored=, Domain Area of Practice=, Room=, Billing Email=, email=, Age=, Floor=, Designation=, Maxintakesize=, menuname=Users, Coursecode=, Company Contact Person Email=, Coursevacdesc=, Scheduleinformation=, Company SME=, TPGateway=, Billing Zip=, Minintakesize=, Nationality=, Payment Amount=, oldpassword1=, Company Name=, coursecode=, Meal Restrictions=, username=superadmin@mail.com, Scheduleinfo=}</td>
<td></td>
<td>3</td>
<td>com.tms.tests.DashboardPageTest@188715b5</td></tr>
<tr>
<td title='com.tms.tests.DashboardPageTest.SubMenutest1()'><b>SubMenutest1</b><br>Test class: com.tms.tests.DashboardPageTest<br>Test method: wheather the submenutest working or not<br>Parameters: {FeesPaid=, Email=, Computer Navigation Skill=, Unit=, Scheduleinfodesc=, linkedIn URL=, reference=, password=123456, Billing Address=, Remarks=, Postalcode=, Street=, Education Qualification=, confirmpassword=, Name2=, Threshold=, Contact Number=, Date Of Birth=, Company Contact Person=, Meal Restrictions Type=, Billing Country=, testname=submenutest1, execute=yes, Experience=, submenu=Trainer, newpassword1=, name=, Block=, name1=, Building=, Salary=, Description=, phonenumber=, EnterText=, Course Brochure Determined=, Company Contact Person Number=, Learning Mode=, Deadline Date=, browser=firefox, Mobile No=, Email1=, Nric=, Sponsored=, Domain Area of Practice=, Room=, Billing Email=, email=, Age=, Floor=, Designation=, Maxintakesize=, menuname=Users, Coursecode=, Company Contact Person Email=, Coursevacdesc=, Scheduleinformation=, Company SME=, TPGateway=, Billing Zip=, Minintakesize=, Nationality=, Payment Amount=, oldpassword1=, Company Name=, coursecode=, Meal Restrictions=, username=superadmin@mail.com, Scheduleinfo=}</td>
<td></td>
<td>3</td>
<td>com.tms.tests.DashboardPageTest@188715b5</td></tr>
<tr>
<td title='com.tms.tests.DashboardPageTest.VerifyChangePasswordTest()'><b>VerifyChangePasswordTest</b><br>Test class: com.tms.tests.DashboardPageTest<br>Test method: VerifyChangePasswordTest is working or not<br>Parameters: {FeesPaid=, Email=, Computer Navigation Skill=, Unit=, Scheduleinfodesc=, linkedIn URL=, reference=, password=123456, Billing Address=, Remarks=, Postalcode=, Street=, Education Qualification=, confirmpassword=      , Name2=, Threshold=, Contact Number=, Date Of Birth=, Company Contact Person=, Meal Restrictions Type=, Billing Country=, testname=VerifyChangePasswordTest, execute=yes, Experience=, submenu=, newpassword1=                , name=, Block=, name1=, Building=, Salary=, Description=, phonenumber=, EnterText=, Course Brochure Determined=, Company Contact Person Number=, Learning Mode=, Deadline Date=, browser=firefox, Mobile No=, Email1=, Nric=, Sponsored=, Domain Area of Practice=, Room=, Billing Email=, email=, Age=, Floor=, Designation=, Maxintakesize=, menuname=, Coursecode=, Company Contact Person Email=, Coursevacdesc=, Scheduleinformation=, Company SME=, TPGateway=, Billing Zip=, Minintakesize=, Nationality=, Payment Amount=, oldpassword1=           , Company Name=, coursecode=, Meal Restrictions=, username=superadmin@mail.com, Scheduleinfo=}</td>
<td></td>
<td>8</td>
<td>com.tms.tests.DashboardPageTest@188715b5</td></tr>
<tr>
<td title='com.tms.tests.DashboardPageTest.VerifyChangePasswordTest()'><b>VerifyChangePasswordTest</b><br>Test class: com.tms.tests.DashboardPageTest<br>Test method: VerifyChangePasswordTest is working or not<br>Parameters: {FeesPaid=, Email=, Computer Navigation Skill=, Unit=, Scheduleinfodesc=, linkedIn URL=, reference=, password=123456, Billing Address=, Remarks=, Postalcode=, Street=, Education Qualification=, confirmpassword=, Name2=, Threshold=, Contact Number=, Date Of Birth=, Company Contact Person=, Meal Restrictions Type=, Billing Country=, testname=VerifyChangePasswordTest, execute=yes, Experience=, submenu=, newpassword1=, name=, Block=, name1=, Building=, Salary=, Description=, phonenumber=, EnterText=, Course Brochure Determined=, Company Contact Person Number=, Learning Mode=, Deadline Date=, browser=firefox, Mobile No=, Email1=, Nric=, Sponsored=, Domain Area of Practice=, Room=, Billing Email=, email=, Age=, Floor=, Designation=, Maxintakesize=, menuname=, Coursecode=, Company Contact Person Email=, Coursevacdesc=, Scheduleinformation=, Company SME=, TPGateway=, Billing Zip=, Minintakesize=, Nationality=, Payment Amount=, oldpassword1=, Company Name=, coursecode=, Meal Restrictions=, username=superadmin@mail.com, Scheduleinfo=}</td>
<td></td>
<td>7</td>
<td>com.tms.tests.DashboardPageTest@188715b5</td></tr>
<tr>
<td title='com.tms.tests.DashboardPageTest.VerifyChangePasswordTest()'><b>VerifyChangePasswordTest</b><br>Test class: com.tms.tests.DashboardPageTest<br>Test method: VerifyChangePasswordTest is working or not<br>Parameters: {FeesPaid=, Email=, Computer Navigation Skill=, Unit=, Scheduleinfodesc=, linkedIn URL=, reference=, password=123456, Billing Address=, Remarks=, Postalcode=, Street=, Education Qualification=, confirmpassword=12345698, Name2=, Threshold=, Contact Number=, Date Of Birth=, Company Contact Person=, Meal Restrictions Type=, Billing Country=, testname=VerifyChangePasswordTest, execute=yes, Experience=, submenu=, newpassword1=12345, name=, Block=, name1=, Building=, Salary=, Description=, phonenumber=, EnterText=, Course Brochure Determined=, Company Contact Person Number=, Learning Mode=, Deadline Date=, browser=firefox, Mobile No=, Email1=, Nric=, Sponsored=, Domain Area of Practice=, Room=, Billing Email=, email=, Age=, Floor=, Designation=, Maxintakesize=, menuname=, Coursecode=, Company Contact Person Email=, Coursevacdesc=, Scheduleinformation=, Company SME=, TPGateway=, Billing Zip=, Minintakesize=, Nationality=, Payment Amount=, oldpassword1=12345678, Company Name=, coursecode=, Meal Restrictions=, username=superadmin@mail.com, Scheduleinfo=}</td>
<td></td>
<td>8</td>
<td>com.tms.tests.DashboardPageTest@188715b5</td></tr>
<tr>
<td title='com.tms.tests.DashboardPageTest.VerifyChangePasswordTest()'><b>VerifyChangePasswordTest</b><br>Test class: com.tms.tests.DashboardPageTest<br>Test method: VerifyChangePasswordTest is working or not<br>Parameters: {FeesPaid=, Email=, Computer Navigation Skill=, Unit=, Scheduleinfodesc=, linkedIn URL=, reference=, password=123456, Billing Address=, Remarks=, Postalcode=, Street=, Education Qualification=, confirmpassword=, Name2=, Threshold=, Contact Number=, Date Of Birth=, Company Contact Person=, Meal Restrictions Type=, Billing Country=, testname=VerifyChangePasswordTest, execute=yes, Experience=, submenu=, newpassword1=, name=, Block=, name1=, Building=, Salary=, Description=, phonenumber=, EnterText=, Course Brochure Determined=, Company Contact Person Number=, Learning Mode=, Deadline Date=, browser=firefox, Mobile No=, Email1=, Nric=, Sponsored=, Domain Area of Practice=, Room=, Billing Email=, email=, Age=, Floor=, Designation=, Maxintakesize=, menuname=, Coursecode=, Company Contact Person Email=, Coursevacdesc=, Scheduleinformation=, Company SME=, TPGateway=, Billing Zip=, Minintakesize=, Nationality=, Payment Amount=, oldpassword1=123456, Company Name=, coursecode=, Meal Restrictions=, username=superadmin@mail.com, Scheduleinfo=}</td>
<td></td>
<td>4</td>
<td>com.tms.tests.DashboardPageTest@188715b5</td></tr>
<tr>
<td title='com.tms.tests.DashboardPageTest.VerifyChangePasswordTest()'><b>VerifyChangePasswordTest</b><br>Test class: com.tms.tests.DashboardPageTest<br>Test method: VerifyChangePasswordTest is working or not<br>Parameters: {FeesPaid=, Email=, Computer Navigation Skill=, Unit=, Scheduleinfodesc=, linkedIn URL=, reference=, password=123456, Billing Address=, Remarks=, Postalcode=, Street=, Education Qualification=, confirmpassword=, Name2=, Threshold=, Contact Number=, Date Of Birth=, Company Contact Person=, Meal Restrictions Type=, Billing Country=, testname=VerifyChangePasswordTest, execute=yes, Experience=, submenu=, newpassword1=         , name=, Block=, name1=, Building=, Salary=, Description=, phonenumber=, EnterText=, Course Brochure Determined=, Company Contact Person Number=, Learning Mode=, Deadline Date=, browser=firefox, Mobile No=, Email1=, Nric=, Sponsored=, Domain Area of Practice=, Room=, Billing Email=, email=, Age=, Floor=, Designation=, Maxintakesize=, menuname=, Coursecode=, Company Contact Person Email=, Coursevacdesc=, Scheduleinformation=, Company SME=, TPGateway=, Billing Zip=, Minintakesize=, Nationality=, Payment Amount=, oldpassword1=123456, Company Name=, coursecode=, Meal Restrictions=, username=superadmin@mail.com, Scheduleinfo=}</td>
<td></td>
<td>4</td>
<td>com.tms.tests.DashboardPageTest@188715b5</td></tr>
<tr>
<td title='com.tms.tests.DashboardPageTest.VerifyChangePasswordTest()'><b>VerifyChangePasswordTest</b><br>Test class: com.tms.tests.DashboardPageTest<br>Test method: VerifyChangePasswordTest is working or not<br>Parameters: {FeesPaid=, Email=, Computer Navigation Skill=, Unit=, Scheduleinfodesc=, linkedIn URL=, reference=, password=123456, Billing Address=, Remarks=, Postalcode=, Street=, Education Qualification=, confirmpassword=            , Name2=, Threshold=, Contact Number=, Date Of Birth=, Company Contact Person=, Meal Restrictions Type=, Billing Country=, testname=VerifyChangePasswordTest, execute=yes, Experience=, submenu=, newpassword1=, name=, Block=, name1=, Building=, Salary=, Description=, phonenumber=, EnterText=, Course Brochure Determined=, Company Contact Person Number=, Learning Mode=, Deadline Date=, browser=firefox, Mobile No=, Email1=, Nric=, Sponsored=, Domain Area of Practice=, Room=, Billing Email=, email=, Age=, Floor=, Designation=, Maxintakesize=, menuname=, Coursecode=, Company Contact Person Email=, Coursevacdesc=, Scheduleinformation=, Company SME=, TPGateway=, Billing Zip=, Minintakesize=, Nationality=, Payment Amount=, oldpassword1=123456, Company Name=, coursecode=, Meal Restrictions=, username=superadmin@mail.com, Scheduleinfo=}</td>
<td></td>
<td>4</td>
<td>com.tms.tests.DashboardPageTest@188715b5</td></tr>
<tr>
<td title='com.tms.tests.DashboardPageTest.VerifyChangePasswordTest()'><b>VerifyChangePasswordTest</b><br>Test class: com.tms.tests.DashboardPageTest<br>Test method: VerifyChangePasswordTest is working or not<br>Parameters: {FeesPaid=, Email=, Computer Navigation Skill=, Unit=, Scheduleinfodesc=, linkedIn URL=, reference=, password=123456, Billing Address=, Remarks=, Postalcode=, Street=, Education Qualification=, confirmpassword=, Name2=, Threshold=, Contact Number=, Date Of Birth=, Company Contact Person=, Meal Restrictions Type=, Billing Country=, testname=VerifyChangePasswordTest, execute=yes, Experience=, submenu=, newpassword1=abcdef, name=, Block=, name1=, Building=, Salary=, Description=, phonenumber=, EnterText=, Course Brochure Determined=, Company Contact Person Number=, Learning Mode=, Deadline Date=, browser=firefox, Mobile No=, Email1=, Nric=, Sponsored=, Domain Area of Practice=, Room=, Billing Email=, email=, Age=, Floor=, Designation=, Maxintakesize=, menuname=, Coursecode=, Company Contact Person Email=, Coursevacdesc=, Scheduleinformation=, Company SME=, TPGateway=, Billing Zip=, Minintakesize=, Nationality=, Payment Amount=, oldpassword1=123456, Company Name=, coursecode=, Meal Restrictions=, username=superadmin@mail.com, Scheduleinfo=}</td>
<td></td>
<td>7</td>
<td>com.tms.tests.DashboardPageTest@188715b5</td></tr>
<tr>
<td title='com.tms.tests.DashboardPageTest.VerifyChangePasswordTest()'><b>VerifyChangePasswordTest</b><br>Test class: com.tms.tests.DashboardPageTest<br>Test method: VerifyChangePasswordTest is working or not<br>Parameters: {FeesPaid=, Email=, Computer Navigation Skill=, Unit=, Scheduleinfodesc=, linkedIn URL=, reference=, password=123456, Billing Address=, Remarks=, Postalcode=, Street=, Education Qualification=, confirmpassword=abcdef, Name2=, Threshold=, Contact Number=, Date Of Birth=, Company Contact Person=, Meal Restrictions Type=, Billing Country=, testname=VerifyChangePasswordTest, execute=yes, Experience=, submenu=, newpassword1=, name=, Block=, name1=, Building=, Salary=, Description=, phonenumber=, EnterText=, Course Brochure Determined=, Company Contact Person Number=, Learning Mode=, Deadline Date=, browser=firefox, Mobile No=, Email1=, Nric=, Sponsored=, Domain Area of Practice=, Room=, Billing Email=, email=, Age=, Floor=, Designation=, Maxintakesize=, menuname=, Coursecode=, Company Contact Person Email=, Coursevacdesc=, Scheduleinformation=, Company SME=, TPGateway=, Billing Zip=, Minintakesize=, Nationality=, Payment Amount=, oldpassword1=123456, Company Name=, coursecode=, Meal Restrictions=, username=superadmin@mail.com, Scheduleinfo=}</td>
<td></td>
<td>6</td>
<td>com.tms.tests.DashboardPageTest@188715b5</td></tr>
<tr>
<td title='com.tms.tests.DashboardPageTest.VerifyChangePasswordTest()'><b>VerifyChangePasswordTest</b><br>Test class: com.tms.tests.DashboardPageTest<br>Test method: VerifyChangePasswordTest is working or not<br>Parameters: {FeesPaid=, Email=, Computer Navigation Skill=, Unit=, Scheduleinfodesc=, linkedIn URL=, reference=, password=123456, Billing Address=, Remarks=, Postalcode=, Street=, Education Qualification=, confirmpassword=abcdef, Name2=, Threshold=, Contact Number=, Date Of Birth=, Company Contact Person=, Meal Restrictions Type=, Billing Country=, testname=VerifyChangePasswordTest, execute=yes, Experience=, submenu=, newpassword1=123456, name=, Block=, name1=, Building=, Salary=, Description=, phonenumber=, EnterText=, Course Brochure Determined=, Company Contact Person Number=, Learning Mode=, Deadline Date=, browser=firefox, Mobile No=, Email1=, Nric=, Sponsored=, Domain Area of Practice=, Room=, Billing Email=, email=, Age=, Floor=, Designation=, Maxintakesize=, menuname=, Coursecode=, Company Contact Person Email=, Coursevacdesc=, Scheduleinformation=, Company SME=, TPGateway=, Billing Zip=, Minintakesize=, Nationality=, Payment Amount=, oldpassword1=abcdef, Company Name=, coursecode=, Meal Restrictions=, username=superadmin@mail.com, Scheduleinfo=}</td>
<td></td>
<td>4</td>
<td>com.tms.tests.DashboardPageTest@188715b5</td></tr>
<tr>
<td title='com.tms.tests.DashboardPageTest.VerifyChangePasswordTest()'><b>VerifyChangePasswordTest</b><br>Test class: com.tms.tests.DashboardPageTest<br>Test method: VerifyChangePasswordTest is working or not<br>Parameters: {FeesPaid=, Email=, Computer Navigation Skill=, Unit=, Scheduleinfodesc=, linkedIn URL=, reference=, password=123456, Billing Address=, Remarks=, Postalcode=, Street=, Education Qualification=, confirmpassword=123456, Name2=, Threshold=, Contact Number=, Date Of Birth=, Company Contact Person=, Meal Restrictions Type=, Billing Country=, testname=VerifyChangePasswordTest, execute=yes, Experience=, submenu=, newpassword1=123456, name=, Block=, name1=, Building=, Salary=, Description=, phonenumber=, EnterText=, Course Brochure Determined=, Company Contact Person Number=, Learning Mode=, Deadline Date=, browser=firefox, Mobile No=, Email1=, Nric=, Sponsored=, Domain Area of Practice=, Room=, Billing Email=, email=, Age=, Floor=, Designation=, Maxintakesize=, menuname=, Coursecode=, Company Contact Person Email=, Coursevacdesc=, Scheduleinformation=, Company SME=, TPGateway=, Billing Zip=, Minintakesize=, Nationality=, Payment Amount=, oldpassword1=123456, Company Name=, coursecode=, Meal Restrictions=, username=superadmin@mail.com, Scheduleinfo=}</td>
<td></td>
<td>8</td>
<td>com.tms.tests.DashboardPageTest@188715b5</td></tr>
<tr>
<td title='com.tms.tests.LoginPageTest.forgetpasswordlinktest()'><b>forgetpasswordlinktest</b><br>Test class: com.tms.tests.LoginPageTest<br>Test method: check forgetpassword link test<br>Parameters: {FeesPaid=, Email=, Computer Navigation Skill=, Unit=, Scheduleinfodesc=, linkedIn URL=, reference=, password=, Billing Address=, Remarks=, Postalcode=, Street=, Education Qualification=, confirmpassword=, Name2=, Threshold=, Contact Number=, Date Of Birth=, Company Contact Person=, Meal Restrictions Type=, Billing Country=, testname=forgetpasswordlinktest, execute=yes, Experience=, submenu=, newpassword1=, name=, Block=, name1=, Building=, Salary=, Description=, phonenumber=, EnterText=, Course Brochure Determined=, Company Contact Person Number=, Learning Mode=, Deadline Date=, browser=firefox, Mobile No=, Email1=, Nric=, Sponsored=, Domain Area of Practice=, Room=, Billing Email=, email=, Age=, Floor=, Designation=, Maxintakesize=, menuname=, Coursecode=, Company Contact Person Email=, Coursevacdesc=, Scheduleinformation=, Company SME=, TPGateway=, Billing Zip=, Minintakesize=, Nationality=, Payment Amount=, oldpassword1=, Company Name=, coursecode=, Meal Restrictions=, username=test@test.com, Scheduleinfo=}</td>
<td></td>
<td>4</td>
<td>com.tms.tests.LoginPageTest@2f7298b</td></tr>
<tr>
<td title='com.tms.tests.LoginPageTest.forgetpasswordlinktest2()'><b>forgetpasswordlinktest2</b><br>Test class: com.tms.tests.LoginPageTest<br>Test method: check forgetpassword link test<br>Parameters: {FeesPaid=, Email=, Computer Navigation Skill=, Unit=, Scheduleinfodesc=, linkedIn URL=, reference=, password=, Billing Address=, Remarks=, Postalcode=, Street=, Education Qualification=, confirmpassword=, Name2=, Threshold=, Contact Number=, Date Of Birth=, Company Contact Person=, Meal Restrictions Type=, Billing Country=, testname=forgetpasswordlinktest2, execute=yes, Experience=, submenu=, newpassword1=, name=, Block=, name1=, Building=, Salary=, Description=, phonenumber=, EnterText=, Course Brochure Determined=, Company Contact Person Number=, Learning Mode=, Deadline Date=, browser=firefox, Mobile No=, Email1=, Nric=, Sponsored=, Domain Area of Practice=, Room=, Billing Email=, email=, Age=, Floor=, Designation=, Maxintakesize=, menuname=, Coursecode=, Company Contact Person Email=, Coursevacdesc=, Scheduleinformation=, Company SME=, TPGateway=, Billing Zip=, Minintakesize=, Nationality=, Payment Amount=, oldpassword1=, Company Name=, coursecode=, Meal Restrictions=, username=nikhil, Scheduleinfo=}</td>
<td></td>
<td>4</td>
<td>com.tms.tests.LoginPageTest@2f7298b</td></tr>
<tr>
<td title='com.tms.tests.LoginPageTest.loginlogouttest()'><b>loginlogouttest</b><br>Test class: com.tms.tests.LoginPageTest<br>Test method: To check wheather the user can successfully login and logout<br>Parameters: {FeesPaid=, Email=, Computer Navigation Skill=, Unit=, Scheduleinfodesc=, linkedIn URL=, reference=, password=, Billing Address=, Remarks=, Postalcode=, Street=, Education Qualification=, confirmpassword=, Name2=, Threshold=, Contact Number=, Date Of Birth=, Company Contact Person=, Meal Restrictions Type=, Billing Country=, testname=loginlogouttest, execute=yes, Experience=, submenu=, newpassword1=, name=, Block=, name1=, Building=, Salary=, Description=, phonenumber=, EnterText=, Course Brochure Determined=, Company Contact Person Number=, Learning Mode=, Deadline Date=, browser=firefox, Mobile No=, Email1=, Nric=, Sponsored=, Domain Area of Practice=, Room=, Billing Email=, email=, Age=, Floor=, Designation=, Maxintakesize=, menuname=, Coursecode=, Company Contact Person Email=, Coursevacdesc=, Scheduleinformation=, Company SME=, TPGateway=, Billing Zip=, Minintakesize=, Nationality=, Payment Amount=, oldpassword1=, Company Name=, coursecode=, Meal Restrictions=, username=superadmin@mail.com, Scheduleinfo=}</td>
<td></td>
<td>0</td>
<td>com.tms.tests.LoginPageTest@2f7298b</td></tr>
<tr>
<td title='com.tms.tests.LoginPageTest.loginlogouttest()'><b>loginlogouttest</b><br>Test class: com.tms.tests.LoginPageTest<br>Test method: To check wheather the user can successfully login and logout<br>Parameters: {FeesPaid=, Email=, Computer Navigation Skill=, Unit=, Scheduleinfodesc=, linkedIn URL=, reference=, password=123456, Billing Address=, Remarks=, Postalcode=, Street=, Education Qualification=, confirmpassword=, Name2=, Threshold=, Contact Number=, Date Of Birth=, Company Contact Person=, Meal Restrictions Type=, Billing Country=, testname=loginlogouttest, execute=yes, Experience=, submenu=, newpassword1=, name=, Block=, name1=, Building=, Salary=, Description=, phonenumber=, EnterText=, Course Brochure Determined=, Company Contact Person Number=, Learning Mode=, Deadline Date=, browser=firefox, Mobile No=, Email1=, Nric=, Sponsored=, Domain Area of Practice=, Room=, Billing Email=, email=, Age=, Floor=, Designation=, Maxintakesize=, menuname=, Coursecode=, Company Contact Person Email=, Coursevacdesc=, Scheduleinformation=, Company SME=, TPGateway=, Billing Zip=, Minintakesize=, Nationality=, Payment Amount=, oldpassword1=, Company Name=, coursecode=, Meal Restrictions=, username=, Scheduleinfo=}</td>
<td></td>
<td>0</td>
<td>com.tms.tests.LoginPageTest@2f7298b</td></tr>
<tr>
<td title='com.tms.tests.LoginPageTest.loginlogouttest()'><b>loginlogouttest</b><br>Test class: com.tms.tests.LoginPageTest<br>Test method: To check wheather the user can successfully login and logout<br>Parameters: {FeesPaid=, Email=, Computer Navigation Skill=, Unit=, Scheduleinfodesc=, linkedIn URL=, reference=, password=123456, Billing Address=, Remarks=, Postalcode=, Street=, Education Qualification=, confirmpassword=, Name2=, Threshold=, Contact Number=, Date Of Birth=, Company Contact Person=, Meal Restrictions Type=, Billing Country=, testname=loginlogouttest, execute=yes, Experience=, submenu=, newpassword1=, name=, Block=, name1=, Building=, Salary=, Description=, phonenumber=, EnterText=, Course Brochure Determined=, Company Contact Person Number=, Learning Mode=, Deadline Date=, browser=firefox, Mobile No=, Email1=, Nric=, Sponsored=, Domain Area of Practice=, Room=, Billing Email=, email=, Age=, Floor=, Designation=, Maxintakesize=, menuname=, Coursecode=, Company Contact Person Email=, Coursevacdesc=, Scheduleinformation=, Company SME=, TPGateway=, Billing Zip=, Minintakesize=, Nationality=, Payment Amount=, oldpassword1=, Company Name=, coursecode=, Meal Restrictions=, username=superadmin@mail.com, Scheduleinfo=}</td>
<td></td>
<td>2</td>
<td>com.tms.tests.LoginPageTest@2f7298b</td></tr>
<tr>
<td title='com.tms.tests.LoginPageTest.loginlogouttest1()'><b>loginlogouttest1</b><br>Test class: com.tms.tests.LoginPageTest<br>Test method: To check wheather the user can successfully login and logout<br>Parameters: {FeesPaid=, Email=, Computer Navigation Skill=, Unit=, Scheduleinfodesc=, linkedIn URL=, reference=, password=123456, Billing Address=, Remarks=, Postalcode=, Street=, Education Qualification=, confirmpassword=, Name2=, Threshold=, Contact Number=, Date Of Birth=, Company Contact Person=, Meal Restrictions Type=, Billing Country=, testname=loginlogouttest1, execute=yes, Experience=, submenu=, newpassword1=, name=, Block=, name1=, Building=, Salary=, Description=, phonenumber=, EnterText=, Course Brochure Determined=, Company Contact Person Number=, Learning Mode=, Deadline Date=, browser=firefox, Mobile No=, Email1=, Nric=, Sponsored=, Domain Area of Practice=, Room=, Billing Email=, email=, Age=, Floor=, Designation=, Maxintakesize=, menuname=, Coursecode=, Company Contact Person Email=, Coursevacdesc=, Scheduleinformation=, Company SME=, TPGateway=, Billing Zip=, Minintakesize=, Nationality=, Payment Amount=, oldpassword1=, Company Name=, coursecode=, Meal Restrictions=, username=superadmin@mail.com, Scheduleinfo=}</td>
<td></td>
<td>5</td>
<td>com.tms.tests.LoginPageTest@2f7298b</td></tr>
<tr>
<td title='com.tms.tests.LoginPageTest.loginlogouttest2()'><b>loginlogouttest2</b><br>Test class: com.tms.tests.LoginPageTest<br>Test method: To check wheather the user can successfully login and logout<br>Parameters: {FeesPaid=, Email=, Computer Navigation Skill=, Unit=, Scheduleinfodesc=, linkedIn URL=, reference=, password=123456, Billing Address=, Remarks=, Postalcode=, Street=, Education Qualification=, confirmpassword=, Name2=, Threshold=, Contact Number=, Date Of Birth=, Company Contact Person=, Meal Restrictions Type=, Billing Country=, testname=loginlogouttest2, execute=yes, Experience=, submenu=, newpassword1=, name=, Block=, name1=, Building=, Salary=, Description=, phonenumber=, EnterText=, Course Brochure Determined=, Company Contact Person Number=, Learning Mode=, Deadline Date=, browser=firefox, Mobile No=, Email1=, Nric=, Sponsored=, Domain Area of Practice=, Room=, Billing Email=, email=, Age=, Floor=, Designation=, Maxintakesize=, menuname=, Coursecode=, Company Contact Person Email=, Coursevacdesc=, Scheduleinformation=, Company SME=, TPGateway=, Billing Zip=, Minintakesize=, Nationality=, Payment Amount=, oldpassword1=, Company Name=, coursecode=, Meal Restrictions=, username=                     , Scheduleinfo=}</td>
<td></td>
<td>1</td>
<td>com.tms.tests.LoginPageTest@2f7298b</td></tr>
<tr>
<td title='com.tms.tests.LoginPageTest.loginlogouttest3()'><b>loginlogouttest3</b><br>Test class: com.tms.tests.LoginPageTest<br>Test method: To check wheather the user can successfully login and logout<br>Parameters: {FeesPaid=, Email=, Computer Navigation Skill=, Unit=, Scheduleinfodesc=, linkedIn URL=, reference=, password=                , Billing Address=, Remarks=, Postalcode=, Street=, Education Qualification=, confirmpassword=, Name2=, Threshold=, Contact Number=, Date Of Birth=, Company Contact Person=, Meal Restrictions Type=, Billing Country=, testname=loginlogouttest3, execute=yes, Experience=, submenu=, newpassword1=, name=, Block=, name1=, Building=, Salary=, Description=, phonenumber=, EnterText=, Course Brochure Determined=, Company Contact Person Number=, Learning Mode=, Deadline Date=, browser=firefox, Mobile No=, Email1=, Nric=, Sponsored=, Domain Area of Practice=, Room=, Billing Email=, email=, Age=, Floor=, Designation=, Maxintakesize=, menuname=, Coursecode=, Company Contact Person Email=, Coursevacdesc=, Scheduleinformation=, Company SME=, TPGateway=, Billing Zip=, Minintakesize=, Nationality=, Payment Amount=, oldpassword1=, Company Name=, coursecode=, Meal Restrictions=, username=superadmin@mail.com, Scheduleinfo=}</td>
<td></td>
<td>2</td>
<td>com.tms.tests.LoginPageTest@2f7298b</td></tr>
<tr>
<td title='com.tms.tests.LoginPageTest.loginlogouttest4()'><b>loginlogouttest4</b><br>Test class: com.tms.tests.LoginPageTest<br>Test method: To check wheather the user can successfully login and logout<br>Parameters: {FeesPaid=, Email=, Computer Navigation Skill=, Unit=, Scheduleinfodesc=, linkedIn URL=, reference=, password=123456, Billing Address=, Remarks=, Postalcode=, Street=, Education Qualification=, confirmpassword=, Name2=, Threshold=, Contact Number=, Date Of Birth=, Company Contact Person=, Meal Restrictions Type=, Billing Country=, testname=loginlogouttest4, execute=yes, Experience=, submenu=, newpassword1=, name=, Block=, name1=, Building=, Salary=, Description=, phonenumber=, EnterText=, Course Brochure Determined=, Company Contact Person Number=, Learning Mode=, Deadline Date=, browser=firefox, Mobile No=, Email1=, Nric=, Sponsored=, Domain Area of Practice=, Room=, Billing Email=, email=, Age=, Floor=, Designation=, Maxintakesize=, menuname=, Coursecode=, Company Contact Person Email=, Coursevacdesc=, Scheduleinformation=, Company SME=, TPGateway=, Billing Zip=, Minintakesize=, Nationality=, Payment Amount=, oldpassword1=, Company Name=, coursecode=, Meal Restrictions=, username=test@test.com, Scheduleinfo=}</td>
<td></td>
<td>1</td>
<td>com.tms.tests.LoginPageTest@2f7298b</td></tr>
<tr>
<td title='com.tms.tests.LoginPageTest.loginlogouttest4()'><b>loginlogouttest4</b><br>Test class: com.tms.tests.LoginPageTest<br>Test method: To check wheather the user can successfully login and logout<br>Parameters: {FeesPaid=, Email=, Computer Navigation Skill=, Unit=, Scheduleinfodesc=, linkedIn URL=, reference=, password=124525, Billing Address=, Remarks=, Postalcode=, Street=, Education Qualification=, confirmpassword=, Name2=, Threshold=, Contact Number=, Date Of Birth=, Company Contact Person=, Meal Restrictions Type=, Billing Country=, testname=loginlogouttest4, execute=yes, Experience=, submenu=, newpassword1=, name=, Block=, name1=, Building=, Salary=, Description=, phonenumber=, EnterText=, Course Brochure Determined=, Company Contact Person Number=, Learning Mode=, Deadline Date=, browser=firefox, Mobile No=, Email1=, Nric=, Sponsored=, Domain Area of Practice=, Room=, Billing Email=, email=, Age=, Floor=, Designation=, Maxintakesize=, menuname=, Coursecode=, Company Contact Person Email=, Coursevacdesc=, Scheduleinformation=, Company SME=, TPGateway=, Billing Zip=, Minintakesize=, Nationality=, Payment Amount=, oldpassword1=, Company Name=, coursecode=, Meal Restrictions=, username=superadmin@mail.com, Scheduleinfo=}</td>
<td></td>
<td>2</td>
<td>com.tms.tests.LoginPageTest@2f7298b</td></tr>
</table><p>
</body>
</html>